
<!DOCTYPE html>
<html>


<head>
	<meta charset='UTF-8' /> 
	<meta name='description' content='' />
	<meta name='robots' content='noodp, noydir' />
	<meta name='viewport' content='width=device-width, initial-scale=1' />
	<meta id="timeStampFormat" name="timeStampFormat" content='MMM d, yyyy hh:mm:ss a'/>
	
	<link href='https://fonts.googleapis.com/css?family=Source+Sans+Pro:400,600' rel='stylesheet' type='text/css'>
	<link href="https://fonts.googleapis.com/icon?family=Material+Icons" rel="stylesheet">

		<link href='https://cdn.rawgit.com/anshooarora/extentreports-java/6d3843c29c354373fafad29c03a1a89b7e06c374/dist/css/extent.css' type='text/css' rel='stylesheet' />
	
	<title>ExtentReports</title>

</head>

	<body class='extent standard default hide-overflow bdd-report'>
		<div id='theme-selector' alt='Click to toggle theme. To enable by default, use theme configuration.' title='Click to toggle theme. To enable by default, use theme configuration.'>
			<span><i class='material-icons'>desktop_windows</i></span>
		</div>

<nav>
	<div class="nav-wrapper">
		<a href="#!" class="brand-logo blue darken-3">Extent</a>

		<!-- slideout menu -->
		<ul id='slide-out' class='side-nav fixed hide-on-med-and-down'>
			<li class='waves-effect active'><a href='#!' view='test-view' onclick="configureView(0);chartsView('test');"><i class='material-icons'>dashboard</i></a></li>
						<li class='waves-effect'><a href='#!' view='category-view' onclick="configureView(1)"><i class='material-icons'>label_outline</i></a></li>
			<li class='waves-effect'><a href='#!' view='exception-view' onclick="configureView(2)"><i class='material-icons'>bug_report</i></a></li>
			<li class='waves-effect'><a href='#!' onclick="configureView(-1);chartsView('dashboard');" view='dashboard-view'><i class='material-icons'>track_changes</i></i></a></li>
			<li class='waves-effect'><a href='#!' onclick="configureView(-1)" view='testrunner-logs-view'><i class='material-icons'>note</i></a></li>
		</ul>

		<!-- report name -->
		<span class='report-name'>Cucumber Report</span>
		
		<!-- report headline -->
		<span class='report-headline'></span>

		<!-- nav-right -->
		<ul id='nav-mobile' class='right hide-on-med-and-down nav-right'>
			<li>
                <a href='#!'>
                    <span class='label suite-start-time blue darken-3'>May 2, 2019 09:50:28 PM</span>
				</a>
			</li>
			<li>
                <a href='#!'>
                    <span class='label blue darken-3'>v3.0.6</span>
				</a>
			</li>
		</ul>
	</div>
</nav>

		<!-- container -->
		<div class='container'>

<div id='test-view' class='view'>
				
	<section id='controls'>
		<div class='controls grey lighten-4'>
			<!-- test toggle -->
			<div class='chip transparent'>
				<a class='dropdown-button tests-toggle' data-activates='tests-toggle' data-constrainwidth='true' data-beloworigin='true' data-hover='true' href='#'>
					<i class='material-icons'>warning</i> Status
				</a>
				<ul id='tests-toggle' class='dropdown-content'>
											<li status='pass'><a href='#!'>Pass <i class='material-icons green-text'>check_circle</i></a></li>
						<li status='fail'><a href='#!'>Fail <i class='material-icons red-text'>cancel</i></a></li>
						<li status='skip'><a href='#!'>Skip <i class='material-icons cyan-text'>redo</i></a></li>
					<li class='divider'></li>
					<li status='clear' clear='true'><a href='#!'>Clear Filters <i class='material-icons'>clear</i></a></li>
				</ul>
			</div>
			<!-- test toggle -->

			<!-- category toggle -->
			<div class='chip transparent'>
				<a class='dropdown-button category-toggle' data-activates='category-toggle' data-constrainwidth='false' data-beloworigin='true' data-hover='true' href='#'>
					<i class='material-icons'>local_offer</i> Category
				</a>
				<ul id='category-toggle' class='dropdown-content'>
					<li><a href='#'>@GloabalCartFeature</a></li>
					<li><a href='#'>@GlobalCart</a></li>
					<li><a href='#'>@P1</a></li>
					<li><a href='#'>@HomePageFeature</a></li>
					<li><a href='#'>@HomePage</a></li>
					<li><a href='#'>@ProductDetailPageFeature</a></li>
					<li><a href='#'>@PDP</a></li>
					<li><a href='#'>@ProductListFeature</a></li>
					<li><a href='#'>@ProductList</a></li>
					<li><a href='#'>@QuickShopFeature</a></li>
					<li><a href='#'>@QuickShop</a></li>
					<li class='divider'></li>
					<li class='clear'><a href='#!' clear='true'>Clear Filters</a></li>
				</ul>
			</div>
			<!-- category toggle -->

			<!-- clear filters -->
			<div class='chip transparent hide'>
				<a class='' id='clear-filters' alt='Clear Filters' title='Clear Filters'>
					<i class='material-icons'>close</i> Clear
				</a>
			</div>
			<!-- clear filters -->

			<!-- enable dashboard -->
			<div id='toggle-test-view-charts' class='chip transparent'>
				<a class='pink-text' id='enable-dashboard' alt='Enable Dashboard' title='Enable Dashboard'>
					<i class='material-icons'>track_changes</i> Dashboard
				</a>
			</div>
			<!-- enable dashboard -->

			<!-- search -->
			<div class='chip transparent' alt='Search Tests' title='Search Tests'>
				<a href="#" class='search-div'>
					<i class='material-icons'>search</i> Search
				</a>

				<div class='input-field left hide'>
					<input id='search-tests' type='text' class='validate browser-default' placeholder='Search Tests...'>
				</div>
				
			</div>
			<!-- search -->
		</div>
	</section>


<div id='test-view-charts' class='subview-full'>
	<div id='charts-row' class='row nm-v nm-h'>
		<div class='col s12 m4 l4 np-h'>
			<div class='card-panel nm-v'>
				<div class='left panel-name'>Features</div>
				<div class='chart-box'>
					<canvas id='parent-analysis' width='100' height='80'></canvas>
				</div>
				<div class='block text-small'>
					<span class='tooltipped' data-position='top' data-tooltip='0%'><span class='strong'>0</span> feature(s) passed</span>
				</div>
				<div class='block text-small'>
					<span class='strong tooltipped' data-position='top' data-tooltip='100%'>5</span> feature(s) failed, <span class='strong tooltipped' data-position='top' data-tooltip='0%'>0</span> others
				</div>
			</div>
		</div>
		
		<div class='col s12 m4 l4 np-h'>
			<div class='card-panel nm-v'>
				<div class='left panel-name'>Scenarios</div>
				<div class='chart-box'>
					<canvas id='child-analysis' width='100' height='80'></canvas>
				</div>
				<div class='block text-small'>
					<span class='tooltipped' data-position='top' data-tooltip='72.5%'><span class='strong'>29</span> scenario(s) passed</span>
				</div>
				<div class='block text-small'>
					<span class='strong tooltipped' data-position='top' data-tooltip='27.5%'>11</span> scenario(s) failed, <span class='strong tooltipped' data-position='top' data-tooltip='0%'>0</span> others
				</div>
			</div>
		</div>
		
		<div class='col s12 m4 l4 np-h'>
			<div class='card-panel nm-v'>
				<div class='left panel-name'>Steps</div>
				<div class='chart-box'>
					<canvas id='grandchild-analysis' width='100' height='80'></canvas>
				</div>
				<div class='block text-small'>
					<span class='tooltipped' data-position='top' data-tooltip='89.333%'><span class='strong'>268</span> step(s) passed</span>
				</div>
				<div class='block text-small'>
					<span class='strong tooltipped' data-position='top' data-tooltip='3.667%'>11</span> step(s) failed, <span class='strong tooltipped' data-position='top' data-tooltip='7%'>21</span> others
				</div>
			</div>
		</div>
	</div>
</div>

	<div class='subview-left left'>
		
		<div class='view-summary'>
			<h5>Features</h5>
			<ul id='test-collection' class='test-collection'>
				
				
				<li class='test displayed active has-leaf fail' status='fail' bdd='true' test-id='1'>
					<div class='test-heading'>
						<span class='test-name'>Verify multiple scenarios on Home Page</span>
						<span class='test-time'>May 2, 2019 09:50:28 PM</span>
						<span class='test-status right fail'>fail</span>
					</div>
					<div class='test-content hide'>
<div class='scenario node' test-id='2' status='pass'>
	<div class='category-list'>
		<span class='category label white-text'>@GlobalCart</span>
		<span class='category label white-text'>@P1</span>
	</div>
	<span class='duration right label'>0h 0m 47s+733ms</span>
	<div class='desc'>
		<b>Scenario</b>
		<span class="desc-text">Verify Your Shopping basket is empty is displaying if cart has no products</span>
	</div>
	<ul class='steps'>
		<li test-id='3' class='node given pass' status='pass'>
			
			<b>Given</b>
			
			<span class="bdd-step-name">Given I open the given website</span>
				<div class='pre'>passed</div>
			
		</li>
		<li test-id='4' class='node then pass' status='pass'>
			
			<b>Then</b>
			
			<span class="bdd-step-name">Then verify the Url</span>
				<div class='pre'>passed</div>
			
		</li>
		<li test-id='5' class='node when pass' status='pass'>
			
			<b>When</b>
			
			<span class="bdd-step-name">When I hover on the cart icon</span>
				<div class='pre'>passed</div>
			
		</li>
		<li test-id='6' class='node then pass' status='pass'>
			
			<b>Then</b>
			
			<span class="bdd-step-name">Then it displays Your Shopping basket is empty</span>
				<div class='pre'>passed</div>
			
		</li>
	</ul>
</div>
<div class='scenario node' test-id='7' status='pass'>
	<div class='category-list'>
		<span class='category label white-text'>@GlobalCart</span>
		<span class='category label white-text'>@P1</span>
	</div>
	<span class='duration right label'>0h 1m 1s+734ms</span>
	<div class='desc'>
		<b>Scenario</b>
		<span class="desc-text">Verify on clicking add to cart button on product detail page/quick shop page products gets added to global cart</span>
	</div>
	<ul class='steps'>
		<li test-id='8' class='node given pass' status='pass'>
			
			<b>Given</b>
			
			<span class="bdd-step-name">Given I open the given website</span>
				<div class='pre'>passed</div>
			
		</li>
		<li test-id='9' class='node then pass' status='pass'>
			
			<b>Then</b>
			
			<span class="bdd-step-name">Then verify the Url</span>
				<div class='pre'>passed</div>
			
		</li>
		<li test-id='10' class='node when pass' status='pass'>
			
			<b>When</b>
			
			<span class="bdd-step-name">When I navigate to normal product page</span>
				<div class='pre'>passed</div>
			
		</li>
		<li test-id='11' class='node then pass' status='pass'>
			
			<b>Then</b>
			
			<span class="bdd-step-name">Then Add to cart button is visible</span>
				<div class='pre'>passed</div>
			
		</li>
		<li test-id='12' class='node when pass' status='pass'>
			
			<b>When</b>
			
			<span class="bdd-step-name">When I click on cart button</span>
				<div class='pre'>passed</div>
			
		</li>
		<li test-id='13' class='node then pass' status='pass'>
			
			<b>Then</b>
			
			<span class="bdd-step-name">Then product gets added to global cart</span>
				<div class='pre'>passed</div>
			
		</li>
	</ul>
</div>
<div class='scenario node' test-id='14' status='fail'>
	<div class='category-list'>
		<span class='category label white-text'>@GlobalCart</span>
		<span class='category label white-text'>@P1</span>
	</div>
	<span class='duration right label'>0h 1m 5s+800ms</span>
	<div class='desc'>
		<b>Scenario</b>
		<span class="desc-text">Verify quantity / price each / price / Subtotal is displaying correct in global cart</span>
	</div>
	<ul class='steps'>
		<li test-id='15' class='node given pass' status='pass'>
			
			<b>Given</b>
			
			<span class="bdd-step-name">Given I open the given website</span>
				<div class='pre'>passed</div>
			
		</li>
		<li test-id='16' class='node then pass' status='pass'>
			
			<b>Then</b>
			
			<span class="bdd-step-name">Then verify the Url</span>
				<div class='pre'>passed</div>
			
		</li>
		<li test-id='17' class='node when pass' status='pass'>
			
			<b>When</b>
			
			<span class="bdd-step-name">When I navigate to normal product page</span>
				<div class='pre'>passed</div>
			
		</li>
		<li test-id='18' class='node then pass' status='pass'>
			
			<b>Then</b>
			
			<span class="bdd-step-name">Then Add to cart button is visible</span>
				<div class='pre'>passed</div>
			
		</li>
		<li test-id='19' class='node when pass' status='pass'>
			
			<b>When</b>
			
			<span class="bdd-step-name">When I click on cart button</span>
				<div class='pre'>passed</div>
			
		</li>
		<li test-id='20' class='node then fail' status='fail'>
			
			<b>Then</b>
			
			<span class="bdd-step-name">Then quantity / price each / price / Subtotal is displaying correct in global cart</span>
				<div class='pre'><pre>org.openqa.selenium.NoSuchElementException: no such element: Unable to locate element: {"method":"xpath","selector":"(//span[@class='is-not-ranged mz-price is-crossedout'])[2]"}
  (Session info: chrome=73.0.3683.103)
  (Driver info: chromedriver=2.40.565498 (ea082db3280dd6843ebfb08a625e3eb905c4f5ab),platform=Windows NT 6.1.7601 SP1 x86_64) (WARNING: The server did not provide any stacktrace information)
Command duration or timeout: 0 milliseconds
For documentation on this error, please visit: http://seleniumhq.org/exceptions/no_such_element.html
Build info: version: '3.5.1', revision: '9c21bb67ef', time: '2017-08-17T15:26:08.955Z'
System info: host: 'TRANTOR114', ip: '172.16.254.198', os.name: 'Windows 7', os.arch: 'amd64', os.version: '6.1', java.version: '1.8.0_171'
Driver info: org.openqa.selenium.chrome.ChromeDriver
Capabilities [{mobileEmulationEnabled=false, hasTouchScreen=false, platform=XP, acceptSslCerts=false, acceptInsecureCerts=false, webStorageEnabled=true, browserName=chrome, takesScreenshot=true, javascriptEnabled=true, setWindowRect=true, unexpectedAlertBehaviour=, applicationCacheEnabled=false, rotatable=false, networkConnectionEnabled=false, chrome={chromedriverVersion=2.40.565498 (ea082db3280dd6843ebfb08a625e3eb905c4f5ab), userDataDir=C:\Users\VIBHAV~1.GUP\AppData\Local\Temp\scoped_dir6136_17722}, takesHeapSnapshot=true, pageLoadStrategy=normal, unhandledPromptBehavior=, databaseEnabled=false, handlesAlerts=true, version=73.0.3683.103, browserConnectionEnabled=false, nativeEvents=true, locationContextEnabled=true, cssSelectorsEnabled=true}]
Session ID: 832d53212f9abc881ab7a199072ca620
*** Element info: {Using=xpath, value=(//span[@class='is-not-ranged mz-price is-crossedout'])[2]}
	at sun.reflect.NativeConstructorAccessorImpl.newInstance0(Native Method)
	at sun.reflect.NativeConstructorAccessorImpl.newInstance(NativeConstructorAccessorImpl.java:62)
	at sun.reflect.DelegatingConstructorAccessorImpl.newInstance(DelegatingConstructorAccessorImpl.java:45)
	at java.lang.reflect.Constructor.newInstance(Constructor.java:423)
	at org.openqa.selenium.remote.ErrorHandler.createThrowable(ErrorHandler.java:215)
	at org.openqa.selenium.remote.ErrorHandler.throwIfResponseFailed(ErrorHandler.java:167)
	at org.openqa.selenium.remote.http.JsonHttpResponseCodec.reconstructValue(JsonHttpResponseCodec.java:40)
	at org.openqa.selenium.remote.http.AbstractHttpResponseCodec.decode(AbstractHttpResponseCodec.java:82)
	at org.openqa.selenium.remote.http.AbstractHttpResponseCodec.decode(AbstractHttpResponseCodec.java:45)
	at org.openqa.selenium.remote.HttpCommandExecutor.execute(HttpCommandExecutor.java:164)
	at org.openqa.selenium.remote.service.DriverCommandExecutor.execute(DriverCommandExecutor.java:82)
	at org.openqa.selenium.remote.RemoteWebDriver.execute(RemoteWebDriver.java:641)
	at org.openqa.selenium.remote.RemoteWebDriver.findElement(RemoteWebDriver.java:414)
	at org.openqa.selenium.remote.RemoteWebDriver.findElementByXPath(RemoteWebDriver.java:513)
	at org.openqa.selenium.By$ByXPath.findElement(By.java:361)
	at org.openqa.selenium.remote.RemoteWebDriver.findElement(RemoteWebDriver.java:406)
	at org.openqa.selenium.support.pagefactory.DefaultElementLocator.findElement(DefaultElementLocator.java:69)
	at org.openqa.selenium.support.pagefactory.internal.LocatingElementHandler.invoke(LocatingElementHandler.java:38)
	at com.sun.proxy.$Proxy22.getText(Unknown Source)
	at step_definitions.GlobalCart.quantity_price_each_price_Subtotal_is_displaying_correct_in_global_cart(GlobalCart.java:75)
	at ?.Then quantity / price each / price / Subtotal is displaying correct in global cart(features/GlobalCart.feature:25)
</pre></div>
			
		</li>
		<li test-id='21' class='node then skip' status='skip'>
			
			<b>Then</b>
			
			<span class="bdd-step-name">Then item level discount is applied and total is calcualated for that particular item after deducting item level discount</span>
			<ul class='screenshots right'>
				<li><a data-featherlight="image" href="E:\projects\Strand\ExecutionReports\FailedScreenshots\ScreenShot_1556814205017.png"><i class='material-icons'>panorama</i></a></li>
			</ul>
				<div class='pre'>skipped</div>
			
		</li>
	</ul>
</div>
<div class='scenario node' test-id='22' status='pass'>
	<div class='category-list'>
		<span class='category label white-text'>@GlobalCart</span>
		<span class='category label white-text'>@P1</span>
	</div>
	<span class='duration right label'>0h 1m 27s+971ms</span>
	<div class='desc'>
		<b>Scenario</b>
		<span class="desc-text">Verify view cart button and checkout button and save Cart is working in global cart</span>
	</div>
	<ul class='steps'>
		<li test-id='23' class='node given pass' status='pass'>
			
			<b>Given</b>
			
			<span class="bdd-step-name">Given I open the given website</span>
				<div class='pre'>passed</div>
			
		</li>
		<li test-id='24' class='node then pass' status='pass'>
			
			<b>Then</b>
			
			<span class="bdd-step-name">Then verify the Url</span>
				<div class='pre'>passed</div>
			
		</li>
		<li test-id='25' class='node when pass' status='pass'>
			
			<b>When</b>
			
			<span class="bdd-step-name">When I navigate to normal product page</span>
				<div class='pre'>passed</div>
			
		</li>
		<li test-id='26' class='node then pass' status='pass'>
			
			<b>Then</b>
			
			<span class="bdd-step-name">Then Add to cart button is visible</span>
				<div class='pre'>passed</div>
			
		</li>
		<li test-id='27' class='node when pass' status='pass'>
			
			<b>When</b>
			
			<span class="bdd-step-name">When I click on cart button</span>
				<div class='pre'>passed</div>
			
		</li>
		<li test-id='28' class='node then pass' status='pass'>
			
			<b>Then</b>
			
			<span class="bdd-step-name">Then product gets added to global cart</span>
				<div class='pre'>passed</div>
			
		</li>
		<li test-id='29' class='node when pass' status='pass'>
			
			<b>When</b>
			
			<span class="bdd-step-name">When I click on View cart button</span>
				<div class='pre'>passed</div>
			
		</li>
		<li test-id='30' class='node then pass' status='pass'>
			
			<b>Then</b>
			
			<span class="bdd-step-name">Then it navigates to basket page</span>
				<div class='pre'>passed</div>
			
		</li>
		<li test-id='31' class='node when pass' status='pass'>
			
			<b>When</b>
			
			<span class="bdd-step-name">When I click on checkout button</span>
				<div class='pre'>passed</div>
			
		</li>
		<li test-id='32' class='node then pass' status='pass'>
			
			<b>Then</b>
			
			<span class="bdd-step-name">Then it navigates to Checkout page</span>
				<div class='pre'>passed</div>
			
		</li>
		<li test-id='33' class='node when pass' status='pass'>
			
			<b>When</b>
			
			<span class="bdd-step-name">When I click on Save Cart button</span>
				<div class='pre'>passed</div>
			
		</li>
		<li test-id='34' class='node then pass' status='pass'>
			
			<b>Then</b>
			
			<span class="bdd-step-name">Then it displays login menu.</span>
				<div class='pre'>passed</div>
			
		</li>
	</ul>
</div>
<div class='scenariooutline node' test-id='35' status='pass'>
	<span class='duration right label'>0h 1m 35s+567ms</span>
	<div class='desc'>
		<b>ScenarioOutline</b>
		<span class="desc-text">Verify on clicking checkout button it redirects to checkout page - For registered user</span>
	</div>
	<ul class='steps'>
		<li test-id='36' class='node scenario pass' status='pass'>
			<div class='category-list'>
				<span class='category label white-text'>@P1</span>
				<span class='category label white-text'>@GloabalCartFeature</span>
				<span class='category label white-text'>@GlobalCart</span>
			</div>
			
			<b>Scenario</b>
			
			<span class="bdd-step-name">Verify on clicking checkout button it redirects to checkout page - For registered user</span>
			
				<ul class='steps'>
					<li test-id='37' class='node given pass' status='pass'><b>Given</b>
						<span class="bdd-step-name">Given I open the given website</span>
							<div class='pre'>passed</div>
					</li>
					<li test-id='38' class='node then pass' status='pass'><b>Then</b>
						<span class="bdd-step-name">Then verify the Url</span>
							<div class='pre'>passed</div>
					</li>
					<li test-id='39' class='node when pass' status='pass'><b>When</b>
						<span class="bdd-step-name">When I click on Login icon</span>
							<div class='pre'>passed</div>
					</li>
					<li test-id='40' class='node and pass' status='pass'><b>And</b>
						<span class="bdd-step-name">And I enter username as "mmsuk@gmail.com" and password as "automation@123"</span>
							<div class='pre'>passed</div>
					</li>
					<li test-id='41' class='node and pass' status='pass'><b>And</b>
						<span class="bdd-step-name">And I click on Sign in button</span>
							<div class='pre'>passed</div>
					</li>
					<li test-id='42' class='node then pass' status='pass'><b>Then</b>
						<span class="bdd-step-name">Then I am successfully logged in</span>
							<div class='pre'>passed</div>
					</li>
					<li test-id='43' class='node when pass' status='pass'><b>When</b>
						<span class="bdd-step-name">When I navigate to normal product page</span>
							<div class='pre'>passed</div>
					</li>
					<li test-id='44' class='node then pass' status='pass'><b>Then</b>
						<span class="bdd-step-name">Then Add to cart button is visible</span>
							<div class='pre'>passed</div>
					</li>
					<li test-id='45' class='node when pass' status='pass'><b>When</b>
						<span class="bdd-step-name">When I click on cart button</span>
							<div class='pre'>passed</div>
					</li>
					<li test-id='46' class='node then pass' status='pass'><b>Then</b>
						<span class="bdd-step-name">Then product gets added to global cart</span>
							<div class='pre'>passed</div>
					</li>
					<li test-id='47' class='node when pass' status='pass'><b>When</b>
						<span class="bdd-step-name">When I click on checkout button</span>
							<div class='pre'>passed</div>
					</li>
					<li test-id='48' class='node then pass' status='pass'><b>Then</b>
						<span class="bdd-step-name">Then it navigates to Checkout page</span>
							<div class='pre'>passed</div>
					</li>
				</ul>
		</li>
	</ul>
</div>
					</div>
				</li>
				
				
				<li class='test displayed active has-leaf fail' status='fail' bdd='true' test-id='49'>
					<div class='test-heading'>
						<span class='test-name'>Verify multiple scenarios on Home Page</span>
						<span class='test-time'>May 2, 2019 09:56:35 PM</span>
						<span class='test-status right fail'>fail</span>
					</div>
					<div class='test-content hide'>
<div class='scenario node' test-id='50' status='pass'>
	<div class='category-list'>
		<span class='category label white-text'>@HomePage</span>
		<span class='category label white-text'>@P1</span>
	</div>
	<span class='duration right label'>0h 0m 45s+507ms</span>
	<div class='desc'>
		<b>Scenario</b>
		<span class="desc-text">Verify click on logo of the website is working and redirect on home page</span>
	</div>
	<ul class='steps'>
		<li test-id='51' class='node given pass' status='pass'>
			
			<b>Given</b>
			
			<span class="bdd-step-name">Given I open the given website</span>
				<div class='pre'>passed</div>
			
		</li>
		<li test-id='52' class='node then pass' status='pass'>
			
			<b>Then</b>
			
			<span class="bdd-step-name">Then verify the Url</span>
				<div class='pre'>passed</div>
			
		</li>
		<li test-id='53' class='node when pass' status='pass'>
			
			<b>When</b>
			
			<span class="bdd-step-name">When I click on logo of the website</span>
				<div class='pre'>passed</div>
			
		</li>
		<li test-id='54' class='node then pass' status='pass'>
			
			<b>Then</b>
			
			<span class="bdd-step-name">Then it redirects me to the Home Page</span>
				<div class='pre'>passed</div>
			
		</li>
	</ul>
</div>
<div class='scenario node' test-id='55' status='fail'>
	<div class='category-list'>
		<span class='category label white-text'>@HomePage</span>
		<span class='category label white-text'>@P1</span>
	</div>
	<span class='duration right label'>0h 1m 0s+137ms</span>
	<div class='desc'>
		<b>Scenario</b>
		<span class="desc-text">Verify flag icon is clickable and on clicking any country it redirects to specific country site</span>
	</div>
	<ul class='steps'>
		<li test-id='56' class='node given pass' status='pass'>
			
			<b>Given</b>
			
			<span class="bdd-step-name">Given I open the given website</span>
				<div class='pre'>passed</div>
			
		</li>
		<li test-id='57' class='node then pass' status='pass'>
			
			<b>Then</b>
			
			<span class="bdd-step-name">Then verify the Url</span>
				<div class='pre'>passed</div>
			
		</li>
		<li test-id='58' class='node when pass' status='pass'>
			
			<b>When</b>
			
			<span class="bdd-step-name">When I click on flag icon</span>
				<div class='pre'>passed</div>
			
		</li>
		<li test-id='59' class='node then fail' status='fail'>
			
			<b>Then</b>
			
			<span class="bdd-step-name">Then it redirects to specific country site</span>
			<ul class='screenshots right'>
				<li><a data-featherlight="image" href="E:\projects\Strand\ExecutionReports\FailedScreenshots\ScreenShot_1556814502012.png"><i class='material-icons'>panorama</i></a></li>
			</ul>
				<div class='pre'><textarea>org.openqa.selenium.TimeoutException: Expected condition failed: waiting for visibility of [[ChromeDriver: chrome on XP (a895f210a19831e9f2202c892bc72bd2)] -> xpath: (//div[@class='country-item']//span)[7]] (tried for 20 second(s) with 500 MILLISECONDS interval)
Build info: version: '3.5.1', revision: '9c21bb67ef', time: '2017-08-17T15:26:08.955Z'
System info: host: 'TRANTOR114', ip: '172.16.254.198', os.name: 'Windows 7', os.arch: 'amd64', os.version: '6.1', java.version: '1.8.0_171'
Driver info: org.openqa.selenium.chrome.ChromeDriver
Capabilities [{mobileEmulationEnabled=false, hasTouchScreen=false, platform=XP, acceptSslCerts=false, acceptInsecureCerts=false, webStorageEnabled=true, browserName=chrome, takesScreenshot=true, javascriptEnabled=true, setWindowRect=true, unexpectedAlertBehaviour=, applicationCacheEnabled=false, rotatable=false, networkConnectionEnabled=false, chrome={chromedriverVersion=2.40.565498 (ea082db3280dd6843ebfb08a625e3eb905c4f5ab), userDataDir=C:\Users\VIBHAV~1.GUP\AppData\Local\Temp\scoped_dir5868_16312}, takesHeapSnapshot=true, pageLoadStrategy=normal, unhandledPromptBehavior=, databaseEnabled=false, handlesAlerts=true, version=73.0.3683.103, browserConnectionEnabled=false, nativeEvents=true, locationContextEnabled=true, cssSelectorsEnabled=true}]
Session ID: a895f210a19831e9f2202c892bc72bd2
	at org.openqa.selenium.support.ui.WebDriverWait.timeoutException(WebDriverWait.java:80)
	at org.openqa.selenium.support.ui.FluentWait.until(FluentWait.java:232)
	at helpers.GlobalUtil.waitForElementToBeClickable(GlobalUtil.java:102)
	at helpers.GlobalUtil.clickOnElementUsingJS(GlobalUtil.java:117)
	at step_definitions.homePage.it_redirects_to_specific_country_site(homePage.java:86)
	at ?.Then it redirects to specific country site(features/HomePage.feature:24)
</textarea></div>
			
		</li>
	</ul>
</div>
<div class='scenario node' test-id='60' status='pass'>
	<div class='category-list'>
		<span class='category label white-text'>@HomePage</span>
		<span class='category label white-text'>@P1</span>
	</div>
	<span class='duration right label'>0h 0m 42s+632ms</span>
	<div class='desc'>
		<b>Scenario</b>
		<span class="desc-text">Verify lite Login icon is clickable and working fine</span>
	</div>
	<ul class='steps'>
		<li test-id='61' class='node given pass' status='pass'>
			
			<b>Given</b>
			
			<span class="bdd-step-name">Given I open the given website</span>
				<div class='pre'>passed</div>
			
		</li>
		<li test-id='62' class='node then pass' status='pass'>
			
			<b>Then</b>
			
			<span class="bdd-step-name">Then verify the Url</span>
				<div class='pre'>passed</div>
			
		</li>
		<li test-id='63' class='node when pass' status='pass'>
			
			<b>When</b>
			
			<span class="bdd-step-name">When I click on Login icon</span>
				<div class='pre'>passed</div>
			
		</li>
		<li test-id='64' class='node then pass' status='pass'>
			
			<b>Then</b>
			
			<span class="bdd-step-name">Then it opens new Shopper Window</span>
				<div class='pre'>passed</div>
			
		</li>
	</ul>
</div>
<div class='scenario node' test-id='65' status='pass'>
	<div class='category-list'>
		<span class='category label white-text'>@HomePage</span>
		<span class='category label white-text'>@P1</span>
	</div>
	<span class='duration right label'>0h 0m 46s+395ms</span>
	<div class='desc'>
		<b>Scenario</b>
		<span class="desc-text">Verify cart icon is present and on hovering icon should show the items present in cart</span>
	</div>
	<ul class='steps'>
		<li test-id='66' class='node given pass' status='pass'>
			
			<b>Given</b>
			
			<span class="bdd-step-name">Given I open the given website</span>
				<div class='pre'>passed</div>
			
		</li>
		<li test-id='67' class='node then pass' status='pass'>
			
			<b>Then</b>
			
			<span class="bdd-step-name">Then verify the Url</span>
				<div class='pre'>passed</div>
			
		</li>
		<li test-id='68' class='node when pass' status='pass'>
			
			<b>When</b>
			
			<span class="bdd-step-name">When I hover on the cart icon</span>
				<div class='pre'>passed</div>
			
		</li>
		<li test-id='69' class='node then pass' status='pass'>
			
			<b>Then</b>
			
			<span class="bdd-step-name">Then it shows the cart contents</span>
				<div class='pre'>passed</div>
			
		</li>
	</ul>
</div>
<div class='scenario node' test-id='70' status='pass'>
	<div class='category-list'>
		<span class='category label white-text'>@HomePage</span>
		<span class='category label white-text'>@P1</span>
	</div>
	<span class='duration right label'>0h 0m 45s+657ms</span>
	<div class='desc'>
		<b>Scenario</b>
		<span class="desc-text">Verify Design your own button redirects to fluid page</span>
	</div>
	<ul class='steps'>
		<li test-id='71' class='node given pass' status='pass'>
			
			<b>Given</b>
			
			<span class="bdd-step-name">Given I open the given website</span>
				<div class='pre'>passed</div>
			
		</li>
		<li test-id='72' class='node then pass' status='pass'>
			
			<b>Then</b>
			
			<span class="bdd-step-name">Then verify the Url</span>
				<div class='pre'>passed</div>
			
		</li>
		<li test-id='73' class='node when pass' status='pass'>
			
			<b>When</b>
			
			<span class="bdd-step-name">When I click on Design your own button</span>
				<div class='pre'>passed</div>
			
		</li>
		<li test-id='74' class='node then pass' status='pass'>
			
			<b>Then</b>
			
			<span class="bdd-step-name">Then it redirects to fluid page</span>
				<div class='pre'>passed</div>
			
		</li>
	</ul>
</div>
<div class='scenario node' test-id='75' status='fail'>
	<div class='category-list'>
		<span class='category label white-text'>@HomePage</span>
		<span class='category label white-text'>@P1</span>
	</div>
	<span class='duration right label'>0h 1m 16s+443ms</span>
	<div class='desc'>
		<b>Scenario</b>
		<span class="desc-text">Verify all the parent categories are visible and redirects to specific page</span>
	</div>
	<ul class='steps'>
		<li test-id='76' class='node given pass' status='pass'>
			
			<b>Given</b>
			
			<span class="bdd-step-name">Given I open the given website</span>
				<div class='pre'>passed</div>
			
		</li>
		<li test-id='77' class='node then pass' status='pass'>
			
			<b>Then</b>
			
			<span class="bdd-step-name">Then verify the Url</span>
				<div class='pre'>passed</div>
			
		</li>
		<li test-id='78' class='node when pass' status='pass'>
			
			<b>When</b>
			
			<span class="bdd-step-name">When I click on shopByCategory menu</span>
				<div class='pre'>passed</div>
			
		</li>
		<li test-id='79' class='node then pass' status='pass'>
			
			<b>Then</b>
			
			<span class="bdd-step-name">Then it redirects to shopByCategory page</span>
				<div class='pre'>passed</div>
			
		</li>
		<li test-id='80' class='node when pass' status='pass'>
			
			<b>When</b>
			
			<span class="bdd-step-name">When I click on inspiration menu</span>
				<div class='pre'>passed</div>
			
		</li>
		<li test-id='81' class='node then pass' status='pass'>
			
			<b>Then</b>
			
			<span class="bdd-step-name">Then it redirects to inspiration page</span>
				<div class='pre'>passed</div>
			
		</li>
		<li test-id='82' class='node when fail' status='fail'>
			
			<b>When</b>
			
			<span class="bdd-step-name">When I click on experienceM&M menu</span>
				<div class='pre'><textarea>org.openqa.selenium.TimeoutException: Expected condition failed: waiting for visibility of [[ChromeDriver: chrome on XP (41d17f3dce0153a2a0fc3fb8f6f8274d)] -> xpath: (//a[contains(text(),'Experience')])[2]] (tried for 20 second(s) with 500 MILLISECONDS interval)
Build info: version: '3.5.1', revision: '9c21bb67ef', time: '2017-08-17T15:26:08.955Z'
System info: host: 'TRANTOR114', ip: '172.16.254.198', os.name: 'Windows 7', os.arch: 'amd64', os.version: '6.1', java.version: '1.8.0_171'
Driver info: org.openqa.selenium.chrome.ChromeDriver
Capabilities [{mobileEmulationEnabled=false, hasTouchScreen=false, platform=XP, acceptSslCerts=false, acceptInsecureCerts=false, webStorageEnabled=true, browserName=chrome, takesScreenshot=true, javascriptEnabled=true, setWindowRect=true, unexpectedAlertBehaviour=, applicationCacheEnabled=false, rotatable=false, networkConnectionEnabled=false, chrome={chromedriverVersion=2.40.565498 (ea082db3280dd6843ebfb08a625e3eb905c4f5ab), userDataDir=C:\Users\VIBHAV~1.GUP\AppData\Local\Temp\scoped_dir7700_10602}, takesHeapSnapshot=true, pageLoadStrategy=normal, unhandledPromptBehavior=, databaseEnabled=false, handlesAlerts=true, version=73.0.3683.103, browserConnectionEnabled=false, nativeEvents=true, locationContextEnabled=true, cssSelectorsEnabled=true}]
Session ID: 41d17f3dce0153a2a0fc3fb8f6f8274d
	at org.openqa.selenium.support.ui.WebDriverWait.timeoutException(WebDriverWait.java:80)
	at org.openqa.selenium.support.ui.FluentWait.until(FluentWait.java:232)
	at helpers.GlobalUtil.waitForElementToBeClickable(GlobalUtil.java:102)
	at helpers.GlobalUtil.clickOnElementUsingJS(GlobalUtil.java:117)
	at step_definitions.homePage.i_click_on_experienceM_M_menu(homePage.java:151)
	at ?.When I click on experienceM&M menu(features/HomePage.feature:48)
</textarea></div>
			
		</li>
		<li test-id='83' class='node then skip' status='skip'>
			
			<b>Then</b>
			
			<span class="bdd-step-name">Then it redirects to experienceM page</span>
				<div class='pre'>skipped</div>
			
		</li>
		<li test-id='84' class='node when skip' status='skip'>
			
			<b>When</b>
			
			<span class="bdd-step-name">When I click on forYourBusiness menu</span>
				<div class='pre'>skipped</div>
			
		</li>
		<li test-id='85' class='node then skip' status='skip'>
			
			<b>Then</b>
			
			<span class="bdd-step-name">Then it redirects to forYourBusiness page</span>
			<ul class='screenshots right'>
				<li><a data-featherlight="image" href="E:\projects\Strand\ExecutionReports\FailedScreenshots\ScreenShot_1556814720900.png"><i class='material-icons'>panorama</i></a></li>
			</ul>
				<div class='pre'>skipped</div>
			
		</li>
	</ul>
</div>
<div class='scenario node' test-id='86' status='pass'>
	<div class='category-list'>
		<span class='category label white-text'>@HomePage</span>
		<span class='category label white-text'>@P1</span>
	</div>
	<span class='duration right label'>0h 0m 54s+525ms</span>
	<div class='desc'>
		<b>Scenario</b>
		<span class="desc-text">Verify Sub-categories under parent categories are visible and redirects to specific page</span>
	</div>
	<ul class='steps'>
		<li test-id='87' class='node given pass' status='pass'>
			
			<b>Given</b>
			
			<span class="bdd-step-name">Given I open the given website</span>
				<div class='pre'>passed</div>
			
		</li>
		<li test-id='88' class='node then pass' status='pass'>
			
			<b>Then</b>
			
			<span class="bdd-step-name">Then verify the Url</span>
				<div class='pre'>passed</div>
			
		</li>
		<li test-id='89' class='node when pass' status='pass'>
			
			<b>When</b>
			
			<span class="bdd-step-name">When I click on gifts sub category under Shop By Category</span>
				<div class='pre'>passed</div>
			
		</li>
		<li test-id='90' class='node then pass' status='pass'>
			
			<b>Then</b>
			
			<span class="bdd-step-name">Then it redirects to its specific page</span>
				<div class='pre'>passed</div>
			
		</li>
	</ul>
</div>
<div class='scenario node' test-id='91' status='pass'>
	<div class='category-list'>
		<span class='category label white-text'>@HomePage</span>
		<span class='category label white-text'>@P1</span>
	</div>
	<span class='duration right label'>0h 1m 1s+396ms</span>
	<div class='desc'>
		<b>Scenario</b>
		<span class="desc-text">Verify all footer links are working and on clicking links user is redirected to specific page</span>
	</div>
	<ul class='steps'>
		<li test-id='92' class='node given pass' status='pass'>
			
			<b>Given</b>
			
			<span class="bdd-step-name">Given I open the given website</span>
				<div class='pre'>passed</div>
			
		</li>
		<li test-id='93' class='node then pass' status='pass'>
			
			<b>Then</b>
			
			<span class="bdd-step-name">Then verify the Url</span>
				<div class='pre'>passed</div>
			
		</li>
		<li test-id='94' class='node when pass' status='pass'>
			
			<b>When</b>
			
			<span class="bdd-step-name">When I click on Contact us</span>
				<div class='pre'>passed</div>
			
		</li>
		<li test-id='95' class='node then pass' status='pass'>
			
			<b>Then</b>
			
			<span class="bdd-step-name">Then it redirects to Contact us page</span>
				<div class='pre'>passed</div>
			
		</li>
		<li test-id='96' class='node when pass' status='pass'>
			
			<b>When</b>
			
			<span class="bdd-step-name">When I click on Order Status</span>
				<div class='pre'>passed</div>
			
		</li>
		<li test-id='97' class='node then pass' status='pass'>
			
			<b>Then</b>
			
			<span class="bdd-step-name">Then it redirects to Order Status page</span>
				<div class='pre'>passed</div>
			
		</li>
		<li test-id='98' class='node when pass' status='pass'>
			
			<b>When</b>
			
			<span class="bdd-step-name">When I click on FAQ</span>
				<div class='pre'>passed</div>
			
		</li>
		<li test-id='99' class='node then pass' status='pass'>
			
			<b>Then</b>
			
			<span class="bdd-step-name">Then it redirects to FAQ page</span>
				<div class='pre'>passed</div>
			
		</li>
		<li test-id='100' class='node when pass' status='pass'>
			
			<b>When</b>
			
			<span class="bdd-step-name">When I click on site Map</span>
				<div class='pre'>passed</div>
			
		</li>
		<li test-id='101' class='node then pass' status='pass'>
			
			<b>Then</b>
			
			<span class="bdd-step-name">Then it redirects to site Map page</span>
				<div class='pre'>passed</div>
			
		</li>
	</ul>
</div>
<div class='scenario node' test-id='102' status='pass'>
	<div class='category-list'>
		<span class='category label white-text'>@HomePage</span>
		<span class='category label white-text'>@P1</span>
	</div>
	<span class='duration right label'>0h 1m 10s+148ms</span>
	<div class='desc'>
		<b>Scenario</b>
		<span class="desc-text">Verify in footer social icons are visible and on clicking redirects to specific social page</span>
	</div>
	<ul class='steps'>
		<li test-id='103' class='node given pass' status='pass'>
			
			<b>Given</b>
			
			<span class="bdd-step-name">Given I open the given website</span>
				<div class='pre'>passed</div>
			
		</li>
		<li test-id='104' class='node then pass' status='pass'>
			
			<b>Then</b>
			
			<span class="bdd-step-name">Then verify the Url</span>
				<div class='pre'>passed</div>
			
		</li>
		<li test-id='105' class='node when pass' status='pass'>
			
			<b>When</b>
			
			<span class="bdd-step-name">When I click on Facebook link</span>
				<div class='pre'>passed</div>
			
		</li>
		<li test-id='106' class='node then pass' status='pass'>
			
			<b>Then</b>
			
			<span class="bdd-step-name">Then it redirects to Facebook page</span>
				<div class='pre'>passed</div>
			
		</li>
		<li test-id='107' class='node when pass' status='pass'>
			
			<b>When</b>
			
			<span class="bdd-step-name">When I click on Twitter link</span>
				<div class='pre'>passed</div>
			
		</li>
		<li test-id='108' class='node then pass' status='pass'>
			
			<b>Then</b>
			
			<span class="bdd-step-name">Then it redirects to Twitter page</span>
				<div class='pre'>passed</div>
			
		</li>
		<li test-id='109' class='node when pass' status='pass'>
			
			<b>When</b>
			
			<span class="bdd-step-name">When I click on Youtube link</span>
				<div class='pre'>passed</div>
			
		</li>
		<li test-id='110' class='node then pass' status='pass'>
			
			<b>Then</b>
			
			<span class="bdd-step-name">Then it redirects to Youtube page</span>
				<div class='pre'>passed</div>
			
		</li>
		<li test-id='111' class='node when pass' status='pass'>
			
			<b>When</b>
			
			<span class="bdd-step-name">When I click on PinInterest link</span>
				<div class='pre'>passed</div>
			
		</li>
		<li test-id='112' class='node then pass' status='pass'>
			
			<b>Then</b>
			
			<span class="bdd-step-name">Then it redirects to PinInterest page</span>
				<div class='pre'>passed</div>
			
		</li>
		<li test-id='113' class='node when pass' status='pass'>
			
			<b>When</b>
			
			<span class="bdd-step-name">When I click on Instagram link</span>
				<div class='pre'>passed</div>
			
		</li>
		<li test-id='114' class='node then pass' status='pass'>
			
			<b>Then</b>
			
			<span class="bdd-step-name">Then it redirects to Instagram page</span>
				<div class='pre'>passed</div>
			
		</li>
	</ul>
</div>
<div class='scenariooutline node' test-id='115' status='pass'>
	<span class='duration right label'>0h 0m 44s+214ms</span>
	<div class='desc'>
		<b>ScenarioOutline</b>
		<span class="desc-text">Verify sign up form is visible in footer and on filling valid email it redirects to email sign up page</span>
	</div>
	<ul class='steps'>
		<li test-id='116' class='node scenario pass' status='pass'>
			<div class='category-list'>
				<span class='category label white-text'>@P1</span>
				<span class='category label white-text'>@HomePageFeature</span>
				<span class='category label white-text'>@HomePage</span>
			</div>
			
			<b>Scenario</b>
			
			<span class="bdd-step-name">Verify sign up form is visible in footer and on filling valid email it redirects to email sign up page</span>
			
				<ul class='steps'>
					<li test-id='117' class='node given pass' status='pass'><b>Given</b>
						<span class="bdd-step-name">Given I open the given website</span>
							<div class='pre'>passed</div>
					</li>
					<li test-id='118' class='node then pass' status='pass'><b>Then</b>
						<span class="bdd-step-name">Then verify the Url</span>
							<div class='pre'>passed</div>
					</li>
					<li test-id='119' class='node when pass' status='pass'><b>When</b>
						<span class="bdd-step-name">When I fill valid email as "test141@gmail.com" and click on sign up in footer</span>
							<div class='pre'>passed</div>
					</li>
					<li test-id='120' class='node then pass' status='pass'><b>Then</b>
						<span class="bdd-step-name">Then it redirects to email sign up page</span>
							<div class='pre'>passed</div>
					</li>
				</ul>
		</li>
	</ul>
</div>
<div class='scenariooutline node' test-id='121' status='pass'>
	<span class='duration right label'>0h 1m 4s+434ms</span>
	<div class='desc'>
		<b>ScenarioOutline</b>
		<span class="desc-text">Verify login is working and user is able to login</span>
	</div>
	<ul class='steps'>
		<li test-id='122' class='node scenario pass' status='pass'>
			<div class='category-list'>
				<span class='category label white-text'>@P1</span>
				<span class='category label white-text'>@HomePageFeature</span>
				<span class='category label white-text'>@HomePage</span>
			</div>
			
			<b>Scenario</b>
			
			<span class="bdd-step-name">Verify login is working and user is able to login</span>
			
				<ul class='steps'>
					<li test-id='123' class='node given pass' status='pass'><b>Given</b>
						<span class="bdd-step-name">Given I open the given website</span>
							<div class='pre'>passed</div>
					</li>
					<li test-id='124' class='node then pass' status='pass'><b>Then</b>
						<span class="bdd-step-name">Then verify the Url</span>
							<div class='pre'>passed</div>
					</li>
					<li test-id='125' class='node when pass' status='pass'><b>When</b>
						<span class="bdd-step-name">When I click on Login icon</span>
							<div class='pre'>passed</div>
					</li>
					<li test-id='126' class='node and pass' status='pass'><b>And</b>
						<span class="bdd-step-name">And I enter username as "mmsuk@gmail.com" and password as "automation@123"</span>
							<div class='pre'>passed</div>
					</li>
					<li test-id='127' class='node and pass' status='pass'><b>And</b>
						<span class="bdd-step-name">And I click on Sign in button</span>
							<div class='pre'>passed</div>
					</li>
					<li test-id='128' class='node then pass' status='pass'><b>Then</b>
						<span class="bdd-step-name">Then I am successfully logged in</span>
							<div class='pre'>passed</div>
					</li>
				</ul>
		</li>
	</ul>
</div>
<div class='scenariooutline node' test-id='129' status='pass'>
	<span class='duration right label'>0h 0m 52s+897ms</span>
	<div class='desc'>
		<b>ScenarioOutline</b>
		<span class="desc-text">Verify user is able to register and subscribe from new shopper in login lite</span>
	</div>
	<ul class='steps'>
		<li test-id='130' class='node scenario pass' status='pass'>
			<div class='category-list'>
				<span class='category label white-text'>@P1</span>
				<span class='category label white-text'>@HomePageFeature</span>
				<span class='category label white-text'>@HomePage</span>
			</div>
			
			<b>Scenario</b>
			
			<span class="bdd-step-name">Verify user is able to register and subscribe from new shopper in login lite</span>
			
				<ul class='steps'>
					<li test-id='131' class='node given pass' status='pass'><b>Given</b>
						<span class="bdd-step-name">Given I open the given website</span>
							<div class='pre'>passed</div>
					</li>
					<li test-id='132' class='node then pass' status='pass'><b>Then</b>
						<span class="bdd-step-name">Then verify the Url</span>
							<div class='pre'>passed</div>
					</li>
					<li test-id='133' class='node when pass' status='pass'><b>When</b>
						<span class="bdd-step-name">When I click on Login icon</span>
							<div class='pre'>passed</div>
					</li>
					<li test-id='134' class='node and pass' status='pass'><b>And</b>
						<span class="bdd-step-name">And I click on Create an Account</span>
							<div class='pre'>passed</div>
					</li>
					<li test-id='135' class='node and pass' status='pass'><b>And</b>
						<span class="bdd-step-name">And I enter username as "asdef@gmail.com" password as "automation@123" and Re-enter password as "automation@123"</span>
							<div class='pre'>passed</div>
					</li>
					<li test-id='136' class='node and pass' status='pass'><b>And</b>
						<span class="bdd-step-name">And I click on email subscribe check box</span>
							<div class='pre'>passed</div>
					</li>
					<li test-id='137' class='node and pass' status='pass'><b>And</b>
						<span class="bdd-step-name">And I click on Sign Up button</span>
							<div class='pre'>passed</div>
					</li>
					<li test-id='138' class='node then pass' status='pass'><b>Then</b>
						<span class="bdd-step-name">Then My Account title is visible</span>
							<div class='pre'>passed</div>
					</li>
				</ul>
		</li>
	</ul>
</div>
<div class='scenario node' test-id='139' status='fail'>
	<div class='category-list'>
		<span class='category label white-text'>@HomePage</span>
		<span class='category label white-text'>@P1</span>
	</div>
	<span class='duration right label'>0h 1m 0s+537ms</span>
	<div class='desc'>
		<b>Scenario</b>
		<span class="desc-text">Verify forgot password is working in lite login screen</span>
	</div>
	<ul class='steps'>
		<li test-id='140' class='node given pass' status='pass'>
			
			<b>Given</b>
			
			<span class="bdd-step-name">Given I open the given website</span>
				<div class='pre'>passed</div>
			
		</li>
		<li test-id='141' class='node then pass' status='pass'>
			
			<b>Then</b>
			
			<span class="bdd-step-name">Then verify the Url</span>
				<div class='pre'>passed</div>
			
		</li>
		<li test-id='142' class='node when fail' status='fail'>
			
			<b>When</b>
			
			<span class="bdd-step-name">When I click on Forgot your Password</span>
				<div class='pre'><textarea>org.openqa.selenium.TimeoutException: Expected condition failed: waiting for visibility of [[ChromeDriver: chrome on XP (313e9e5562f8cdd14134cd48b3add765)] -> xpath: //a[contains(text(),'Forgot your password')]] (tried for 20 second(s) with 500 MILLISECONDS interval)
Build info: version: '3.5.1', revision: '9c21bb67ef', time: '2017-08-17T15:26:08.955Z'
System info: host: 'TRANTOR114', ip: '172.16.254.198', os.name: 'Windows 7', os.arch: 'amd64', os.version: '6.1', java.version: '1.8.0_171'
Driver info: org.openqa.selenium.chrome.ChromeDriver
Capabilities [{mobileEmulationEnabled=false, hasTouchScreen=false, platform=XP, acceptSslCerts=false, acceptInsecureCerts=false, webStorageEnabled=true, browserName=chrome, takesScreenshot=true, javascriptEnabled=true, setWindowRect=true, unexpectedAlertBehaviour=, applicationCacheEnabled=false, rotatable=false, networkConnectionEnabled=false, chrome={chromedriverVersion=2.40.565498 (ea082db3280dd6843ebfb08a625e3eb905c4f5ab), userDataDir=C:\Users\VIBHAV~1.GUP\AppData\Local\Temp\scoped_dir3296_25176}, takesHeapSnapshot=true, pageLoadStrategy=normal, unhandledPromptBehavior=, databaseEnabled=false, handlesAlerts=true, version=73.0.3683.103, browserConnectionEnabled=false, nativeEvents=true, locationContextEnabled=true, cssSelectorsEnabled=true}]
Session ID: 313e9e5562f8cdd14134cd48b3add765
	at org.openqa.selenium.support.ui.WebDriverWait.timeoutException(WebDriverWait.java:80)
	at org.openqa.selenium.support.ui.FluentWait.until(FluentWait.java:232)
	at helpers.GlobalUtil.waitForElementToBeClickable(GlobalUtil.java:102)
	at helpers.GlobalUtil.clickOnElementUsingJS(GlobalUtil.java:117)
	at step_definitions.homePage.i_click_on_Forgot_your_Password(homePage.java:376)
	at ?.When I click on Forgot your Password(features/HomePage.feature:122)
</textarea></div>
			
		</li>
		<li test-id='143' class='node then skip' status='skip'>
			
			<b>Then</b>
			
			<span class="bdd-step-name">Then it redirects to page having Forgot your password heading</span>
			<ul class='screenshots right'>
				<li><a data-featherlight="image" href="E:\projects\Strand\ExecutionReports\FailedScreenshots\ScreenShot_1556815138559.png"><i class='material-icons'>panorama</i></a></li>
			</ul>
				<div class='pre'>skipped</div>
			
		</li>
	</ul>
</div>
<div class='scenario node' test-id='144' status='pass'>
	<div class='category-list'>
		<span class='category label white-text'>@HomePage</span>
		<span class='category label white-text'>@P1</span>
	</div>
	<span class='duration right label'>0h 1m 34s+64ms</span>
	<div class='desc'>
		<b>Scenario</b>
		<span class="desc-text">Verify All the validation error message is coming in lite login if put wrong data in fields or for empty fields</span>
	</div>
	<ul class='steps'>
		<li test-id='145' class='node given pass' status='pass'>
			
			<b>Given</b>
			
			<span class="bdd-step-name">Given I open the given website</span>
				<div class='pre'>passed</div>
			
		</li>
		<li test-id='146' class='node then pass' status='pass'>
			
			<b>Then</b>
			
			<span class="bdd-step-name">Then verify the Url</span>
				<div class='pre'>passed</div>
			
		</li>
		<li test-id='147' class='node when pass' status='pass'>
			
			<b>When</b>
			
			<span class="bdd-step-name">When I click on Login icon</span>
				<div class='pre'>passed</div>
			
		</li>
		<li test-id='148' class='node and pass' status='pass'>
			
			<b>And</b>
			
			<span class="bdd-step-name">And I click on Sign in button</span>
				<div class='pre'>passed</div>
			
		</li>
		<li test-id='149' class='node then pass' status='pass'>
			
			<b>Then</b>
			
			<span class="bdd-step-name">Then it should display the validation error message</span>
				<div class='pre'>passed</div>
			
		</li>
		<li test-id='150' class='node when pass' status='pass'>
			
			<b>When</b>
			
			<span class="bdd-step-name">When I enter email id in wrong format</span>
				<div class='pre'>passed</div>
			
		</li>
		<li test-id='151' class='node and pass' status='pass'>
			
			<b>And</b>
			
			<span class="bdd-step-name">And I click on Sign in button</span>
				<div class='pre'>passed</div>
			
		</li>
		<li test-id='152' class='node then pass' status='pass'>
			
			<b>Then</b>
			
			<span class="bdd-step-name">Then it should display appropriate error message</span>
				<div class='pre'>passed</div>
			
		</li>
		<li test-id='153' class='node when pass' status='pass'>
			
			<b>When</b>
			
			<span class="bdd-step-name">When I enter incorrect password for valid email id</span>
				<div class='pre'>passed</div>
			
		</li>
		<li test-id='154' class='node and pass' status='pass'>
			
			<b>And</b>
			
			<span class="bdd-step-name">And I click on Sign in button</span>
				<div class='pre'>passed</div>
			
		</li>
		<li test-id='155' class='node then pass' status='pass'>
			
			<b>Then</b>
			
			<span class="bdd-step-name">Then appropriate error message should be displayed</span>
				<div class='pre'>passed</div>
			
		</li>
		<li test-id='156' class='node when pass' status='pass'>
			
			<b>When</b>
			
			<span class="bdd-step-name">When I enter correct password for invalid email id</span>
				<div class='pre'>passed</div>
			
		</li>
		<li test-id='157' class='node and pass' status='pass'>
			
			<b>And</b>
			
			<span class="bdd-step-name">And I click on Sign in button</span>
				<div class='pre'>passed</div>
			
		</li>
		<li test-id='158' class='node then pass' status='pass'>
			
			<b>Then</b>
			
			<span class="bdd-step-name">Then respective error message should be displayed</span>
				<div class='pre'>passed</div>
			
		</li>
	</ul>
</div>
<div class='scenariooutline node' test-id='159' status='pass'>
	<span class='duration right label'>0h 1m 20s+700ms</span>
	<div class='desc'>
		<b>ScenarioOutline</b>
		<span class="desc-text">Verify login is working and user is able to login</span>
	</div>
	<ul class='steps'>
		<li test-id='160' class='node scenario pass' status='pass'>
			<div class='category-list'>
				<span class='category label white-text'>@P1</span>
				<span class='category label white-text'>@HomePageFeature</span>
				<span class='category label white-text'>@HomePage</span>
			</div>
			
			<b>Scenario</b>
			
			<span class="bdd-step-name">Verify login is working and user is able to login</span>
			
				<ul class='steps'>
					<li test-id='161' class='node given pass' status='pass'><b>Given</b>
						<span class="bdd-step-name">Given I open the given website</span>
							<div class='pre'>passed</div>
					</li>
					<li test-id='162' class='node then pass' status='pass'><b>Then</b>
						<span class="bdd-step-name">Then verify the Url</span>
							<div class='pre'>passed</div>
					</li>
					<li test-id='163' class='node when pass' status='pass'><b>When</b>
						<span class="bdd-step-name">When I click on Login icon</span>
							<div class='pre'>passed</div>
					</li>
					<li test-id='164' class='node and pass' status='pass'><b>And</b>
						<span class="bdd-step-name">And I enter username as "mmsuk@gmail.com" and password as "automation@123"</span>
							<div class='pre'>passed</div>
					</li>
					<li test-id='165' class='node and pass' status='pass'><b>And</b>
						<span class="bdd-step-name">And I click on Sign in button</span>
							<div class='pre'>passed</div>
					</li>
					<li test-id='166' class='node when pass' status='pass'><b>When</b>
						<span class="bdd-step-name">When I click on logout</span>
							<div class='pre'>passed</div>
					</li>
					<li test-id='167' class='node then pass' status='pass'><b>Then</b>
						<span class="bdd-step-name">Then it logged out successfully</span>
							<div class='pre'>passed</div>
					</li>
				</ul>
		</li>
	</ul>
</div>
					</div>
				</li>
				
				
				<li class='test displayed active has-leaf fail' status='fail' bdd='true' test-id='168'>
					<div class='test-heading'>
						<span class='test-name'>Verify multiple scenarios on Product Detail Page</span>
						<span class='test-time'>May 2, 2019 10:12:00 PM</span>
						<span class='test-status right fail'>fail</span>
					</div>
					<div class='test-content hide'>
<div class='scenario node' test-id='169' status='pass'>
	<div class='category-list'>
		<span class='category label white-text'>@PDP</span>
		<span class='category label white-text'>@P1</span>
	</div>
	<span class='duration right label'>0h 1m 13s+987ms</span>
	<div class='desc'>
		<b>Scenario</b>
		<span class="desc-text">Verify the hyperlinks in the breadcrumbs are clickable and redirects to the respective category</span>
	</div>
	<ul class='steps'>
		<li test-id='170' class='node given pass' status='pass'>
			
			<b>Given</b>
			
			<span class="bdd-step-name">Given I open the given website</span>
				<div class='pre'>passed</div>
			
		</li>
		<li test-id='171' class='node then pass' status='pass'>
			
			<b>Then</b>
			
			<span class="bdd-step-name">Then verify the Url</span>
				<div class='pre'>passed</div>
			
		</li>
		<li test-id='172' class='node when pass' status='pass'>
			
			<b>When</b>
			
			<span class="bdd-step-name">When I navigate to Product Detail Page</span>
				<div class='pre'>passed</div>
			
		</li>
		<li test-id='173' class='node then pass' status='pass'>
			
			<b>Then</b>
			
			<span class="bdd-step-name">Then Global Cart is visible</span>
				<div class='pre'>passed</div>
			
		</li>
		<li test-id='174' class='node when pass' status='pass'>
			
			<b>When</b>
			
			<span class="bdd-step-name">When I click on home page link of breadcrumbs</span>
				<div class='pre'>passed</div>
			
		</li>
		<li test-id='175' class='node then pass' status='pass'>
			
			<b>Then</b>
			
			<span class="bdd-step-name">Then it navigates to Home Page</span>
				<div class='pre'>passed</div>
			
		</li>
		<li test-id='176' class='node when pass' status='pass'>
			
			<b>When</b>
			
			<span class="bdd-step-name">When I click on category link of breadcrumbs</span>
				<div class='pre'>passed</div>
			
		</li>
		<li test-id='177' class='node then pass' status='pass'>
			
			<b>Then</b>
			
			<span class="bdd-step-name">Then it navigates to corresponding category page</span>
				<div class='pre'>passed</div>
			
		</li>
	</ul>
</div>
<div class='scenario node' test-id='178' status='pass'>
	<div class='category-list'>
		<span class='category label white-text'>@PDP</span>
		<span class='category label white-text'>@P1</span>
	</div>
	<span class='duration right label'>0h 1m 13s+771ms</span>
	<div class='desc'>
		<b>Scenario</b>
		<span class="desc-text">Verify Quantity box is showing with - & + sign to increase and descrease quantity - For normal products</span>
	</div>
	<ul class='steps'>
		<li test-id='179' class='node given pass' status='pass'>
			
			<b>Given</b>
			
			<span class="bdd-step-name">Given I open the given website</span>
				<div class='pre'>passed</div>
			
		</li>
		<li test-id='180' class='node then pass' status='pass'>
			
			<b>Then</b>
			
			<span class="bdd-step-name">Then verify the Url</span>
				<div class='pre'>passed</div>
			
		</li>
		<li test-id='181' class='node when pass' status='pass'>
			
			<b>When</b>
			
			<span class="bdd-step-name">When I navigate to Product Detail Page</span>
				<div class='pre'>passed</div>
			
		</li>
		<li test-id='182' class='node then pass' status='pass'>
			
			<b>Then</b>
			
			<span class="bdd-step-name">Then Global Cart is visible</span>
				<div class='pre'>passed</div>
			
		</li>
		<li test-id='183' class='node when pass' status='pass'>
			
			<b>When</b>
			
			<span class="bdd-step-name">When I navigate to normal product page</span>
				<div class='pre'>passed</div>
			
		</li>
		<li test-id='184' class='node then pass' status='pass'>
			
			<b>Then</b>
			
			<span class="bdd-step-name">Then Quantity box is visible with - & + sign to increase and descrease quantity</span>
				<div class='pre'>passed</div>
			
		</li>
	</ul>
</div>
<div class='scenario node' test-id='185' status='pass'>
	<div class='category-list'>
		<span class='category label white-text'>@PDP</span>
		<span class='category label white-text'>@P1</span>
	</div>
	<span class='duration right label'>0h 1m 6s+991ms</span>
	<div class='desc'>
		<b>Scenario</b>
		<span class="desc-text">Verify Add to cart button is working and displays for normal products</span>
	</div>
	<ul class='steps'>
		<li test-id='186' class='node given pass' status='pass'>
			
			<b>Given</b>
			
			<span class="bdd-step-name">Given I open the given website</span>
				<div class='pre'>passed</div>
			
		</li>
		<li test-id='187' class='node then pass' status='pass'>
			
			<b>Then</b>
			
			<span class="bdd-step-name">Then verify the Url</span>
				<div class='pre'>passed</div>
			
		</li>
		<li test-id='188' class='node when pass' status='pass'>
			
			<b>When</b>
			
			<span class="bdd-step-name">When I navigate to Product Detail Page</span>
				<div class='pre'>passed</div>
			
		</li>
		<li test-id='189' class='node then pass' status='pass'>
			
			<b>Then</b>
			
			<span class="bdd-step-name">Then Global Cart is visible</span>
				<div class='pre'>passed</div>
			
		</li>
		<li test-id='190' class='node when pass' status='pass'>
			
			<b>When</b>
			
			<span class="bdd-step-name">When I navigate to normal product page</span>
				<div class='pre'>passed</div>
			
		</li>
		<li test-id='191' class='node then pass' status='pass'>
			
			<b>Then</b>
			
			<span class="bdd-step-name">Then Add to cart button is visible</span>
				<div class='pre'>passed</div>
			
		</li>
		<li test-id='192' class='node when pass' status='pass'>
			
			<b>When</b>
			
			<span class="bdd-step-name">When I click on it</span>
				<div class='pre'>passed</div>
			
		</li>
		<li test-id='193' class='node then pass' status='pass'>
			
			<b>Then</b>
			
			<span class="bdd-step-name">Then it displays Proceed to Checkout button</span>
				<div class='pre'>passed</div>
			
		</li>
	</ul>
</div>
<div class='scenario node' test-id='194' status='fail'>
	<div class='category-list'>
		<span class='category label white-text'>@PDP</span>
		<span class='category label white-text'>@P1</span>
	</div>
	<span class='duration right label'>0h 0m 59s+322ms</span>
	<div class='desc'>
		<b>Scenario</b>
		<span class="desc-text">Verify Personalize button is clickable and redirects to fluid page and displays only for customize products</span>
	</div>
	<ul class='steps'>
		<li test-id='195' class='node given pass' status='pass'>
			
			<b>Given</b>
			
			<span class="bdd-step-name">Given I open the given website</span>
				<div class='pre'>passed</div>
			
		</li>
		<li test-id='196' class='node then pass' status='pass'>
			
			<b>Then</b>
			
			<span class="bdd-step-name">Then verify the Url</span>
				<div class='pre'>passed</div>
			
		</li>
		<li test-id='197' class='node when pass' status='pass'>
			
			<b>When</b>
			
			<span class="bdd-step-name">When I navigate to Product Detail Page</span>
				<div class='pre'>passed</div>
			
		</li>
		<li test-id='198' class='node then pass' status='pass'>
			
			<b>Then</b>
			
			<span class="bdd-step-name">Then Global Cart is visible</span>
				<div class='pre'>passed</div>
			
		</li>
		<li test-id='199' class='node when fail' status='fail'>
			
			<b>When</b>
			
			<span class="bdd-step-name">When I click on personalize button</span>
				<div class='pre'><pre>org.openqa.selenium.NoSuchElementException: no such element: Unable to locate element: {"method":"xpath","selector":"//button[contains(text(),'Personalize')]"}
  (Session info: chrome=73.0.3683.103)
  (Driver info: chromedriver=2.40.565498 (ea082db3280dd6843ebfb08a625e3eb905c4f5ab),platform=Windows NT 6.1.7601 SP1 x86_64) (WARNING: The server did not provide any stacktrace information)
Command duration or timeout: 0 milliseconds
For documentation on this error, please visit: http://seleniumhq.org/exceptions/no_such_element.html
Build info: version: '3.5.1', revision: '9c21bb67ef', time: '2017-08-17T15:26:08.955Z'
System info: host: 'TRANTOR114', ip: '172.16.254.198', os.name: 'Windows 7', os.arch: 'amd64', os.version: '6.1', java.version: '1.8.0_171'
Driver info: org.openqa.selenium.chrome.ChromeDriver
Capabilities [{mobileEmulationEnabled=false, hasTouchScreen=false, platform=XP, acceptSslCerts=false, acceptInsecureCerts=false, webStorageEnabled=true, browserName=chrome, takesScreenshot=true, javascriptEnabled=true, setWindowRect=true, unexpectedAlertBehaviour=, applicationCacheEnabled=false, rotatable=false, networkConnectionEnabled=false, chrome={chromedriverVersion=2.40.565498 (ea082db3280dd6843ebfb08a625e3eb905c4f5ab), userDataDir=C:\Users\VIBHAV~1.GUP\AppData\Local\Temp\scoped_dir6660_11225}, takesHeapSnapshot=true, pageLoadStrategy=normal, unhandledPromptBehavior=, databaseEnabled=false, handlesAlerts=true, version=73.0.3683.103, browserConnectionEnabled=false, nativeEvents=true, locationContextEnabled=true, cssSelectorsEnabled=true}]
Session ID: 51f714bb4fff4f57ce1afd72d959797e
*** Element info: {Using=xpath, value=//button[contains(text(),'Personalize')]}
	at sun.reflect.NativeConstructorAccessorImpl.newInstance0(Native Method)
	at sun.reflect.NativeConstructorAccessorImpl.newInstance(NativeConstructorAccessorImpl.java:62)
	at sun.reflect.DelegatingConstructorAccessorImpl.newInstance(DelegatingConstructorAccessorImpl.java:45)
	at java.lang.reflect.Constructor.newInstance(Constructor.java:423)
	at org.openqa.selenium.remote.ErrorHandler.createThrowable(ErrorHandler.java:215)
	at org.openqa.selenium.remote.ErrorHandler.throwIfResponseFailed(ErrorHandler.java:167)
	at org.openqa.selenium.remote.http.JsonHttpResponseCodec.reconstructValue(JsonHttpResponseCodec.java:40)
	at org.openqa.selenium.remote.http.AbstractHttpResponseCodec.decode(AbstractHttpResponseCodec.java:82)
	at org.openqa.selenium.remote.http.AbstractHttpResponseCodec.decode(AbstractHttpResponseCodec.java:45)
	at org.openqa.selenium.remote.HttpCommandExecutor.execute(HttpCommandExecutor.java:164)
	at org.openqa.selenium.remote.service.DriverCommandExecutor.execute(DriverCommandExecutor.java:82)
	at org.openqa.selenium.remote.RemoteWebDriver.execute(RemoteWebDriver.java:641)
	at org.openqa.selenium.remote.RemoteWebDriver.findElement(RemoteWebDriver.java:414)
	at org.openqa.selenium.remote.RemoteWebDriver.findElementByXPath(RemoteWebDriver.java:513)
	at org.openqa.selenium.By$ByXPath.findElement(By.java:361)
	at org.openqa.selenium.remote.RemoteWebDriver.findElement(RemoteWebDriver.java:406)
	at org.openqa.selenium.support.pagefactory.DefaultElementLocator.findElement(DefaultElementLocator.java:69)
	at org.openqa.selenium.support.pagefactory.internal.LocatingElementHandler.invoke(LocatingElementHandler.java:38)
	at com.sun.proxy.$Proxy22.getWrappedElement(Unknown Source)
	at org.openqa.selenium.remote.internal.WebElementToJsonConverter.apply(WebElementToJsonConverter.java:51)
	at com.google.common.collect.Iterators$6.transform(Iterators.java:820)
	at com.google.common.collect.TransformedIterator.next(TransformedIterator.java:48)
	at com.google.common.collect.Iterators.addAll(Iterators.java:373)
	at com.google.common.collect.Lists.newArrayList(Lists.java:165)
	at com.google.common.collect.Lists.newArrayList(Lists.java:150)
	at org.openqa.selenium.remote.RemoteWebDriver.executeScript(RemoteWebDriver.java:575)
	at helpers.GlobalUtil.highlight(GlobalUtil.java:257)
	at helpers.GlobalUtil.clickOnElementUsingJS(GlobalUtil.java:116)
	at step_definitions.ProductDetailPage.i_click_on_personalize_button(ProductDetailPage.java:97)
	at ?.When I click on personalize button(features/ProductDetailPage.feature:31)
</pre></div>
			
		</li>
		<li test-id='200' class='node then skip' status='skip'>
			
			<b>Then</b>
			
			<span class="bdd-step-name">Then it navigates to its desired webpage</span>
				<div class='pre'>skipped</div>
			
		</li>
		<li test-id='201' class='node when skip' status='skip'>
			
			<b>When</b>
			
			<span class="bdd-step-name">When I navigate to normal product page</span>
				<div class='pre'>skipped</div>
			
		</li>
		<li test-id='202' class='node then skip' status='skip'>
			
			<b>Then</b>
			
			<span class="bdd-step-name">Then personalize button is not visible</span>
			<ul class='screenshots right'>
				<li><a data-featherlight="image" href="E:\projects\Strand\ExecutionReports\FailedScreenshots\ScreenShot_1556815596565.png"><i class='material-icons'>panorama</i></a></li>
			</ul>
				<div class='pre'>skipped</div>
			
		</li>
	</ul>
</div>
<div class='scenario node' test-id='203' status='pass'>
	<div class='category-list'>
		<span class='category label white-text'>@PDP</span>
		<span class='category label white-text'>@P1</span>
	</div>
	<span class='duration right label'>0h 1m 2s+739ms</span>
	<div class='desc'>
		<b>Scenario</b>
		<span class="desc-text">Verify customize button does not display if inventory is zero for customize products</span>
	</div>
	<ul class='steps'>
		<li test-id='204' class='node given pass' status='pass'>
			
			<b>Given</b>
			
			<span class="bdd-step-name">Given I open the given website</span>
				<div class='pre'>passed</div>
			
		</li>
		<li test-id='205' class='node then pass' status='pass'>
			
			<b>Then</b>
			
			<span class="bdd-step-name">Then verify the Url</span>
				<div class='pre'>passed</div>
			
		</li>
		<li test-id='206' class='node when pass' status='pass'>
			
			<b>When</b>
			
			<span class="bdd-step-name">When I navigate to Product Detail Page</span>
				<div class='pre'>passed</div>
			
		</li>
		<li test-id='207' class='node then pass' status='pass'>
			
			<b>Then</b>
			
			<span class="bdd-step-name">Then Global Cart is visible</span>
				<div class='pre'>passed</div>
			
		</li>
		<li test-id='208' class='node when pass' status='pass'>
			
			<b>When</b>
			
			<span class="bdd-step-name">When I navigate to zero inventory customized product</span>
				<div class='pre'>passed</div>
			
		</li>
		<li test-id='209' class='node then pass' status='pass'>
			
			<b>Then</b>
			
			<span class="bdd-step-name">Then personalize button is not visible</span>
				<div class='pre'>passed</div>
			
		</li>
	</ul>
</div>
					</div>
				</li>
				
				
				<li class='test displayed active has-leaf fail' status='fail' bdd='true' test-id='210'>
					<div class='test-heading'>
						<span class='test-name'>Verify multiple scenarios on Product List page</span>
						<span class='test-time'>May 2, 2019 10:17:45 PM</span>
						<span class='test-status right fail'>fail</span>
					</div>
					<div class='test-content hide'>
<div class='scenario node' test-id='211' status='pass'>
	<div class='category-list'>
		<span class='category label white-text'>@ProductList</span>
		<span class='category label white-text'>@P1</span>
	</div>
	<span class='duration right label'>0h 1m 22s+417ms</span>
	<div class='desc'>
		<b>Scenario</b>
		<span class="desc-text">Verify on clicking product name and image it redirects to product detail page</span>
	</div>
	<ul class='steps'>
		<li test-id='212' class='node given pass' status='pass'>
			
			<b>Given</b>
			
			<span class="bdd-step-name">Given I open the given website</span>
				<div class='pre'>passed</div>
			
		</li>
		<li test-id='213' class='node then pass' status='pass'>
			
			<b>Then</b>
			
			<span class="bdd-step-name">Then verify the Url</span>
				<div class='pre'>passed</div>
			
		</li>
		<li test-id='214' class='node when pass' status='pass'>
			
			<b>When</b>
			
			<span class="bdd-step-name">When I navigate to product List page</span>
				<div class='pre'>passed</div>
			
		</li>
		<li test-id='215' class='node then pass' status='pass'>
			
			<b>Then</b>
			
			<span class="bdd-step-name">Then Global Cart is visible</span>
				<div class='pre'>passed</div>
			
		</li>
		<li test-id='216' class='node and pass' status='pass'>
			
			<b>And</b>
			
			<span class="bdd-step-name">And I click on product name</span>
				<div class='pre'>passed</div>
			
		</li>
		<li test-id='217' class='node then pass' status='pass'>
			
			<b>Then</b>
			
			<span class="bdd-step-name">Then it redirects to product detail page</span>
				<div class='pre'>passed</div>
			
		</li>
		<li test-id='218' class='node and pass' status='pass'>
			
			<b>And</b>
			
			<span class="bdd-step-name">And I click on product image</span>
				<div class='pre'>passed</div>
			
		</li>
		<li test-id='219' class='node then pass' status='pass'>
			
			<b>Then</b>
			
			<span class="bdd-step-name">Then it redirects to product detail page</span>
				<div class='pre'>passed</div>
			
		</li>
	</ul>
</div>
<div class='scenario node' test-id='220' status='pass'>
	<div class='category-list'>
		<span class='category label white-text'>@ProductList</span>
		<span class='category label white-text'>@P1</span>
	</div>
	<span class='duration right label'>0h 1m 5s+474ms</span>
	<div class='desc'>
		<b>Scenario</b>
		<span class="desc-text">Verify on hovering the mouse over the product shows the quick shop button</span>
	</div>
	<ul class='steps'>
		<li test-id='221' class='node given pass' status='pass'>
			
			<b>Given</b>
			
			<span class="bdd-step-name">Given I open the given website</span>
				<div class='pre'>passed</div>
			
		</li>
		<li test-id='222' class='node then pass' status='pass'>
			
			<b>Then</b>
			
			<span class="bdd-step-name">Then verify the Url</span>
				<div class='pre'>passed</div>
			
		</li>
		<li test-id='223' class='node when pass' status='pass'>
			
			<b>When</b>
			
			<span class="bdd-step-name">When I navigate to product List page</span>
				<div class='pre'>passed</div>
			
		</li>
		<li test-id='224' class='node then pass' status='pass'>
			
			<b>Then</b>
			
			<span class="bdd-step-name">Then Global Cart is visible</span>
				<div class='pre'>passed</div>
			
		</li>
		<li test-id='225' class='node and pass' status='pass'>
			
			<b>And</b>
			
			<span class="bdd-step-name">And I hover mouse over the product</span>
				<div class='pre'>passed</div>
			
		</li>
		<li test-id='226' class='node then pass' status='pass'>
			
			<b>Then</b>
			
			<span class="bdd-step-name">Then it displays Quick Shop button</span>
				<div class='pre'>passed</div>
			
		</li>
	</ul>
</div>
<div class='scenario node' test-id='227' status='fail'>
	<div class='category-list'>
		<span class='category label white-text'>@ProductList</span>
		<span class='category label white-text'>@P1</span>
	</div>
	<span class='duration right label'>0h 1m 25s+242ms</span>
	<div class='desc'>
		<b>Scenario</b>
		<span class="desc-text">Verify Items per page dropdown is working fine and products are listed as per option selected ie. 12,36,100 and View All</span>
	</div>
	<ul class='steps'>
		<li test-id='228' class='node given pass' status='pass'>
			
			<b>Given</b>
			
			<span class="bdd-step-name">Given I open the given website</span>
				<div class='pre'>passed</div>
			
		</li>
		<li test-id='229' class='node then pass' status='pass'>
			
			<b>Then</b>
			
			<span class="bdd-step-name">Then verify the Url</span>
				<div class='pre'>passed</div>
			
		</li>
		<li test-id='230' class='node when pass' status='pass'>
			
			<b>When</b>
			
			<span class="bdd-step-name">When I navigate to product List page</span>
				<div class='pre'>passed</div>
			
		</li>
		<li test-id='231' class='node then pass' status='pass'>
			
			<b>Then</b>
			
			<span class="bdd-step-name">Then Global Cart is visible</span>
				<div class='pre'>passed</div>
			
		</li>
		<li test-id='232' class='node when pass' status='pass'>
			
			<b>When</b>
			
			<span class="bdd-step-name">When I select particular value from per page drop down</span>
				<div class='pre'>passed</div>
			
		</li>
		<li test-id='233' class='node then fail' status='fail'>
			
			<b>Then</b>
			
			<span class="bdd-step-name">Then products are listed as per option selected</span>
			<ul class='screenshots right'>
				<li><a data-featherlight="image" href="E:\projects\Strand\ExecutionReports\FailedScreenshots\ScreenShot_1556815900238.png"><i class='material-icons'>panorama</i></a></li>
			</ul>
				<div class='pre'><pre>java.lang.AssertionError
	at org.junit.Assert.fail(Assert.java:92)
	at org.junit.Assert.assertTrue(Assert.java:43)
	at org.junit.Assert.assertTrue(Assert.java:54)
	at step_definitions.productList.products_are_listed_as_per_option_selected(productList.java:71)
	at ?.Then products are listed as per option selected(features/ProductList.feature:24)
</pre></div>
			
		</li>
	</ul>
</div>
<div class='scenario node' test-id='234' status='pass'>
	<div class='category-list'>
		<span class='category label white-text'>@ProductList</span>
		<span class='category label white-text'>@P1</span>
	</div>
	<span class='duration right label'>0h 1m 32s+412ms</span>
	<div class='desc'>
		<b>Scenario</b>
		<span class="desc-text">Validate Sort By dropdoown is working fine and page sorts as per selected option ie:Popularity,Recency,Low to High,High to Low</span>
	</div>
	<ul class='steps'>
		<li test-id='235' class='node given pass' status='pass'>
			
			<b>Given</b>
			
			<span class="bdd-step-name">Given I open the given website</span>
				<div class='pre'>passed</div>
			
		</li>
		<li test-id='236' class='node then pass' status='pass'>
			
			<b>Then</b>
			
			<span class="bdd-step-name">Then verify the Url</span>
				<div class='pre'>passed</div>
			
		</li>
		<li test-id='237' class='node when pass' status='pass'>
			
			<b>When</b>
			
			<span class="bdd-step-name">When I navigate to product List page</span>
				<div class='pre'>passed</div>
			
		</li>
		<li test-id='238' class='node then pass' status='pass'>
			
			<b>Then</b>
			
			<span class="bdd-step-name">Then Global Cart is visible</span>
				<div class='pre'>passed</div>
			
		</li>
		<li test-id='239' class='node when pass' status='pass'>
			
			<b>When</b>
			
			<span class="bdd-step-name">When I select Low to High sortby value</span>
				<div class='pre'>passed</div>
			
		</li>
		<li test-id='240' class='node then pass' status='pass'>
			
			<b>Then</b>
			
			<span class="bdd-step-name">Then products gets listed as per Low to High</span>
				<div class='pre'>passed</div>
			
		</li>
		<li test-id='241' class='node when pass' status='pass'>
			
			<b>When</b>
			
			<span class="bdd-step-name">When I select High to Low sortby value</span>
				<div class='pre'>passed</div>
			
		</li>
		<li test-id='242' class='node then pass' status='pass'>
			
			<b>Then</b>
			
			<span class="bdd-step-name">Then products gets listed as per High to Low</span>
				<div class='pre'>passed</div>
			
		</li>
	</ul>
</div>
<div class='scenario node' test-id='243' status='fail'>
	<div class='category-list'>
		<span class='category label white-text'>@ProductList</span>
		<span class='category label white-text'>@P1</span>
	</div>
	<span class='duration right label'>0h 1m 59s+446ms</span>
	<div class='desc'>
		<b>Scenario</b>
		<span class="desc-text">Verify filter options are working fine and page gets filter as per selected filter.</span>
	</div>
	<ul class='steps'>
		<li test-id='244' class='node given pass' status='pass'>
			
			<b>Given</b>
			
			<span class="bdd-step-name">Given I open the given website</span>
				<div class='pre'>passed</div>
			
		</li>
		<li test-id='245' class='node then pass' status='pass'>
			
			<b>Then</b>
			
			<span class="bdd-step-name">Then verify the Url</span>
				<div class='pre'>passed</div>
			
		</li>
		<li test-id='246' class='node when pass' status='pass'>
			
			<b>When</b>
			
			<span class="bdd-step-name">When I navigate to product List page</span>
				<div class='pre'>passed</div>
			
		</li>
		<li test-id='247' class='node then pass' status='pass'>
			
			<b>Then</b>
			
			<span class="bdd-step-name">Then Global Cart is visible</span>
				<div class='pre'>passed</div>
			
		</li>
		<li test-id='248' class='node when pass' status='pass'>
			
			<b>When</b>
			
			<span class="bdd-step-name">When I select Weight filter</span>
				<div class='pre'>passed</div>
			
		</li>
		<li test-id='249' class='node then pass' status='pass'>
			
			<b>Then</b>
			
			<span class="bdd-step-name">Then products gets listed as per selected filter</span>
				<div class='pre'>passed</div>
			
		</li>
		<li test-id='250' class='node when pass' status='pass'>
			
			<b>When</b>
			
			<span class="bdd-step-name">When I click on Cross next to filer</span>
				<div class='pre'>passed</div>
			
		</li>
		<li test-id='251' class='node then pass' status='pass'>
			
			<b>Then</b>
			
			<span class="bdd-step-name">Then filter gets removed</span>
				<div class='pre'>passed</div>
			
		</li>
		<li test-id='252' class='node when fail' status='fail'>
			
			<b>When</b>
			
			<span class="bdd-step-name">When I select another Weight</span>
				<div class='pre'><textarea>org.openqa.selenium.TimeoutException: Expected condition failed: waiting for visibility of [[ChromeDriver: chrome on XP (2f568e4e8deceef05a78d3bcdaf1dd25)] -> xpath: (//input[@class='mz-facetingform-value'])[2]] (tried for 20 second(s) with 500 MILLISECONDS interval)
Build info: version: '3.5.1', revision: '9c21bb67ef', time: '2017-08-17T15:26:08.955Z'
System info: host: 'TRANTOR114', ip: '172.16.254.198', os.name: 'Windows 7', os.arch: 'amd64', os.version: '6.1', java.version: '1.8.0_171'
Driver info: org.openqa.selenium.chrome.ChromeDriver
Capabilities [{mobileEmulationEnabled=false, hasTouchScreen=false, platform=XP, acceptSslCerts=false, acceptInsecureCerts=false, webStorageEnabled=true, browserName=chrome, takesScreenshot=true, javascriptEnabled=true, setWindowRect=true, unexpectedAlertBehaviour=, applicationCacheEnabled=false, rotatable=false, networkConnectionEnabled=false, chrome={chromedriverVersion=2.40.565498 (ea082db3280dd6843ebfb08a625e3eb905c4f5ab), userDataDir=C:\Users\VIBHAV~1.GUP\AppData\Local\Temp\scoped_dir7008_28822}, takesHeapSnapshot=true, pageLoadStrategy=normal, unhandledPromptBehavior=, databaseEnabled=false, handlesAlerts=true, version=73.0.3683.103, browserConnectionEnabled=false, nativeEvents=true, locationContextEnabled=true, cssSelectorsEnabled=true}]
Session ID: 2f568e4e8deceef05a78d3bcdaf1dd25
	at org.openqa.selenium.support.ui.WebDriverWait.timeoutException(WebDriverWait.java:80)
	at org.openqa.selenium.support.ui.FluentWait.until(FluentWait.java:232)
	at helpers.GlobalUtil.waitForElementToBeClickable(GlobalUtil.java:102)
	at helpers.GlobalUtil.clickOnElementUsingJS(GlobalUtil.java:117)
	at step_definitions.productList.i_select_another_Weight(productList.java:134)
	at ?.When I select another Weight(features/ProductList.feature:40)
</textarea></div>
			
		</li>
		<li test-id='253' class='node then skip' status='skip'>
			
			<b>Then</b>
			
			<span class="bdd-step-name">Then products gets listed per selected filter</span>
			<ul class='screenshots right'>
				<li><a data-featherlight="image" href="E:\projects\Strand\ExecutionReports\FailedScreenshots\ScreenShot_1556816118706.png"><i class='material-icons'>panorama</i></a></li>
			</ul>
				<div class='pre'>skipped</div>
			
		</li>
	</ul>
</div>
<div class='scenario node' test-id='254' status='pass'>
	<div class='category-list'>
		<span class='category label white-text'>@ProductList</span>
		<span class='category label white-text'>@P1</span>
	</div>
	<span class='duration right label'>0h 1m 23s+299ms</span>
	<div class='desc'>
		<b>Scenario</b>
		<span class="desc-text">Verify removing all filters by clicking clear all link</span>
	</div>
	<ul class='steps'>
		<li test-id='255' class='node given pass' status='pass'>
			
			<b>Given</b>
			
			<span class="bdd-step-name">Given I open the given website</span>
				<div class='pre'>passed</div>
			
		</li>
		<li test-id='256' class='node then pass' status='pass'>
			
			<b>Then</b>
			
			<span class="bdd-step-name">Then verify the Url</span>
				<div class='pre'>passed</div>
			
		</li>
		<li test-id='257' class='node when pass' status='pass'>
			
			<b>When</b>
			
			<span class="bdd-step-name">When I navigate to product List page</span>
				<div class='pre'>passed</div>
			
		</li>
		<li test-id='258' class='node then pass' status='pass'>
			
			<b>Then</b>
			
			<span class="bdd-step-name">Then Global Cart is visible</span>
				<div class='pre'>passed</div>
			
		</li>
		<li test-id='259' class='node when pass' status='pass'>
			
			<b>When</b>
			
			<span class="bdd-step-name">When I select Weight filter</span>
				<div class='pre'>passed</div>
			
		</li>
		<li test-id='260' class='node then pass' status='pass'>
			
			<b>Then</b>
			
			<span class="bdd-step-name">Then products gets listed as per selected filter</span>
				<div class='pre'>passed</div>
			
		</li>
		<li test-id='261' class='node when pass' status='pass'>
			
			<b>When</b>
			
			<span class="bdd-step-name">When I click on Clear All</span>
				<div class='pre'>passed</div>
			
		</li>
		<li test-id='262' class='node then pass' status='pass'>
			
			<b>Then</b>
			
			<span class="bdd-step-name">Then filter gets removed</span>
				<div class='pre'>passed</div>
			
		</li>
	</ul>
</div>
<div class='scenario node' test-id='263' status='fail'>
	<div class='category-list'>
		<span class='category label white-text'>@ProductList</span>
		<span class='category label white-text'>@P1</span>
	</div>
	<span class='duration right label'>0h 1m 21s+986ms</span>
	<div class='desc'>
		<b>Scenario</b>
		<span class="desc-text">Verify pagination is working fine ie.page numbers and arrows</span>
	</div>
	<ul class='steps'>
		<li test-id='264' class='node given pass' status='pass'>
			
			<b>Given</b>
			
			<span class="bdd-step-name">Given I open the given website</span>
				<div class='pre'>passed</div>
			
		</li>
		<li test-id='265' class='node then pass' status='pass'>
			
			<b>Then</b>
			
			<span class="bdd-step-name">Then verify the Url</span>
				<div class='pre'>passed</div>
			
		</li>
		<li test-id='266' class='node when pass' status='pass'>
			
			<b>When</b>
			
			<span class="bdd-step-name">When I navigate to product List page</span>
				<div class='pre'>passed</div>
			
		</li>
		<li test-id='267' class='node then pass' status='pass'>
			
			<b>Then</b>
			
			<span class="bdd-step-name">Then Global Cart is visible</span>
				<div class='pre'>passed</div>
			
		</li>
		<li test-id='268' class='node when pass' status='pass'>
			
			<b>When</b>
			
			<span class="bdd-step-name">When I click on page number</span>
				<div class='pre'>passed</div>
			
		</li>
		<li test-id='269' class='node then pass' status='pass'>
			
			<b>Then</b>
			
			<span class="bdd-step-name">Then it navigates to next page</span>
				<div class='pre'>passed</div>
			
		</li>
		<li test-id='270' class='node when pass' status='pass'>
			
			<b>When</b>
			
			<span class="bdd-step-name">When I click on right arrow</span>
				<div class='pre'>passed</div>
			
		</li>
		<li test-id='271' class='node then fail' status='fail'>
			
			<b>Then</b>
			
			<span class="bdd-step-name">Then it navigates to other page</span>
				<div class='pre'><pre>java.lang.AssertionError: Pagination is not working properly
	at org.junit.Assert.fail(Assert.java:93)
	at org.junit.Assert.assertTrue(Assert.java:43)
	at org.junit.Assert.assertFalse(Assert.java:68)
	at step_definitions.productList.it_navigates_to_other_page(productList.java:177)
	at ?.Then it navigates to other page(features/ProductList.feature:55)
</pre></div>
			
		</li>
		<li test-id='272' class='node when skip' status='skip'>
			
			<b>When</b>
			
			<span class="bdd-step-name">When I click on left arrow</span>
				<div class='pre'>skipped</div>
			
		</li>
		<li test-id='273' class='node then skip' status='skip'>
			
			<b>Then</b>
			
			<span class="bdd-step-name">Then it navigates to previous page</span>
			<ul class='screenshots right'>
				<li><a data-featherlight="image" href="E:\projects\Strand\ExecutionReports\FailedScreenshots\ScreenShot_1556816290534.png"><i class='material-icons'>panorama</i></a></li>
			</ul>
				<div class='pre'>skipped</div>
			
		</li>
	</ul>
</div>
<div class='scenario node' test-id='274' status='pass'>
	<div class='category-list'>
		<span class='category label white-text'>@ProductList</span>
		<span class='category label white-text'>@P1</span>
	</div>
	<span class='duration right label'>0h 1m 17s+471ms</span>
	<div class='desc'>
		<b>Scenario</b>
		<span class="desc-text">Verify Quick Shop functionality on every product</span>
	</div>
	<ul class='steps'>
		<li test-id='275' class='node given pass' status='pass'>
			
			<b>Given</b>
			
			<span class="bdd-step-name">Given I open the given website</span>
				<div class='pre'>passed</div>
			
		</li>
		<li test-id='276' class='node then pass' status='pass'>
			
			<b>Then</b>
			
			<span class="bdd-step-name">Then verify the Url</span>
				<div class='pre'>passed</div>
			
		</li>
		<li test-id='277' class='node when pass' status='pass'>
			
			<b>When</b>
			
			<span class="bdd-step-name">When I navigate to product List page</span>
				<div class='pre'>passed</div>
			
		</li>
		<li test-id='278' class='node then pass' status='pass'>
			
			<b>Then</b>
			
			<span class="bdd-step-name">Then Global Cart is visible</span>
				<div class='pre'>passed</div>
			
		</li>
		<li test-id='279' class='node when pass' status='pass'>
			
			<b>When</b>
			
			<span class="bdd-step-name">When I navigate to customised product</span>
				<div class='pre'>passed</div>
			
		</li>
		<li test-id='280' class='node then pass' status='pass'>
			
			<b>Then</b>
			
			<span class="bdd-step-name">Then it shows Personalize button</span>
				<div class='pre'>passed</div>
			
		</li>
		<li test-id='281' class='node when pass' status='pass'>
			
			<b>When</b>
			
			<span class="bdd-step-name">When I navigate to non customised product</span>
				<div class='pre'>passed</div>
			
		</li>
		<li test-id='282' class='node then pass' status='pass'>
			
			<b>Then</b>
			
			<span class="bdd-step-name">Then it shows Add to cart button</span>
				<div class='pre'>passed</div>
			
		</li>
	</ul>
</div>
					</div>
				</li>
				
				
				<li class='test displayed active has-leaf fail' status='fail' bdd='true' test-id='283'>
					<div class='test-heading'>
						<span class='test-name'>Verify multiple scenarios on Quick Shop</span>
						<span class='test-time'>May 2, 2019 10:29:34 PM</span>
						<span class='test-status right fail'>fail</span>
					</div>
					<div class='test-content hide'>
<div class='scenario node' test-id='284' status='pass'>
	<div class='category-list'>
		<span class='category label white-text'>@QuickShop</span>
		<span class='category label white-text'>@P1</span>
	</div>
	<span class='duration right label'>0h 1m 16s+770ms</span>
	<div class='desc'>
		<b>Scenario</b>
		<span class="desc-text">Verify accordion on click to quickshop button</span>
	</div>
	<ul class='steps'>
		<li test-id='285' class='node given pass' status='pass'>
			
			<b>Given</b>
			
			<span class="bdd-step-name">Given I open the given website</span>
				<div class='pre'>passed</div>
			
		</li>
		<li test-id='286' class='node then pass' status='pass'>
			
			<b>Then</b>
			
			<span class="bdd-step-name">Then verify the Url</span>
				<div class='pre'>passed</div>
			
		</li>
		<li test-id='287' class='node when pass' status='pass'>
			
			<b>When</b>
			
			<span class="bdd-step-name">When I navigate to product List page</span>
				<div class='pre'>passed</div>
			
		</li>
		<li test-id='288' class='node then pass' status='pass'>
			
			<b>Then</b>
			
			<span class="bdd-step-name">Then Global Cart is visible</span>
				<div class='pre'>passed</div>
			
		</li>
		<li test-id='289' class='node when pass' status='pass'>
			
			<b>When</b>
			
			<span class="bdd-step-name">When I click on Quick Shop button</span>
				<div class='pre'>passed</div>
			
		</li>
		<li test-id='290' class='node then pass' status='pass'>
			
			<b>Then</b>
			
			<span class="bdd-step-name">Then it displays accordion</span>
				<div class='pre'>passed</div>
			
		</li>
	</ul>
</div>
<div class='scenario node' test-id='291' status='pass'>
	<div class='category-list'>
		<span class='category label white-text'>@QuickShop</span>
		<span class='category label white-text'>@P1</span>
	</div>
	<span class='duration right label'>0h 1m 34s+369ms</span>
	<div class='desc'>
		<b>Scenario</b>
		<span class="desc-text">Verify Expand/Collapse functionality on tabs on accordion under quickshop</span>
	</div>
	<ul class='steps'>
		<li test-id='292' class='node given pass' status='pass'>
			
			<b>Given</b>
			
			<span class="bdd-step-name">Given I open the given website</span>
				<div class='pre'>passed</div>
			
		</li>
		<li test-id='293' class='node then pass' status='pass'>
			
			<b>Then</b>
			
			<span class="bdd-step-name">Then verify the Url</span>
				<div class='pre'>passed</div>
			
		</li>
		<li test-id='294' class='node when pass' status='pass'>
			
			<b>When</b>
			
			<span class="bdd-step-name">When I navigate to product List page</span>
				<div class='pre'>passed</div>
			
		</li>
		<li test-id='295' class='node then pass' status='pass'>
			
			<b>Then</b>
			
			<span class="bdd-step-name">Then Global Cart is visible</span>
				<div class='pre'>passed</div>
			
		</li>
		<li test-id='296' class='node when pass' status='pass'>
			
			<b>When</b>
			
			<span class="bdd-step-name">When I click on Quick Shop button</span>
				<div class='pre'>passed</div>
			
		</li>
		<li test-id='297' class='node then pass' status='pass'>
			
			<b>Then</b>
			
			<span class="bdd-step-name">Then it displays accordion</span>
				<div class='pre'>passed</div>
			
		</li>
		<li test-id='298' class='node and pass' status='pass'>
			
			<b>And</b>
			
			<span class="bdd-step-name">And I expand Personalization Options</span>
				<div class='pre'>passed</div>
			
		</li>
		<li test-id='299' class='node and pass' status='pass'>
			
			<b>And</b>
			
			<span class="bdd-step-name">And I collapse Personalization Options</span>
				<div class='pre'>passed</div>
			
		</li>
	</ul>
</div>
<div class='scenario node' test-id='300' status='fail'>
	<div class='category-list'>
		<span class='category label white-text'>@QuickShop</span>
		<span class='category label white-text'>@P1</span>
	</div>
	<span class='duration right label'>0h 1m 13s+5ms</span>
	<div class='desc'>
		<b>Scenario</b>
		<span class="desc-text">Verify Quantity field on accordion and Quantity field updation under quickShop</span>
	</div>
	<ul class='steps'>
		<li test-id='301' class='node given pass' status='pass'>
			
			<b>Given</b>
			
			<span class="bdd-step-name">Given I open the given website</span>
				<div class='pre'>passed</div>
			
		</li>
		<li test-id='302' class='node then pass' status='pass'>
			
			<b>Then</b>
			
			<span class="bdd-step-name">Then verify the Url</span>
				<div class='pre'>passed</div>
			
		</li>
		<li test-id='303' class='node when pass' status='pass'>
			
			<b>When</b>
			
			<span class="bdd-step-name">When I navigate to product List page</span>
				<div class='pre'>passed</div>
			
		</li>
		<li test-id='304' class='node then pass' status='pass'>
			
			<b>Then</b>
			
			<span class="bdd-step-name">Then Global Cart is visible</span>
				<div class='pre'>passed</div>
			
		</li>
		<li test-id='305' class='node when pass' status='pass'>
			
			<b>When</b>
			
			<span class="bdd-step-name">When I navigate to non-customisable product listing</span>
				<div class='pre'>passed</div>
			
		</li>
		<li test-id='306' class='node when fail' status='fail'>
			
			<b>When</b>
			
			<span class="bdd-step-name">When I click on Quick Shop button</span>
				<div class='pre'><pre>org.openqa.selenium.NoSuchElementException: no such element: Unable to locate element: {"method":"xpath","selector":"(//a[@class='mz-productlisting-title product-name'])[2]"}
  (Session info: chrome=73.0.3683.103)
  (Driver info: chromedriver=2.40.565498 (ea082db3280dd6843ebfb08a625e3eb905c4f5ab),platform=Windows NT 6.1.7601 SP1 x86_64) (WARNING: The server did not provide any stacktrace information)
Command duration or timeout: 0 milliseconds
For documentation on this error, please visit: http://seleniumhq.org/exceptions/no_such_element.html
Build info: version: '3.5.1', revision: '9c21bb67ef', time: '2017-08-17T15:26:08.955Z'
System info: host: 'TRANTOR114', ip: '172.16.254.198', os.name: 'Windows 7', os.arch: 'amd64', os.version: '6.1', java.version: '1.8.0_171'
Driver info: org.openqa.selenium.chrome.ChromeDriver
Capabilities [{mobileEmulationEnabled=false, hasTouchScreen=false, platform=XP, acceptSslCerts=false, acceptInsecureCerts=false, webStorageEnabled=true, browserName=chrome, takesScreenshot=true, javascriptEnabled=true, setWindowRect=true, unexpectedAlertBehaviour=, applicationCacheEnabled=false, rotatable=false, networkConnectionEnabled=false, chrome={chromedriverVersion=2.40.565498 (ea082db3280dd6843ebfb08a625e3eb905c4f5ab), userDataDir=C:\Users\VIBHAV~1.GUP\AppData\Local\Temp\scoped_dir6324_14970}, takesHeapSnapshot=true, pageLoadStrategy=normal, unhandledPromptBehavior=, databaseEnabled=false, handlesAlerts=true, version=73.0.3683.103, browserConnectionEnabled=false, nativeEvents=true, locationContextEnabled=true, cssSelectorsEnabled=true}]
Session ID: adbc500d95f44e3bf7140cde6f057615
*** Element info: {Using=xpath, value=(//a[@class='mz-productlisting-title product-name'])[2]}
	at sun.reflect.NativeConstructorAccessorImpl.newInstance0(Native Method)
	at sun.reflect.NativeConstructorAccessorImpl.newInstance(NativeConstructorAccessorImpl.java:62)
	at sun.reflect.DelegatingConstructorAccessorImpl.newInstance(DelegatingConstructorAccessorImpl.java:45)
	at java.lang.reflect.Constructor.newInstance(Constructor.java:423)
	at org.openqa.selenium.remote.ErrorHandler.createThrowable(ErrorHandler.java:215)
	at org.openqa.selenium.remote.ErrorHandler.throwIfResponseFailed(ErrorHandler.java:167)
	at org.openqa.selenium.remote.http.JsonHttpResponseCodec.reconstructValue(JsonHttpResponseCodec.java:40)
	at org.openqa.selenium.remote.http.AbstractHttpResponseCodec.decode(AbstractHttpResponseCodec.java:82)
	at org.openqa.selenium.remote.http.AbstractHttpResponseCodec.decode(AbstractHttpResponseCodec.java:45)
	at org.openqa.selenium.remote.HttpCommandExecutor.execute(HttpCommandExecutor.java:164)
	at org.openqa.selenium.remote.service.DriverCommandExecutor.execute(DriverCommandExecutor.java:82)
	at org.openqa.selenium.remote.RemoteWebDriver.execute(RemoteWebDriver.java:641)
	at org.openqa.selenium.remote.RemoteWebDriver.findElement(RemoteWebDriver.java:414)
	at org.openqa.selenium.remote.RemoteWebDriver.findElementByXPath(RemoteWebDriver.java:513)
	at org.openqa.selenium.By$ByXPath.findElement(By.java:361)
	at org.openqa.selenium.remote.RemoteWebDriver.findElement(RemoteWebDriver.java:406)
	at org.openqa.selenium.support.pagefactory.DefaultElementLocator.findElement(DefaultElementLocator.java:69)
	at org.openqa.selenium.support.pagefactory.internal.LocatingElementHandler.invoke(LocatingElementHandler.java:38)
	at com.sun.proxy.$Proxy22.getWrappedElement(Unknown Source)
	at org.openqa.selenium.remote.internal.WebElementToJsonConverter.apply(WebElementToJsonConverter.java:51)
	at com.google.common.collect.Iterators$6.transform(Iterators.java:820)
	at com.google.common.collect.TransformedIterator.next(TransformedIterator.java:48)
	at com.google.common.collect.Iterators.addAll(Iterators.java:373)
	at com.google.common.collect.Lists.newArrayList(Lists.java:165)
	at com.google.common.collect.Lists.newArrayList(Lists.java:150)
	at org.openqa.selenium.remote.RemoteWebDriver.executeScript(RemoteWebDriver.java:575)
	at helpers.GlobalUtil.highlight(GlobalUtil.java:257)
	at helpers.GlobalUtil.hoverMouse(GlobalUtil.java:312)
	at step_definitions.QuickShop.i_click_on_Quick_Shop_button(QuickShop.java:46)
	at ?.When I click on Quick Shop button(features/QuickShop.feature:24)
</pre></div>
			
		</li>
		<li test-id='307' class='node then skip' status='skip'>
			
			<b>Then</b>
			
			<span class="bdd-step-name">Then it displays Quantity field</span>
				<div class='pre'>skipped</div>
			
		</li>
		<li test-id='308' class='node when skip' status='skip'>
			
			<b>When</b>
			
			<span class="bdd-step-name">When I click on Plus icon</span>
				<div class='pre'>skipped</div>
			
		</li>
		<li test-id='309' class='node then skip' status='skip'>
			
			<b>Then</b>
			
			<span class="bdd-step-name">Then quantity value gets increased</span>
				<div class='pre'>skipped</div>
			
		</li>
		<li test-id='310' class='node when skip' status='skip'>
			
			<b>When</b>
			
			<span class="bdd-step-name">When I click on minus icon</span>
				<div class='pre'>skipped</div>
			
		</li>
		<li test-id='311' class='node then skip' status='skip'>
			
			<b>Then</b>
			
			<span class="bdd-step-name">Then quantity value gets decreased</span>
			<ul class='screenshots right'>
				<li><a data-featherlight="image" href="E:\projects\Strand\ExecutionReports\FailedScreenshots\ScreenShot_1556816619942.png"><i class='material-icons'>panorama</i></a></li>
			</ul>
				<div class='pre'>skipped</div>
			
		</li>
	</ul>
</div>
<div class='scenario node' test-id='312' status='fail'>
	<div class='category-list'>
		<span class='category label white-text'>@QuickShop</span>
		<span class='category label white-text'>@P1</span>
	</div>
	<span class='duration right label'>0h 1m 14s+489ms</span>
	<div class='desc'>
		<b>Scenario</b>
		<span class="desc-text">Verify add to cart button on accordion under quickshop and its functionality on accordion under quickshop</span>
	</div>
	<ul class='steps'>
		<li test-id='313' class='node given pass' status='pass'>
			
			<b>Given</b>
			
			<span class="bdd-step-name">Given I open the given website</span>
				<div class='pre'>passed</div>
			
		</li>
		<li test-id='314' class='node then pass' status='pass'>
			
			<b>Then</b>
			
			<span class="bdd-step-name">Then verify the Url</span>
				<div class='pre'>passed</div>
			
		</li>
		<li test-id='315' class='node when pass' status='pass'>
			
			<b>When</b>
			
			<span class="bdd-step-name">When I navigate to product List page</span>
				<div class='pre'>passed</div>
			
		</li>
		<li test-id='316' class='node then pass' status='pass'>
			
			<b>Then</b>
			
			<span class="bdd-step-name">Then Global Cart is visible</span>
				<div class='pre'>passed</div>
			
		</li>
		<li test-id='317' class='node when pass' status='pass'>
			
			<b>When</b>
			
			<span class="bdd-step-name">When I navigate to non-customisable product listing</span>
				<div class='pre'>passed</div>
			
		</li>
		<li test-id='318' class='node when fail' status='fail'>
			
			<b>When</b>
			
			<span class="bdd-step-name">When I click on Quick Shop button</span>
				<div class='pre'><pre>org.openqa.selenium.NoSuchElementException: no such element: Unable to locate element: {"method":"xpath","selector":"(//a[@class='mz-productlisting-title product-name'])[2]"}
  (Session info: chrome=73.0.3683.103)
  (Driver info: chromedriver=2.40.565498 (ea082db3280dd6843ebfb08a625e3eb905c4f5ab),platform=Windows NT 6.1.7601 SP1 x86_64) (WARNING: The server did not provide any stacktrace information)
Command duration or timeout: 0 milliseconds
For documentation on this error, please visit: http://seleniumhq.org/exceptions/no_such_element.html
Build info: version: '3.5.1', revision: '9c21bb67ef', time: '2017-08-17T15:26:08.955Z'
System info: host: 'TRANTOR114', ip: '172.16.254.198', os.name: 'Windows 7', os.arch: 'amd64', os.version: '6.1', java.version: '1.8.0_171'
Driver info: org.openqa.selenium.chrome.ChromeDriver
Capabilities [{mobileEmulationEnabled=false, hasTouchScreen=false, platform=XP, acceptSslCerts=false, acceptInsecureCerts=false, webStorageEnabled=true, browserName=chrome, takesScreenshot=true, javascriptEnabled=true, setWindowRect=true, unexpectedAlertBehaviour=, applicationCacheEnabled=false, rotatable=false, networkConnectionEnabled=false, chrome={chromedriverVersion=2.40.565498 (ea082db3280dd6843ebfb08a625e3eb905c4f5ab), userDataDir=C:\Users\VIBHAV~1.GUP\AppData\Local\Temp\scoped_dir5840_1073}, takesHeapSnapshot=true, pageLoadStrategy=normal, unhandledPromptBehavior=, databaseEnabled=false, handlesAlerts=true, version=73.0.3683.103, browserConnectionEnabled=false, nativeEvents=true, locationContextEnabled=true, cssSelectorsEnabled=true}]
Session ID: aa3c373289359f2daa1b9e2ecfc31bee
*** Element info: {Using=xpath, value=(//a[@class='mz-productlisting-title product-name'])[2]}
	at sun.reflect.NativeConstructorAccessorImpl.newInstance0(Native Method)
	at sun.reflect.NativeConstructorAccessorImpl.newInstance(NativeConstructorAccessorImpl.java:62)
	at sun.reflect.DelegatingConstructorAccessorImpl.newInstance(DelegatingConstructorAccessorImpl.java:45)
	at java.lang.reflect.Constructor.newInstance(Constructor.java:423)
	at org.openqa.selenium.remote.ErrorHandler.createThrowable(ErrorHandler.java:215)
	at org.openqa.selenium.remote.ErrorHandler.throwIfResponseFailed(ErrorHandler.java:167)
	at org.openqa.selenium.remote.http.JsonHttpResponseCodec.reconstructValue(JsonHttpResponseCodec.java:40)
	at org.openqa.selenium.remote.http.AbstractHttpResponseCodec.decode(AbstractHttpResponseCodec.java:82)
	at org.openqa.selenium.remote.http.AbstractHttpResponseCodec.decode(AbstractHttpResponseCodec.java:45)
	at org.openqa.selenium.remote.HttpCommandExecutor.execute(HttpCommandExecutor.java:164)
	at org.openqa.selenium.remote.service.DriverCommandExecutor.execute(DriverCommandExecutor.java:82)
	at org.openqa.selenium.remote.RemoteWebDriver.execute(RemoteWebDriver.java:641)
	at org.openqa.selenium.remote.RemoteWebDriver.findElement(RemoteWebDriver.java:414)
	at org.openqa.selenium.remote.RemoteWebDriver.findElementByXPath(RemoteWebDriver.java:513)
	at org.openqa.selenium.By$ByXPath.findElement(By.java:361)
	at org.openqa.selenium.remote.RemoteWebDriver.findElement(RemoteWebDriver.java:406)
	at org.openqa.selenium.support.pagefactory.DefaultElementLocator.findElement(DefaultElementLocator.java:69)
	at org.openqa.selenium.support.pagefactory.internal.LocatingElementHandler.invoke(LocatingElementHandler.java:38)
	at com.sun.proxy.$Proxy22.getWrappedElement(Unknown Source)
	at org.openqa.selenium.remote.internal.WebElementToJsonConverter.apply(WebElementToJsonConverter.java:51)
	at com.google.common.collect.Iterators$6.transform(Iterators.java:820)
	at com.google.common.collect.TransformedIterator.next(TransformedIterator.java:48)
	at com.google.common.collect.Iterators.addAll(Iterators.java:373)
	at com.google.common.collect.Lists.newArrayList(Lists.java:165)
	at com.google.common.collect.Lists.newArrayList(Lists.java:150)
	at org.openqa.selenium.remote.RemoteWebDriver.executeScript(RemoteWebDriver.java:575)
	at helpers.GlobalUtil.highlight(GlobalUtil.java:257)
	at helpers.GlobalUtil.hoverMouse(GlobalUtil.java:312)
	at step_definitions.QuickShop.i_click_on_Quick_Shop_button(QuickShop.java:46)
	at ?.When I click on Quick Shop button(features/QuickShop.feature:34)
</pre></div>
			
		</li>
		<li test-id='319' class='node then skip' status='skip'>
			
			<b>Then</b>
			
			<span class="bdd-step-name">Then it displays Add To Cart Button</span>
				<div class='pre'>skipped</div>
			
		</li>
		<li test-id='320' class='node when skip' status='skip'>
			
			<b>When</b>
			
			<span class="bdd-step-name">When I click on Add To Cart Button</span>
				<div class='pre'>skipped</div>
			
		</li>
		<li test-id='321' class='node then skip' status='skip'>
			
			<b>Then</b>
			
			<span class="bdd-step-name">Then it displays Global Cart</span>
			<ul class='screenshots right'>
				<li><a data-featherlight="image" href="E:\projects\Strand\ExecutionReports\FailedScreenshots\ScreenShot_1556816700353.png"><i class='material-icons'>panorama</i></a></li>
			</ul>
				<div class='pre'>skipped</div>
			
		</li>
	</ul>
</div>
<div class='scenario node' test-id='322' status='pass'>
	<div class='category-list'>
		<span class='category label white-text'>@QuickShop</span>
		<span class='category label white-text'>@P1</span>
	</div>
	<span class='duration right label'>0h 1m 38s+1ms</span>
	<div class='desc'>
		<b>Scenario</b>
		<span class="desc-text">Verify Personalize button on accordion under quickshop and its functionality on accordion under quickshop</span>
	</div>
	<ul class='steps'>
		<li test-id='323' class='node given pass' status='pass'>
			
			<b>Given</b>
			
			<span class="bdd-step-name">Given I open the given website</span>
				<div class='pre'>passed</div>
			
		</li>
		<li test-id='324' class='node then pass' status='pass'>
			
			<b>Then</b>
			
			<span class="bdd-step-name">Then verify the Url</span>
				<div class='pre'>passed</div>
			
		</li>
		<li test-id='325' class='node when pass' status='pass'>
			
			<b>When</b>
			
			<span class="bdd-step-name">When I navigate to product List page</span>
				<div class='pre'>passed</div>
			
		</li>
		<li test-id='326' class='node then pass' status='pass'>
			
			<b>Then</b>
			
			<span class="bdd-step-name">Then Global Cart is visible</span>
				<div class='pre'>passed</div>
			
		</li>
		<li test-id='327' class='node when pass' status='pass'>
			
			<b>When</b>
			
			<span class="bdd-step-name">When I navigate to Product listing</span>
				<div class='pre'>passed</div>
			
		</li>
		<li test-id='328' class='node when pass' status='pass'>
			
			<b>When</b>
			
			<span class="bdd-step-name">When I click on Quick Shop button</span>
				<div class='pre'>passed</div>
			
		</li>
		<li test-id='329' class='node then pass' status='pass'>
			
			<b>Then</b>
			
			<span class="bdd-step-name">Then it displays Personalize button</span>
				<div class='pre'>passed</div>
			
		</li>
		<li test-id='330' class='node when pass' status='pass'>
			
			<b>When</b>
			
			<span class="bdd-step-name">When i click on Personalize button</span>
				<div class='pre'>passed</div>
			
		</li>
		<li test-id='331' class='node then pass' status='pass'>
			
			<b>Then</b>
			
			<span class="bdd-step-name">Then it navigates to its desired webpage</span>
				<div class='pre'>passed</div>
			
		</li>
	</ul>
</div>
<div class='scenario node' test-id='332' status='pass'>
	<div class='category-list'>
		<span class='category label white-text'>@QuickShop</span>
		<span class='category label white-text'>@P1</span>
	</div>
	<span class='duration right label'>0h 1m 14s+604ms</span>
	<div class='desc'>
		<b>Scenario</b>
		<span class="desc-text">Verify View full details hyperlink functionality</span>
	</div>
	<ul class='steps'>
		<li test-id='333' class='node given pass' status='pass'>
			
			<b>Given</b>
			
			<span class="bdd-step-name">Given I open the given website</span>
				<div class='pre'>passed</div>
			
		</li>
		<li test-id='334' class='node then pass' status='pass'>
			
			<b>Then</b>
			
			<span class="bdd-step-name">Then verify the Url</span>
				<div class='pre'>passed</div>
			
		</li>
		<li test-id='335' class='node when pass' status='pass'>
			
			<b>When</b>
			
			<span class="bdd-step-name">When I navigate to product List page</span>
				<div class='pre'>passed</div>
			
		</li>
		<li test-id='336' class='node then pass' status='pass'>
			
			<b>Then</b>
			
			<span class="bdd-step-name">Then Global Cart is visible</span>
				<div class='pre'>passed</div>
			
		</li>
		<li test-id='337' class='node when pass' status='pass'>
			
			<b>When</b>
			
			<span class="bdd-step-name">When I click on Quick Shop button</span>
				<div class='pre'>passed</div>
			
		</li>
		<li test-id='338' class='node when pass' status='pass'>
			
			<b>When</b>
			
			<span class="bdd-step-name">When I click View full details hyperlink</span>
				<div class='pre'>passed</div>
			
		</li>
		<li test-id='339' class='node then pass' status='pass'>
			
			<b>Then</b>
			
			<span class="bdd-step-name">Then it navigates to desired webpage</span>
				<div class='pre'>passed</div>
			
		</li>
	</ul>
</div>
<div class='scenario node' test-id='340' status='fail'>
	<div class='category-list'>
		<span class='category label white-text'>@QuickShop</span>
		<span class='category label white-text'>@P1</span>
	</div>
	<span class='duration right label'>0h 1m 24s+284ms</span>
	<div class='desc'>
		<b>Scenario</b>
		<span class="desc-text">Verify minimum quantity validation on accordion</span>
	</div>
	<ul class='steps'>
		<li test-id='341' class='node given pass' status='pass'>
			
			<b>Given</b>
			
			<span class="bdd-step-name">Given I open the given website</span>
				<div class='pre'>passed</div>
			
		</li>
		<li test-id='342' class='node then pass' status='pass'>
			
			<b>Then</b>
			
			<span class="bdd-step-name">Then verify the Url</span>
				<div class='pre'>passed</div>
			
		</li>
		<li test-id='343' class='node when pass' status='pass'>
			
			<b>When</b>
			
			<span class="bdd-step-name">When I navigate to product List page</span>
				<div class='pre'>passed</div>
			
		</li>
		<li test-id='344' class='node then pass' status='pass'>
			
			<b>Then</b>
			
			<span class="bdd-step-name">Then Global Cart is visible</span>
				<div class='pre'>passed</div>
			
		</li>
		<li test-id='345' class='node when pass' status='pass'>
			
			<b>When</b>
			
			<span class="bdd-step-name">When I click on Quick Shop button</span>
				<div class='pre'>passed</div>
			
		</li>
		<li test-id='346' class='node then pass' status='pass'>
			
			<b>Then</b>
			
			<span class="bdd-step-name">Then minimum order quantity message is displayed</span>
				<div class='pre'>passed</div>
			
		</li>
		<li test-id='347' class='node when pass' status='pass'>
			
			<b>When</b>
			
			<span class="bdd-step-name">When I navigate to non-customisable product listing</span>
				<div class='pre'>passed</div>
			
		</li>
		<li test-id='348' class='node when fail' status='fail'>
			
			<b>When</b>
			
			<span class="bdd-step-name">When I click on Quick Shop button</span>
				<div class='pre'><pre>org.openqa.selenium.NoSuchElementException: no such element: Unable to locate element: {"method":"xpath","selector":"(//a[@class='mz-productlisting-title product-name'])[2]"}
  (Session info: chrome=73.0.3683.103)
  (Driver info: chromedriver=2.40.565498 (ea082db3280dd6843ebfb08a625e3eb905c4f5ab),platform=Windows NT 6.1.7601 SP1 x86_64) (WARNING: The server did not provide any stacktrace information)
Command duration or timeout: 0 milliseconds
For documentation on this error, please visit: http://seleniumhq.org/exceptions/no_such_element.html
Build info: version: '3.5.1', revision: '9c21bb67ef', time: '2017-08-17T15:26:08.955Z'
System info: host: 'TRANTOR114', ip: '172.16.254.198', os.name: 'Windows 7', os.arch: 'amd64', os.version: '6.1', java.version: '1.8.0_171'
Driver info: org.openqa.selenium.chrome.ChromeDriver
Capabilities [{mobileEmulationEnabled=false, hasTouchScreen=false, platform=XP, acceptSslCerts=false, acceptInsecureCerts=false, webStorageEnabled=true, browserName=chrome, takesScreenshot=true, javascriptEnabled=true, setWindowRect=true, unexpectedAlertBehaviour=, applicationCacheEnabled=false, rotatable=false, networkConnectionEnabled=false, chrome={chromedriverVersion=2.40.565498 (ea082db3280dd6843ebfb08a625e3eb905c4f5ab), userDataDir=C:\Users\VIBHAV~1.GUP\AppData\Local\Temp\scoped_dir5596_11064}, takesHeapSnapshot=true, pageLoadStrategy=normal, unhandledPromptBehavior=, databaseEnabled=false, handlesAlerts=true, version=73.0.3683.103, browserConnectionEnabled=false, nativeEvents=true, locationContextEnabled=true, cssSelectorsEnabled=true}]
Session ID: 747f14ec9738650053edf74b925ee03e
*** Element info: {Using=xpath, value=(//a[@class='mz-productlisting-title product-name'])[2]}
	at sun.reflect.NativeConstructorAccessorImpl.newInstance0(Native Method)
	at sun.reflect.NativeConstructorAccessorImpl.newInstance(NativeConstructorAccessorImpl.java:62)
	at sun.reflect.DelegatingConstructorAccessorImpl.newInstance(DelegatingConstructorAccessorImpl.java:45)
	at java.lang.reflect.Constructor.newInstance(Constructor.java:423)
	at org.openqa.selenium.remote.ErrorHandler.createThrowable(ErrorHandler.java:215)
	at org.openqa.selenium.remote.ErrorHandler.throwIfResponseFailed(ErrorHandler.java:167)
	at org.openqa.selenium.remote.http.JsonHttpResponseCodec.reconstructValue(JsonHttpResponseCodec.java:40)
	at org.openqa.selenium.remote.http.AbstractHttpResponseCodec.decode(AbstractHttpResponseCodec.java:82)
	at org.openqa.selenium.remote.http.AbstractHttpResponseCodec.decode(AbstractHttpResponseCodec.java:45)
	at org.openqa.selenium.remote.HttpCommandExecutor.execute(HttpCommandExecutor.java:164)
	at org.openqa.selenium.remote.service.DriverCommandExecutor.execute(DriverCommandExecutor.java:82)
	at org.openqa.selenium.remote.RemoteWebDriver.execute(RemoteWebDriver.java:641)
	at org.openqa.selenium.remote.RemoteWebDriver.findElement(RemoteWebDriver.java:414)
	at org.openqa.selenium.remote.RemoteWebDriver.findElementByXPath(RemoteWebDriver.java:513)
	at org.openqa.selenium.By$ByXPath.findElement(By.java:361)
	at org.openqa.selenium.remote.RemoteWebDriver.findElement(RemoteWebDriver.java:406)
	at org.openqa.selenium.support.pagefactory.DefaultElementLocator.findElement(DefaultElementLocator.java:69)
	at org.openqa.selenium.support.pagefactory.internal.LocatingElementHandler.invoke(LocatingElementHandler.java:38)
	at com.sun.proxy.$Proxy22.getWrappedElement(Unknown Source)
	at org.openqa.selenium.remote.internal.WebElementToJsonConverter.apply(WebElementToJsonConverter.java:51)
	at com.google.common.collect.Iterators$6.transform(Iterators.java:820)
	at com.google.common.collect.TransformedIterator.next(TransformedIterator.java:48)
	at com.google.common.collect.Iterators.addAll(Iterators.java:373)
	at com.google.common.collect.Lists.newArrayList(Lists.java:165)
	at com.google.common.collect.Lists.newArrayList(Lists.java:150)
	at org.openqa.selenium.remote.RemoteWebDriver.executeScript(RemoteWebDriver.java:575)
	at helpers.GlobalUtil.highlight(GlobalUtil.java:257)
	at helpers.GlobalUtil.hoverMouse(GlobalUtil.java:312)
	at step_definitions.QuickShop.i_click_on_Quick_Shop_button(QuickShop.java:46)
	at ?.When I click on Quick Shop button(features/QuickShop.feature:59)
</pre></div>
			
		</li>
		<li test-id='349' class='node then skip' status='skip'>
			
			<b>Then</b>
			
			<span class="bdd-step-name">Then minimum order quantity message is displayed</span>
				<div class='pre'>skipped</div>
			
		</li>
		<li test-id='350' class='node and skip' status='skip'>
			
			<b>And</b>
			
			<span class="bdd-step-name">And minus button of Quantity box is disabled</span>
			<ul class='screenshots right'>
				<li><a data-featherlight="image" href="E:\projects\Strand\ExecutionReports\FailedScreenshots\ScreenShot_1556816964369.png"><i class='material-icons'>panorama</i></a></li>
			</ul>
				<div class='pre'>skipped</div>
			
		</li>
	</ul>
</div>
					</div>
				</li>
			</ul>
		</div>
	</div>
	<!-- subview left -->

	<div class='subview-right left'>
		<div class='view-summary'>
			<h5 class='test-name'></h5>

			<div id='step-filters' class="right">
				<span class="blue-text" status="info" alt="info" title="info"><i class="material-icons">info_outline</i></span>
				<span class="green-text" status="pass" alt="pass" title="pass"><i class="material-icons">check_circle</i></span>
				<span class="red-text" status="fail" alt="fail" title="fail"><i class="material-icons">cancel</i></span>
				<span class="red-text text-darken-4" status="fatal" alt="fatal" title="fatal"><i class="material-icons">cancel</i></span>
				<span class="pink-text text-lighten-1" status="error" alt="error" title="error"><i class="material-icons">error</i></span>
				<span class="orange-text" alt="warning" status="warning" title="warning"><i class="material-icons">warning</i></span>
				<span class="teal-text" status="skip" alt="skip" title="skip"><i class="material-icons">redo</i></span>
				<span status="clear" alt="Clear filters" title="Clear filters"><i class="material-icons">clear</i></span>
			</div>
		</div>
	</div>
	<!-- subview right -->

</div>
<!-- test view -->
<div id='category-view' class='view hide'>

	<section id='controls'>
		<div class='controls grey lighten-4'>
			<!-- search -->
			<div class='chip transparent' alt='Search Tests' title='Search Tests'>
				<a href="#" class='search-div'>
					<i class='material-icons'>search</i> Search
				</a>
				
				<div class='input-field left hide'>
					<input id='search-tests' type='text' class='validate browser-default' placeholder='Search Tests...'>
				</div>
				
			</div>
			<!-- search -->
		</div>
	</section>

	<div class='subview-left left'>
		
		<div class='view-summary'>
			<h5>Categories</h3>
			<ul id='category-collection' class='category-collection'>
				
				<li class='category displayed active'>
					<div class='category-heading'>
						<span class='category-name'>@GloabalCartFeature</span>
						<span class='category-status right'>
							<span class='label pass'>1</span>
							<span class='label fail'>1</span>
						</span>
					</div>
					<div class='category-content hide'>
						<div class='category-status-counts'>
							<span class='label green accent-4 white-text'>Passed: 1</span>
							<span class='label red lighten-1 white-text'>Failed: 1</span>
							
						</div>
					
						<div class='category-tests'>
							<table class='bordered table-results'>
								<thead>
									<tr>
										<th>Timestamp</th>
										<th>TestName</th>
										<th>Status</th>
									</tr>
								</thead>
								<tbody>
									<tr>
										<td>May 2, 2019 09:50:28 PM</td>
										<td class='linked' test-id='1'>Verify multiple scenarios on Home Page</td>
										<td><span class='test-status fail'>fail</span></td>
									</tr>
									<tr>
										<td>May 2, 2019 09:54:59 PM</td>
										<td class='linked' test-id='36'>Verify multiple scenarios on Home Page.Verify on clicking checkout button it redirects to checkout page - For registered user.Verify on clicking checkout button it redirects to checkout page - For registered user</td>
										<td><span class='test-status pass'>pass</span></td>
									</tr>
								</tbody>
							</table>
						</div>
					</div>
				</li>
				<li class='category displayed active'>
					<div class='category-heading'>
						<span class='category-name'>@GlobalCart</span>
						<span class='category-status right'>
							<span class='label pass'>4</span>
							<span class='label fail'>1</span>
						</span>
					</div>
					<div class='category-content hide'>
						<div class='category-status-counts'>
							<span class='label green accent-4 white-text'>Passed: 4</span>
							<span class='label red lighten-1 white-text'>Failed: 1</span>
							
						</div>
					
						<div class='category-tests'>
							<table class='bordered table-results'>
								<thead>
									<tr>
										<th>Timestamp</th>
										<th>TestName</th>
										<th>Status</th>
									</tr>
								</thead>
								<tbody>
									<tr>
										<td>May 2, 2019 09:50:28 PM</td>
										<td class='linked' test-id='2'>Verify multiple scenarios on Home Page.Verify Your Shopping basket is empty is displaying if cart has no products</td>
										<td><span class='test-status pass'>pass</span></td>
									</tr>
									<tr>
										<td>May 2, 2019 09:51:16 PM</td>
										<td class='linked' test-id='7'>Verify multiple scenarios on Home Page.Verify on clicking add to cart button on product detail page/quick shop page products gets added to global cart</td>
										<td><span class='test-status pass'>pass</span></td>
									</tr>
									<tr>
										<td>May 2, 2019 09:52:19 PM</td>
										<td class='linked' test-id='14'>Verify multiple scenarios on Home Page.Verify quantity / price each / price / Subtotal is displaying correct in global cart</td>
										<td><span class='test-status fail'>fail</span></td>
									</tr>
									<tr>
										<td>May 2, 2019 09:53:31 PM</td>
										<td class='linked' test-id='22'>Verify multiple scenarios on Home Page.Verify view cart button and checkout button and save Cart is working in global cart</td>
										<td><span class='test-status pass'>pass</span></td>
									</tr>
									<tr>
										<td>May 2, 2019 09:54:59 PM</td>
										<td class='linked' test-id='36'>Verify multiple scenarios on Home Page.Verify on clicking checkout button it redirects to checkout page - For registered user.Verify on clicking checkout button it redirects to checkout page - For registered user</td>
										<td><span class='test-status pass'>pass</span></td>
									</tr>
								</tbody>
							</table>
						</div>
					</div>
				</li>
				<li class='category displayed active'>
					<div class='category-heading'>
						<span class='category-name'>@P1</span>
						<span class='category-status right'>
							<span class='label pass'>29</span>
							<span class='label fail'>11</span>
						</span>
					</div>
					<div class='category-content hide'>
						<div class='category-status-counts'>
							<span class='label green accent-4 white-text'>Passed: 29</span>
							<span class='label red lighten-1 white-text'>Failed: 11</span>
							
						</div>
					
						<div class='category-tests'>
							<table class='bordered table-results'>
								<thead>
									<tr>
										<th>Timestamp</th>
										<th>TestName</th>
										<th>Status</th>
									</tr>
								</thead>
								<tbody>
									<tr>
										<td>May 2, 2019 09:50:28 PM</td>
										<td class='linked' test-id='2'>Verify multiple scenarios on Home Page.Verify Your Shopping basket is empty is displaying if cart has no products</td>
										<td><span class='test-status pass'>pass</span></td>
									</tr>
									<tr>
										<td>May 2, 2019 09:51:16 PM</td>
										<td class='linked' test-id='7'>Verify multiple scenarios on Home Page.Verify on clicking add to cart button on product detail page/quick shop page products gets added to global cart</td>
										<td><span class='test-status pass'>pass</span></td>
									</tr>
									<tr>
										<td>May 2, 2019 09:52:19 PM</td>
										<td class='linked' test-id='14'>Verify multiple scenarios on Home Page.Verify quantity / price each / price / Subtotal is displaying correct in global cart</td>
										<td><span class='test-status fail'>fail</span></td>
									</tr>
									<tr>
										<td>May 2, 2019 09:53:31 PM</td>
										<td class='linked' test-id='22'>Verify multiple scenarios on Home Page.Verify view cart button and checkout button and save Cart is working in global cart</td>
										<td><span class='test-status pass'>pass</span></td>
									</tr>
									<tr>
										<td>May 2, 2019 09:54:59 PM</td>
										<td class='linked' test-id='36'>Verify multiple scenarios on Home Page.Verify on clicking checkout button it redirects to checkout page - For registered user.Verify on clicking checkout button it redirects to checkout page - For registered user</td>
										<td><span class='test-status pass'>pass</span></td>
									</tr>
									<tr>
										<td>May 2, 2019 09:56:35 PM</td>
										<td class='linked' test-id='50'>Verify multiple scenarios on Home Page.Verify click on logo of the website is working and redirect on home page</td>
										<td><span class='test-status pass'>pass</span></td>
									</tr>
									<tr>
										<td>May 2, 2019 09:57:21 PM</td>
										<td class='linked' test-id='55'>Verify multiple scenarios on Home Page.Verify flag icon is clickable and on clicking any country it redirects to specific country site</td>
										<td><span class='test-status fail'>fail</span></td>
									</tr>
									<tr>
										<td>May 2, 2019 09:58:27 PM</td>
										<td class='linked' test-id='60'>Verify multiple scenarios on Home Page.Verify lite Login icon is clickable and working fine</td>
										<td><span class='test-status pass'>pass</span></td>
									</tr>
									<tr>
										<td>May 2, 2019 09:59:11 PM</td>
										<td class='linked' test-id='65'>Verify multiple scenarios on Home Page.Verify cart icon is present and on hovering icon should show the items present in cart</td>
										<td><span class='test-status pass'>pass</span></td>
									</tr>
									<tr>
										<td>May 2, 2019 09:59:58 PM</td>
										<td class='linked' test-id='70'>Verify multiple scenarios on Home Page.Verify Design your own button redirects to fluid page</td>
										<td><span class='test-status pass'>pass</span></td>
									</tr>
									<tr>
										<td>May 2, 2019 10:00:44 PM</td>
										<td class='linked' test-id='75'>Verify multiple scenarios on Home Page.Verify all the parent categories are visible and redirects to specific page</td>
										<td><span class='test-status fail'>fail</span></td>
									</tr>
									<tr>
										<td>May 2, 2019 10:02:06 PM</td>
										<td class='linked' test-id='86'>Verify multiple scenarios on Home Page.Verify Sub-categories under parent categories are visible and redirects to specific page</td>
										<td><span class='test-status pass'>pass</span></td>
									</tr>
									<tr>
										<td>May 2, 2019 10:03:01 PM</td>
										<td class='linked' test-id='91'>Verify multiple scenarios on Home Page.Verify all footer links are working and on clicking links user is redirected to specific page</td>
										<td><span class='test-status pass'>pass</span></td>
									</tr>
									<tr>
										<td>May 2, 2019 10:04:03 PM</td>
										<td class='linked' test-id='102'>Verify multiple scenarios on Home Page.Verify in footer social icons are visible and on clicking redirects to specific social page</td>
										<td><span class='test-status pass'>pass</span></td>
									</tr>
									<tr>
										<td>May 2, 2019 10:05:14 PM</td>
										<td class='linked' test-id='116'>Verify multiple scenarios on Home Page.Verify sign up form is visible in footer and on filling valid email it redirects to email sign up page.Verify sign up form is visible in footer and on filling valid email it redirects to email sign up page</td>
										<td><span class='test-status pass'>pass</span></td>
									</tr>
									<tr>
										<td>May 2, 2019 10:05:59 PM</td>
										<td class='linked' test-id='122'>Verify multiple scenarios on Home Page.Verify login is working and user is able to login.Verify login is working and user is able to login</td>
										<td><span class='test-status pass'>pass</span></td>
									</tr>
									<tr>
										<td>May 2, 2019 10:07:04 PM</td>
										<td class='linked' test-id='130'>Verify multiple scenarios on Home Page.Verify user is able to register and subscribe from new shopper in login lite.Verify user is able to register and subscribe from new shopper in login lite</td>
										<td><span class='test-status pass'>pass</span></td>
									</tr>
									<tr>
										<td>May 2, 2019 10:07:58 PM</td>
										<td class='linked' test-id='139'>Verify multiple scenarios on Home Page.Verify forgot password is working in lite login screen</td>
										<td><span class='test-status fail'>fail</span></td>
									</tr>
									<tr>
										<td>May 2, 2019 10:09:04 PM</td>
										<td class='linked' test-id='144'>Verify multiple scenarios on Home Page.Verify All the validation error message is coming in lite login if put wrong data in fields or for empty fields</td>
										<td><span class='test-status pass'>pass</span></td>
									</tr>
									<tr>
										<td>May 2, 2019 10:10:39 PM</td>
										<td class='linked' test-id='160'>Verify multiple scenarios on Home Page.Verify login is working and user is able to login.Verify login is working and user is able to login</td>
										<td><span class='test-status pass'>pass</span></td>
									</tr>
									<tr>
										<td>May 2, 2019 10:12:00 PM</td>
										<td class='linked' test-id='169'>Verify multiple scenarios on Product Detail Page.Verify the hyperlinks in the breadcrumbs are clickable and redirects to the respective category</td>
										<td><span class='test-status pass'>pass</span></td>
									</tr>
									<tr>
										<td>May 2, 2019 10:13:14 PM</td>
										<td class='linked' test-id='178'>Verify multiple scenarios on Product Detail Page.Verify Quantity box is showing with - & + sign to increase and descrease quantity - For normal products</td>
										<td><span class='test-status pass'>pass</span></td>
									</tr>
									<tr>
										<td>May 2, 2019 10:14:29 PM</td>
										<td class='linked' test-id='185'>Verify multiple scenarios on Product Detail Page.Verify Add to cart button is working and displays for normal products</td>
										<td><span class='test-status pass'>pass</span></td>
									</tr>
									<tr>
										<td>May 2, 2019 10:15:37 PM</td>
										<td class='linked' test-id='194'>Verify multiple scenarios on Product Detail Page.Verify Personalize button is clickable and redirects to fluid page and displays only for customize products</td>
										<td><span class='test-status fail'>fail</span></td>
									</tr>
									<tr>
										<td>May 2, 2019 10:16:42 PM</td>
										<td class='linked' test-id='203'>Verify multiple scenarios on Product Detail Page.Verify customize button does not display if inventory is zero for customize products</td>
										<td><span class='test-status pass'>pass</span></td>
									</tr>
									<tr>
										<td>May 2, 2019 10:17:45 PM</td>
										<td class='linked' test-id='211'>Verify multiple scenarios on Product List page.Verify on clicking product name and image it redirects to product detail page</td>
										<td><span class='test-status pass'>pass</span></td>
									</tr>
									<tr>
										<td>May 2, 2019 10:19:08 PM</td>
										<td class='linked' test-id='220'>Verify multiple scenarios on Product List page.Verify on hovering the mouse over the product shows the quick shop button</td>
										<td><span class='test-status pass'>pass</span></td>
									</tr>
									<tr>
										<td>May 2, 2019 10:20:14 PM</td>
										<td class='linked' test-id='227'>Verify multiple scenarios on Product List page.Verify Items per page dropdown is working fine and products are listed as per option selected ie. 12,36,100 and View All</td>
										<td><span class='test-status fail'>fail</span></td>
									</tr>
									<tr>
										<td>May 2, 2019 10:21:46 PM</td>
										<td class='linked' test-id='234'>Verify multiple scenarios on Product List page.Validate Sort By dropdoown is working fine and page sorts as per selected option ie:Popularity,Recency,Low to High,High to Low</td>
										<td><span class='test-status pass'>pass</span></td>
									</tr>
									<tr>
										<td>May 2, 2019 10:23:19 PM</td>
										<td class='linked' test-id='243'>Verify multiple scenarios on Product List page.Verify filter options are working fine and page gets filter as per selected filter.</td>
										<td><span class='test-status fail'>fail</span></td>
									</tr>
									<tr>
										<td>May 2, 2019 10:25:24 PM</td>
										<td class='linked' test-id='254'>Verify multiple scenarios on Product List page.Verify removing all filters by clicking clear all link</td>
										<td><span class='test-status pass'>pass</span></td>
									</tr>
									<tr>
										<td>May 2, 2019 10:26:48 PM</td>
										<td class='linked' test-id='263'>Verify multiple scenarios on Product List page.Verify pagination is working fine ie.page numbers and arrows</td>
										<td><span class='test-status fail'>fail</span></td>
									</tr>
									<tr>
										<td>May 2, 2019 10:28:16 PM</td>
										<td class='linked' test-id='274'>Verify multiple scenarios on Product List page.Verify Quick Shop functionality on every product</td>
										<td><span class='test-status pass'>pass</span></td>
									</tr>
									<tr>
										<td>May 2, 2019 10:29:34 PM</td>
										<td class='linked' test-id='284'>Verify multiple scenarios on Quick Shop.Verify accordion on click to quickshop button</td>
										<td><span class='test-status pass'>pass</span></td>
									</tr>
									<tr>
										<td>May 2, 2019 10:30:51 PM</td>
										<td class='linked' test-id='291'>Verify multiple scenarios on Quick Shop.Verify Expand/Collapse functionality on tabs on accordion under quickshop</td>
										<td><span class='test-status pass'>pass</span></td>
									</tr>
									<tr>
										<td>May 2, 2019 10:32:26 PM</td>
										<td class='linked' test-id='300'>Verify multiple scenarios on Quick Shop.Verify Quantity field on accordion and Quantity field updation under quickShop</td>
										<td><span class='test-status fail'>fail</span></td>
									</tr>
									<tr>
										<td>May 2, 2019 10:33:45 PM</td>
										<td class='linked' test-id='312'>Verify multiple scenarios on Quick Shop.Verify add to cart button on accordion under quickshop and its functionality on accordion under quickshop</td>
										<td><span class='test-status fail'>fail</span></td>
									</tr>
									<tr>
										<td>May 2, 2019 10:35:06 PM</td>
										<td class='linked' test-id='322'>Verify multiple scenarios on Quick Shop.Verify Personalize button on accordion under quickshop and its functionality on accordion under quickshop</td>
										<td><span class='test-status pass'>pass</span></td>
									</tr>
									<tr>
										<td>May 2, 2019 10:36:44 PM</td>
										<td class='linked' test-id='332'>Verify multiple scenarios on Quick Shop.Verify View full details hyperlink functionality</td>
										<td><span class='test-status pass'>pass</span></td>
									</tr>
									<tr>
										<td>May 2, 2019 10:38:00 PM</td>
										<td class='linked' test-id='340'>Verify multiple scenarios on Quick Shop.Verify minimum quantity validation on accordion</td>
										<td><span class='test-status fail'>fail</span></td>
									</tr>
								</tbody>
							</table>
						</div>
					</div>
				</li>
				<li class='category displayed active'>
					<div class='category-heading'>
						<span class='category-name'>@HomePageFeature</span>
						<span class='category-status right'>
							<span class='label pass'>4</span>
							<span class='label fail'>1</span>
						</span>
					</div>
					<div class='category-content hide'>
						<div class='category-status-counts'>
							<span class='label green accent-4 white-text'>Passed: 4</span>
							<span class='label red lighten-1 white-text'>Failed: 1</span>
							
						</div>
					
						<div class='category-tests'>
							<table class='bordered table-results'>
								<thead>
									<tr>
										<th>Timestamp</th>
										<th>TestName</th>
										<th>Status</th>
									</tr>
								</thead>
								<tbody>
									<tr>
										<td>May 2, 2019 09:56:35 PM</td>
										<td class='linked' test-id='49'>Verify multiple scenarios on Home Page</td>
										<td><span class='test-status fail'>fail</span></td>
									</tr>
									<tr>
										<td>May 2, 2019 10:05:14 PM</td>
										<td class='linked' test-id='116'>Verify multiple scenarios on Home Page.Verify sign up form is visible in footer and on filling valid email it redirects to email sign up page.Verify sign up form is visible in footer and on filling valid email it redirects to email sign up page</td>
										<td><span class='test-status pass'>pass</span></td>
									</tr>
									<tr>
										<td>May 2, 2019 10:05:59 PM</td>
										<td class='linked' test-id='122'>Verify multiple scenarios on Home Page.Verify login is working and user is able to login.Verify login is working and user is able to login</td>
										<td><span class='test-status pass'>pass</span></td>
									</tr>
									<tr>
										<td>May 2, 2019 10:07:04 PM</td>
										<td class='linked' test-id='130'>Verify multiple scenarios on Home Page.Verify user is able to register and subscribe from new shopper in login lite.Verify user is able to register and subscribe from new shopper in login lite</td>
										<td><span class='test-status pass'>pass</span></td>
									</tr>
									<tr>
										<td>May 2, 2019 10:10:39 PM</td>
										<td class='linked' test-id='160'>Verify multiple scenarios on Home Page.Verify login is working and user is able to login.Verify login is working and user is able to login</td>
										<td><span class='test-status pass'>pass</span></td>
									</tr>
								</tbody>
							</table>
						</div>
					</div>
				</li>
				<li class='category displayed active'>
					<div class='category-heading'>
						<span class='category-name'>@HomePage</span>
						<span class='category-status right'>
							<span class='label pass'>12</span>
							<span class='label fail'>3</span>
						</span>
					</div>
					<div class='category-content hide'>
						<div class='category-status-counts'>
							<span class='label green accent-4 white-text'>Passed: 12</span>
							<span class='label red lighten-1 white-text'>Failed: 3</span>
							
						</div>
					
						<div class='category-tests'>
							<table class='bordered table-results'>
								<thead>
									<tr>
										<th>Timestamp</th>
										<th>TestName</th>
										<th>Status</th>
									</tr>
								</thead>
								<tbody>
									<tr>
										<td>May 2, 2019 09:56:35 PM</td>
										<td class='linked' test-id='50'>Verify multiple scenarios on Home Page.Verify click on logo of the website is working and redirect on home page</td>
										<td><span class='test-status pass'>pass</span></td>
									</tr>
									<tr>
										<td>May 2, 2019 09:57:21 PM</td>
										<td class='linked' test-id='55'>Verify multiple scenarios on Home Page.Verify flag icon is clickable and on clicking any country it redirects to specific country site</td>
										<td><span class='test-status fail'>fail</span></td>
									</tr>
									<tr>
										<td>May 2, 2019 09:58:27 PM</td>
										<td class='linked' test-id='60'>Verify multiple scenarios on Home Page.Verify lite Login icon is clickable and working fine</td>
										<td><span class='test-status pass'>pass</span></td>
									</tr>
									<tr>
										<td>May 2, 2019 09:59:11 PM</td>
										<td class='linked' test-id='65'>Verify multiple scenarios on Home Page.Verify cart icon is present and on hovering icon should show the items present in cart</td>
										<td><span class='test-status pass'>pass</span></td>
									</tr>
									<tr>
										<td>May 2, 2019 09:59:58 PM</td>
										<td class='linked' test-id='70'>Verify multiple scenarios on Home Page.Verify Design your own button redirects to fluid page</td>
										<td><span class='test-status pass'>pass</span></td>
									</tr>
									<tr>
										<td>May 2, 2019 10:00:44 PM</td>
										<td class='linked' test-id='75'>Verify multiple scenarios on Home Page.Verify all the parent categories are visible and redirects to specific page</td>
										<td><span class='test-status fail'>fail</span></td>
									</tr>
									<tr>
										<td>May 2, 2019 10:02:06 PM</td>
										<td class='linked' test-id='86'>Verify multiple scenarios on Home Page.Verify Sub-categories under parent categories are visible and redirects to specific page</td>
										<td><span class='test-status pass'>pass</span></td>
									</tr>
									<tr>
										<td>May 2, 2019 10:03:01 PM</td>
										<td class='linked' test-id='91'>Verify multiple scenarios on Home Page.Verify all footer links are working and on clicking links user is redirected to specific page</td>
										<td><span class='test-status pass'>pass</span></td>
									</tr>
									<tr>
										<td>May 2, 2019 10:04:03 PM</td>
										<td class='linked' test-id='102'>Verify multiple scenarios on Home Page.Verify in footer social icons are visible and on clicking redirects to specific social page</td>
										<td><span class='test-status pass'>pass</span></td>
									</tr>
									<tr>
										<td>May 2, 2019 10:05:14 PM</td>
										<td class='linked' test-id='116'>Verify multiple scenarios on Home Page.Verify sign up form is visible in footer and on filling valid email it redirects to email sign up page.Verify sign up form is visible in footer and on filling valid email it redirects to email sign up page</td>
										<td><span class='test-status pass'>pass</span></td>
									</tr>
									<tr>
										<td>May 2, 2019 10:05:59 PM</td>
										<td class='linked' test-id='122'>Verify multiple scenarios on Home Page.Verify login is working and user is able to login.Verify login is working and user is able to login</td>
										<td><span class='test-status pass'>pass</span></td>
									</tr>
									<tr>
										<td>May 2, 2019 10:07:04 PM</td>
										<td class='linked' test-id='130'>Verify multiple scenarios on Home Page.Verify user is able to register and subscribe from new shopper in login lite.Verify user is able to register and subscribe from new shopper in login lite</td>
										<td><span class='test-status pass'>pass</span></td>
									</tr>
									<tr>
										<td>May 2, 2019 10:07:58 PM</td>
										<td class='linked' test-id='139'>Verify multiple scenarios on Home Page.Verify forgot password is working in lite login screen</td>
										<td><span class='test-status fail'>fail</span></td>
									</tr>
									<tr>
										<td>May 2, 2019 10:09:04 PM</td>
										<td class='linked' test-id='144'>Verify multiple scenarios on Home Page.Verify All the validation error message is coming in lite login if put wrong data in fields or for empty fields</td>
										<td><span class='test-status pass'>pass</span></td>
									</tr>
									<tr>
										<td>May 2, 2019 10:10:39 PM</td>
										<td class='linked' test-id='160'>Verify multiple scenarios on Home Page.Verify login is working and user is able to login.Verify login is working and user is able to login</td>
										<td><span class='test-status pass'>pass</span></td>
									</tr>
								</tbody>
							</table>
						</div>
					</div>
				</li>
				<li class='category displayed active'>
					<div class='category-heading'>
						<span class='category-name'>@ProductDetailPageFeature</span>
						<span class='category-status right'>
							<span class='label fail'>1</span>
						</span>
					</div>
					<div class='category-content hide'>
						<div class='category-status-counts'>
							
							<span class='label red lighten-1 white-text'>Failed: 1</span>
							
						</div>
					
						<div class='category-tests'>
							<table class='bordered table-results'>
								<thead>
									<tr>
										<th>Timestamp</th>
										<th>TestName</th>
										<th>Status</th>
									</tr>
								</thead>
								<tbody>
									<tr>
										<td>May 2, 2019 10:12:00 PM</td>
										<td class='linked' test-id='168'>Verify multiple scenarios on Product Detail Page</td>
										<td><span class='test-status fail'>fail</span></td>
									</tr>
								</tbody>
							</table>
						</div>
					</div>
				</li>
				<li class='category displayed active'>
					<div class='category-heading'>
						<span class='category-name'>@PDP</span>
						<span class='category-status right'>
							<span class='label pass'>4</span>
							<span class='label fail'>1</span>
						</span>
					</div>
					<div class='category-content hide'>
						<div class='category-status-counts'>
							<span class='label green accent-4 white-text'>Passed: 4</span>
							<span class='label red lighten-1 white-text'>Failed: 1</span>
							
						</div>
					
						<div class='category-tests'>
							<table class='bordered table-results'>
								<thead>
									<tr>
										<th>Timestamp</th>
										<th>TestName</th>
										<th>Status</th>
									</tr>
								</thead>
								<tbody>
									<tr>
										<td>May 2, 2019 10:12:00 PM</td>
										<td class='linked' test-id='169'>Verify multiple scenarios on Product Detail Page.Verify the hyperlinks in the breadcrumbs are clickable and redirects to the respective category</td>
										<td><span class='test-status pass'>pass</span></td>
									</tr>
									<tr>
										<td>May 2, 2019 10:13:14 PM</td>
										<td class='linked' test-id='178'>Verify multiple scenarios on Product Detail Page.Verify Quantity box is showing with - & + sign to increase and descrease quantity - For normal products</td>
										<td><span class='test-status pass'>pass</span></td>
									</tr>
									<tr>
										<td>May 2, 2019 10:14:29 PM</td>
										<td class='linked' test-id='185'>Verify multiple scenarios on Product Detail Page.Verify Add to cart button is working and displays for normal products</td>
										<td><span class='test-status pass'>pass</span></td>
									</tr>
									<tr>
										<td>May 2, 2019 10:15:37 PM</td>
										<td class='linked' test-id='194'>Verify multiple scenarios on Product Detail Page.Verify Personalize button is clickable and redirects to fluid page and displays only for customize products</td>
										<td><span class='test-status fail'>fail</span></td>
									</tr>
									<tr>
										<td>May 2, 2019 10:16:42 PM</td>
										<td class='linked' test-id='203'>Verify multiple scenarios on Product Detail Page.Verify customize button does not display if inventory is zero for customize products</td>
										<td><span class='test-status pass'>pass</span></td>
									</tr>
								</tbody>
							</table>
						</div>
					</div>
				</li>
				<li class='category displayed active'>
					<div class='category-heading'>
						<span class='category-name'>@ProductListFeature</span>
						<span class='category-status right'>
							<span class='label fail'>1</span>
						</span>
					</div>
					<div class='category-content hide'>
						<div class='category-status-counts'>
							
							<span class='label red lighten-1 white-text'>Failed: 1</span>
							
						</div>
					
						<div class='category-tests'>
							<table class='bordered table-results'>
								<thead>
									<tr>
										<th>Timestamp</th>
										<th>TestName</th>
										<th>Status</th>
									</tr>
								</thead>
								<tbody>
									<tr>
										<td>May 2, 2019 10:17:45 PM</td>
										<td class='linked' test-id='210'>Verify multiple scenarios on Product List page</td>
										<td><span class='test-status fail'>fail</span></td>
									</tr>
								</tbody>
							</table>
						</div>
					</div>
				</li>
				<li class='category displayed active'>
					<div class='category-heading'>
						<span class='category-name'>@ProductList</span>
						<span class='category-status right'>
							<span class='label pass'>5</span>
							<span class='label fail'>3</span>
						</span>
					</div>
					<div class='category-content hide'>
						<div class='category-status-counts'>
							<span class='label green accent-4 white-text'>Passed: 5</span>
							<span class='label red lighten-1 white-text'>Failed: 3</span>
							
						</div>
					
						<div class='category-tests'>
							<table class='bordered table-results'>
								<thead>
									<tr>
										<th>Timestamp</th>
										<th>TestName</th>
										<th>Status</th>
									</tr>
								</thead>
								<tbody>
									<tr>
										<td>May 2, 2019 10:17:45 PM</td>
										<td class='linked' test-id='211'>Verify multiple scenarios on Product List page.Verify on clicking product name and image it redirects to product detail page</td>
										<td><span class='test-status pass'>pass</span></td>
									</tr>
									<tr>
										<td>May 2, 2019 10:19:08 PM</td>
										<td class='linked' test-id='220'>Verify multiple scenarios on Product List page.Verify on hovering the mouse over the product shows the quick shop button</td>
										<td><span class='test-status pass'>pass</span></td>
									</tr>
									<tr>
										<td>May 2, 2019 10:20:14 PM</td>
										<td class='linked' test-id='227'>Verify multiple scenarios on Product List page.Verify Items per page dropdown is working fine and products are listed as per option selected ie. 12,36,100 and View All</td>
										<td><span class='test-status fail'>fail</span></td>
									</tr>
									<tr>
										<td>May 2, 2019 10:21:46 PM</td>
										<td class='linked' test-id='234'>Verify multiple scenarios on Product List page.Validate Sort By dropdoown is working fine and page sorts as per selected option ie:Popularity,Recency,Low to High,High to Low</td>
										<td><span class='test-status pass'>pass</span></td>
									</tr>
									<tr>
										<td>May 2, 2019 10:23:19 PM</td>
										<td class='linked' test-id='243'>Verify multiple scenarios on Product List page.Verify filter options are working fine and page gets filter as per selected filter.</td>
										<td><span class='test-status fail'>fail</span></td>
									</tr>
									<tr>
										<td>May 2, 2019 10:25:24 PM</td>
										<td class='linked' test-id='254'>Verify multiple scenarios on Product List page.Verify removing all filters by clicking clear all link</td>
										<td><span class='test-status pass'>pass</span></td>
									</tr>
									<tr>
										<td>May 2, 2019 10:26:48 PM</td>
										<td class='linked' test-id='263'>Verify multiple scenarios on Product List page.Verify pagination is working fine ie.page numbers and arrows</td>
										<td><span class='test-status fail'>fail</span></td>
									</tr>
									<tr>
										<td>May 2, 2019 10:28:16 PM</td>
										<td class='linked' test-id='274'>Verify multiple scenarios on Product List page.Verify Quick Shop functionality on every product</td>
										<td><span class='test-status pass'>pass</span></td>
									</tr>
								</tbody>
							</table>
						</div>
					</div>
				</li>
				<li class='category displayed active'>
					<div class='category-heading'>
						<span class='category-name'>@QuickShopFeature</span>
						<span class='category-status right'>
							<span class='label fail'>1</span>
						</span>
					</div>
					<div class='category-content hide'>
						<div class='category-status-counts'>
							
							<span class='label red lighten-1 white-text'>Failed: 1</span>
							
						</div>
					
						<div class='category-tests'>
							<table class='bordered table-results'>
								<thead>
									<tr>
										<th>Timestamp</th>
										<th>TestName</th>
										<th>Status</th>
									</tr>
								</thead>
								<tbody>
									<tr>
										<td>May 2, 2019 10:29:34 PM</td>
										<td class='linked' test-id='283'>Verify multiple scenarios on Quick Shop</td>
										<td><span class='test-status fail'>fail</span></td>
									</tr>
								</tbody>
							</table>
						</div>
					</div>
				</li>
				<li class='category displayed active'>
					<div class='category-heading'>
						<span class='category-name'>@QuickShop</span>
						<span class='category-status right'>
							<span class='label pass'>4</span>
							<span class='label fail'>3</span>
						</span>
					</div>
					<div class='category-content hide'>
						<div class='category-status-counts'>
							<span class='label green accent-4 white-text'>Passed: 4</span>
							<span class='label red lighten-1 white-text'>Failed: 3</span>
							
						</div>
					
						<div class='category-tests'>
							<table class='bordered table-results'>
								<thead>
									<tr>
										<th>Timestamp</th>
										<th>TestName</th>
										<th>Status</th>
									</tr>
								</thead>
								<tbody>
									<tr>
										<td>May 2, 2019 10:29:34 PM</td>
										<td class='linked' test-id='284'>Verify multiple scenarios on Quick Shop.Verify accordion on click to quickshop button</td>
										<td><span class='test-status pass'>pass</span></td>
									</tr>
									<tr>
										<td>May 2, 2019 10:30:51 PM</td>
										<td class='linked' test-id='291'>Verify multiple scenarios on Quick Shop.Verify Expand/Collapse functionality on tabs on accordion under quickshop</td>
										<td><span class='test-status pass'>pass</span></td>
									</tr>
									<tr>
										<td>May 2, 2019 10:32:26 PM</td>
										<td class='linked' test-id='300'>Verify multiple scenarios on Quick Shop.Verify Quantity field on accordion and Quantity field updation under quickShop</td>
										<td><span class='test-status fail'>fail</span></td>
									</tr>
									<tr>
										<td>May 2, 2019 10:33:45 PM</td>
										<td class='linked' test-id='312'>Verify multiple scenarios on Quick Shop.Verify add to cart button on accordion under quickshop and its functionality on accordion under quickshop</td>
										<td><span class='test-status fail'>fail</span></td>
									</tr>
									<tr>
										<td>May 2, 2019 10:35:06 PM</td>
										<td class='linked' test-id='322'>Verify multiple scenarios on Quick Shop.Verify Personalize button on accordion under quickshop and its functionality on accordion under quickshop</td>
										<td><span class='test-status pass'>pass</span></td>
									</tr>
									<tr>
										<td>May 2, 2019 10:36:44 PM</td>
										<td class='linked' test-id='332'>Verify multiple scenarios on Quick Shop.Verify View full details hyperlink functionality</td>
										<td><span class='test-status pass'>pass</span></td>
									</tr>
									<tr>
										<td>May 2, 2019 10:38:00 PM</td>
										<td class='linked' test-id='340'>Verify multiple scenarios on Quick Shop.Verify minimum quantity validation on accordion</td>
										<td><span class='test-status fail'>fail</span></td>
									</tr>
								</tbody>
							</table>
						</div>
					</div>
				</li>

			</ul>
		</div>
	</div>

	<div class='subview-right left'>
		<div class='view-summary'>
			<h5 class='category-name'></h5>
		</div>
	</div>
</div>
<!-- category view -->
<div id='exception-view' class='view hide'>

    <section id='controls'>
        <div class='controls grey lighten-4'>
            <!-- search -->
            <div class='chip transparent' alt='Search Tests' title='Search Tests'>
                <a href="#" class='search-div'>
                    <i class='material-icons'>search</i> Search
                </a>

                <div class='input-field left hide'>
                    <input id='search-tests' type='text' class='validate browser-default' placeholder='Search Tests...'>
                </div>

            </div>
            <!-- search -->
        </div>
    </section>

    <div class='subview-left left'>

        <div class='view-summary'>
            <h5>Exceptions</h3>
                <ul id='exception-collection' class='exception-collection'>

                        <li class='exception displayed active'>
                            <div class='exception-heading'>
                                <span class='exception-name'>org.openqa.selenium.NoSuchElementException</span>
                                <span class='exception-count right'><span class='label red lighten-1 white-text'>5</span></span>
                            </div>
                            <div class='exception-content hide'>
                                <div class='exception-tests'>
                                    <table class='bordered table-results'>
                                        <thead>
                                        <tr>
                                            <th>Timestamp</th>
                                            <th>TestName</th>
                                            <th>Status</th>
                                        </tr>
                                        </thead>
                                        <tbody>
                                                    <tr>
                                                        <td>May 2, 2019 09:53:07 PM</td>
                                                        <td class='linked' test-id='20'>Verify multiple scenarios on Home Page.Verify quantity / price each / price / Subtotal is displaying correct in global cart.Then quantity / price each / price / Subtotal is displaying correct in global cart</td>
                                                        <td><pre><pre>org.openqa.selenium.NoSuchElementException: no such element: Unable to locate element: {"method":"xpath","selector":"(//span[@class='is-not-ranged mz-price is-crossedout'])[2]"}
  (Session info: chrome=73.0.3683.103)
  (Driver info: chromedriver=2.40.565498 (ea082db3280dd6843ebfb08a625e3eb905c4f5ab),platform=Windows NT 6.1.7601 SP1 x86_64) (WARNING: The server did not provide any stacktrace information)
Command duration or timeout: 0 milliseconds
For documentation on this error, please visit: http://seleniumhq.org/exceptions/no_such_element.html
Build info: version: '3.5.1', revision: '9c21bb67ef', time: '2017-08-17T15:26:08.955Z'
System info: host: 'TRANTOR114', ip: '172.16.254.198', os.name: 'Windows 7', os.arch: 'amd64', os.version: '6.1', java.version: '1.8.0_171'
Driver info: org.openqa.selenium.chrome.ChromeDriver
Capabilities [{mobileEmulationEnabled=false, hasTouchScreen=false, platform=XP, acceptSslCerts=false, acceptInsecureCerts=false, webStorageEnabled=true, browserName=chrome, takesScreenshot=true, javascriptEnabled=true, setWindowRect=true, unexpectedAlertBehaviour=, applicationCacheEnabled=false, rotatable=false, networkConnectionEnabled=false, chrome={chromedriverVersion=2.40.565498 (ea082db3280dd6843ebfb08a625e3eb905c4f5ab), userDataDir=C:\Users\VIBHAV~1.GUP\AppData\Local\Temp\scoped_dir6136_17722}, takesHeapSnapshot=true, pageLoadStrategy=normal, unhandledPromptBehavior=, databaseEnabled=false, handlesAlerts=true, version=73.0.3683.103, browserConnectionEnabled=false, nativeEvents=true, locationContextEnabled=true, cssSelectorsEnabled=true}]
Session ID: 832d53212f9abc881ab7a199072ca620
*** Element info: {Using=xpath, value=(//span[@class='is-not-ranged mz-price is-crossedout'])[2]}
	at sun.reflect.NativeConstructorAccessorImpl.newInstance0(Native Method)
	at sun.reflect.NativeConstructorAccessorImpl.newInstance(NativeConstructorAccessorImpl.java:62)
	at sun.reflect.DelegatingConstructorAccessorImpl.newInstance(DelegatingConstructorAccessorImpl.java:45)
	at java.lang.reflect.Constructor.newInstance(Constructor.java:423)
	at org.openqa.selenium.remote.ErrorHandler.createThrowable(ErrorHandler.java:215)
	at org.openqa.selenium.remote.ErrorHandler.throwIfResponseFailed(ErrorHandler.java:167)
	at org.openqa.selenium.remote.http.JsonHttpResponseCodec.reconstructValue(JsonHttpResponseCodec.java:40)
	at org.openqa.selenium.remote.http.AbstractHttpResponseCodec.decode(AbstractHttpResponseCodec.java:82)
	at org.openqa.selenium.remote.http.AbstractHttpResponseCodec.decode(AbstractHttpResponseCodec.java:45)
	at org.openqa.selenium.remote.HttpCommandExecutor.execute(HttpCommandExecutor.java:164)
	at org.openqa.selenium.remote.service.DriverCommandExecutor.execute(DriverCommandExecutor.java:82)
	at org.openqa.selenium.remote.RemoteWebDriver.execute(RemoteWebDriver.java:641)
	at org.openqa.selenium.remote.RemoteWebDriver.findElement(RemoteWebDriver.java:414)
	at org.openqa.selenium.remote.RemoteWebDriver.findElementByXPath(RemoteWebDriver.java:513)
	at org.openqa.selenium.By$ByXPath.findElement(By.java:361)
	at org.openqa.selenium.remote.RemoteWebDriver.findElement(RemoteWebDriver.java:406)
	at org.openqa.selenium.support.pagefactory.DefaultElementLocator.findElement(DefaultElementLocator.java:69)
	at org.openqa.selenium.support.pagefactory.internal.LocatingElementHandler.invoke(LocatingElementHandler.java:38)
	at com.sun.proxy.$Proxy22.getText(Unknown Source)
	at step_definitions.GlobalCart.quantity_price_each_price_Subtotal_is_displaying_correct_in_global_cart(GlobalCart.java:75)
	at ?.Then quantity / price each / price / Subtotal is displaying correct in global cart(features/GlobalCart.feature:25)
</pre></pre></td>
                                                    </tr>
                                                    <tr>
                                                        <td>May 2, 2019 10:16:26 PM</td>
                                                        <td class='linked' test-id='199'>Verify multiple scenarios on Product Detail Page.Verify Personalize button is clickable and redirects to fluid page and displays only for customize products.When I click on personalize button</td>
                                                        <td><pre><pre>org.openqa.selenium.NoSuchElementException: no such element: Unable to locate element: {"method":"xpath","selector":"//button[contains(text(),'Personalize')]"}
  (Session info: chrome=73.0.3683.103)
  (Driver info: chromedriver=2.40.565498 (ea082db3280dd6843ebfb08a625e3eb905c4f5ab),platform=Windows NT 6.1.7601 SP1 x86_64) (WARNING: The server did not provide any stacktrace information)
Command duration or timeout: 0 milliseconds
For documentation on this error, please visit: http://seleniumhq.org/exceptions/no_such_element.html
Build info: version: '3.5.1', revision: '9c21bb67ef', time: '2017-08-17T15:26:08.955Z'
System info: host: 'TRANTOR114', ip: '172.16.254.198', os.name: 'Windows 7', os.arch: 'amd64', os.version: '6.1', java.version: '1.8.0_171'
Driver info: org.openqa.selenium.chrome.ChromeDriver
Capabilities [{mobileEmulationEnabled=false, hasTouchScreen=false, platform=XP, acceptSslCerts=false, acceptInsecureCerts=false, webStorageEnabled=true, browserName=chrome, takesScreenshot=true, javascriptEnabled=true, setWindowRect=true, unexpectedAlertBehaviour=, applicationCacheEnabled=false, rotatable=false, networkConnectionEnabled=false, chrome={chromedriverVersion=2.40.565498 (ea082db3280dd6843ebfb08a625e3eb905c4f5ab), userDataDir=C:\Users\VIBHAV~1.GUP\AppData\Local\Temp\scoped_dir6660_11225}, takesHeapSnapshot=true, pageLoadStrategy=normal, unhandledPromptBehavior=, databaseEnabled=false, handlesAlerts=true, version=73.0.3683.103, browserConnectionEnabled=false, nativeEvents=true, locationContextEnabled=true, cssSelectorsEnabled=true}]
Session ID: 51f714bb4fff4f57ce1afd72d959797e
*** Element info: {Using=xpath, value=//button[contains(text(),'Personalize')]}
	at sun.reflect.NativeConstructorAccessorImpl.newInstance0(Native Method)
	at sun.reflect.NativeConstructorAccessorImpl.newInstance(NativeConstructorAccessorImpl.java:62)
	at sun.reflect.DelegatingConstructorAccessorImpl.newInstance(DelegatingConstructorAccessorImpl.java:45)
	at java.lang.reflect.Constructor.newInstance(Constructor.java:423)
	at org.openqa.selenium.remote.ErrorHandler.createThrowable(ErrorHandler.java:215)
	at org.openqa.selenium.remote.ErrorHandler.throwIfResponseFailed(ErrorHandler.java:167)
	at org.openqa.selenium.remote.http.JsonHttpResponseCodec.reconstructValue(JsonHttpResponseCodec.java:40)
	at org.openqa.selenium.remote.http.AbstractHttpResponseCodec.decode(AbstractHttpResponseCodec.java:82)
	at org.openqa.selenium.remote.http.AbstractHttpResponseCodec.decode(AbstractHttpResponseCodec.java:45)
	at org.openqa.selenium.remote.HttpCommandExecutor.execute(HttpCommandExecutor.java:164)
	at org.openqa.selenium.remote.service.DriverCommandExecutor.execute(DriverCommandExecutor.java:82)
	at org.openqa.selenium.remote.RemoteWebDriver.execute(RemoteWebDriver.java:641)
	at org.openqa.selenium.remote.RemoteWebDriver.findElement(RemoteWebDriver.java:414)
	at org.openqa.selenium.remote.RemoteWebDriver.findElementByXPath(RemoteWebDriver.java:513)
	at org.openqa.selenium.By$ByXPath.findElement(By.java:361)
	at org.openqa.selenium.remote.RemoteWebDriver.findElement(RemoteWebDriver.java:406)
	at org.openqa.selenium.support.pagefactory.DefaultElementLocator.findElement(DefaultElementLocator.java:69)
	at org.openqa.selenium.support.pagefactory.internal.LocatingElementHandler.invoke(LocatingElementHandler.java:38)
	at com.sun.proxy.$Proxy22.getWrappedElement(Unknown Source)
	at org.openqa.selenium.remote.internal.WebElementToJsonConverter.apply(WebElementToJsonConverter.java:51)
	at com.google.common.collect.Iterators$6.transform(Iterators.java:820)
	at com.google.common.collect.TransformedIterator.next(TransformedIterator.java:48)
	at com.google.common.collect.Iterators.addAll(Iterators.java:373)
	at com.google.common.collect.Lists.newArrayList(Lists.java:165)
	at com.google.common.collect.Lists.newArrayList(Lists.java:150)
	at org.openqa.selenium.remote.RemoteWebDriver.executeScript(RemoteWebDriver.java:575)
	at helpers.GlobalUtil.highlight(GlobalUtil.java:257)
	at helpers.GlobalUtil.clickOnElementUsingJS(GlobalUtil.java:116)
	at step_definitions.ProductDetailPage.i_click_on_personalize_button(ProductDetailPage.java:97)
	at ?.When I click on personalize button(features/ProductDetailPage.feature:31)
</pre></pre></td>
                                                    </tr>
                                                    <tr>
                                                        <td>May 2, 2019 10:33:29 PM</td>
                                                        <td class='linked' test-id='306'>Verify multiple scenarios on Quick Shop.Verify Quantity field on accordion and Quantity field updation under quickShop.When I click on Quick Shop button</td>
                                                        <td><pre><pre>org.openqa.selenium.NoSuchElementException: no such element: Unable to locate element: {"method":"xpath","selector":"(//a[@class='mz-productlisting-title product-name'])[2]"}
  (Session info: chrome=73.0.3683.103)
  (Driver info: chromedriver=2.40.565498 (ea082db3280dd6843ebfb08a625e3eb905c4f5ab),platform=Windows NT 6.1.7601 SP1 x86_64) (WARNING: The server did not provide any stacktrace information)
Command duration or timeout: 0 milliseconds
For documentation on this error, please visit: http://seleniumhq.org/exceptions/no_such_element.html
Build info: version: '3.5.1', revision: '9c21bb67ef', time: '2017-08-17T15:26:08.955Z'
System info: host: 'TRANTOR114', ip: '172.16.254.198', os.name: 'Windows 7', os.arch: 'amd64', os.version: '6.1', java.version: '1.8.0_171'
Driver info: org.openqa.selenium.chrome.ChromeDriver
Capabilities [{mobileEmulationEnabled=false, hasTouchScreen=false, platform=XP, acceptSslCerts=false, acceptInsecureCerts=false, webStorageEnabled=true, browserName=chrome, takesScreenshot=true, javascriptEnabled=true, setWindowRect=true, unexpectedAlertBehaviour=, applicationCacheEnabled=false, rotatable=false, networkConnectionEnabled=false, chrome={chromedriverVersion=2.40.565498 (ea082db3280dd6843ebfb08a625e3eb905c4f5ab), userDataDir=C:\Users\VIBHAV~1.GUP\AppData\Local\Temp\scoped_dir6324_14970}, takesHeapSnapshot=true, pageLoadStrategy=normal, unhandledPromptBehavior=, databaseEnabled=false, handlesAlerts=true, version=73.0.3683.103, browserConnectionEnabled=false, nativeEvents=true, locationContextEnabled=true, cssSelectorsEnabled=true}]
Session ID: adbc500d95f44e3bf7140cde6f057615
*** Element info: {Using=xpath, value=(//a[@class='mz-productlisting-title product-name'])[2]}
	at sun.reflect.NativeConstructorAccessorImpl.newInstance0(Native Method)
	at sun.reflect.NativeConstructorAccessorImpl.newInstance(NativeConstructorAccessorImpl.java:62)
	at sun.reflect.DelegatingConstructorAccessorImpl.newInstance(DelegatingConstructorAccessorImpl.java:45)
	at java.lang.reflect.Constructor.newInstance(Constructor.java:423)
	at org.openqa.selenium.remote.ErrorHandler.createThrowable(ErrorHandler.java:215)
	at org.openqa.selenium.remote.ErrorHandler.throwIfResponseFailed(ErrorHandler.java:167)
	at org.openqa.selenium.remote.http.JsonHttpResponseCodec.reconstructValue(JsonHttpResponseCodec.java:40)
	at org.openqa.selenium.remote.http.AbstractHttpResponseCodec.decode(AbstractHttpResponseCodec.java:82)
	at org.openqa.selenium.remote.http.AbstractHttpResponseCodec.decode(AbstractHttpResponseCodec.java:45)
	at org.openqa.selenium.remote.HttpCommandExecutor.execute(HttpCommandExecutor.java:164)
	at org.openqa.selenium.remote.service.DriverCommandExecutor.execute(DriverCommandExecutor.java:82)
	at org.openqa.selenium.remote.RemoteWebDriver.execute(RemoteWebDriver.java:641)
	at org.openqa.selenium.remote.RemoteWebDriver.findElement(RemoteWebDriver.java:414)
	at org.openqa.selenium.remote.RemoteWebDriver.findElementByXPath(RemoteWebDriver.java:513)
	at org.openqa.selenium.By$ByXPath.findElement(By.java:361)
	at org.openqa.selenium.remote.RemoteWebDriver.findElement(RemoteWebDriver.java:406)
	at org.openqa.selenium.support.pagefactory.DefaultElementLocator.findElement(DefaultElementLocator.java:69)
	at org.openqa.selenium.support.pagefactory.internal.LocatingElementHandler.invoke(LocatingElementHandler.java:38)
	at com.sun.proxy.$Proxy22.getWrappedElement(Unknown Source)
	at org.openqa.selenium.remote.internal.WebElementToJsonConverter.apply(WebElementToJsonConverter.java:51)
	at com.google.common.collect.Iterators$6.transform(Iterators.java:820)
	at com.google.common.collect.TransformedIterator.next(TransformedIterator.java:48)
	at com.google.common.collect.Iterators.addAll(Iterators.java:373)
	at com.google.common.collect.Lists.newArrayList(Lists.java:165)
	at com.google.common.collect.Lists.newArrayList(Lists.java:150)
	at org.openqa.selenium.remote.RemoteWebDriver.executeScript(RemoteWebDriver.java:575)
	at helpers.GlobalUtil.highlight(GlobalUtil.java:257)
	at helpers.GlobalUtil.hoverMouse(GlobalUtil.java:312)
	at step_definitions.QuickShop.i_click_on_Quick_Shop_button(QuickShop.java:46)
	at ?.When I click on Quick Shop button(features/QuickShop.feature:24)
</pre></pre></td>
                                                    </tr>
                                                    <tr>
                                                        <td>May 2, 2019 10:34:50 PM</td>
                                                        <td class='linked' test-id='318'>Verify multiple scenarios on Quick Shop.Verify add to cart button on accordion under quickshop and its functionality on accordion under quickshop.When I click on Quick Shop button</td>
                                                        <td><pre><pre>org.openqa.selenium.NoSuchElementException: no such element: Unable to locate element: {"method":"xpath","selector":"(//a[@class='mz-productlisting-title product-name'])[2]"}
  (Session info: chrome=73.0.3683.103)
  (Driver info: chromedriver=2.40.565498 (ea082db3280dd6843ebfb08a625e3eb905c4f5ab),platform=Windows NT 6.1.7601 SP1 x86_64) (WARNING: The server did not provide any stacktrace information)
Command duration or timeout: 0 milliseconds
For documentation on this error, please visit: http://seleniumhq.org/exceptions/no_such_element.html
Build info: version: '3.5.1', revision: '9c21bb67ef', time: '2017-08-17T15:26:08.955Z'
System info: host: 'TRANTOR114', ip: '172.16.254.198', os.name: 'Windows 7', os.arch: 'amd64', os.version: '6.1', java.version: '1.8.0_171'
Driver info: org.openqa.selenium.chrome.ChromeDriver
Capabilities [{mobileEmulationEnabled=false, hasTouchScreen=false, platform=XP, acceptSslCerts=false, acceptInsecureCerts=false, webStorageEnabled=true, browserName=chrome, takesScreenshot=true, javascriptEnabled=true, setWindowRect=true, unexpectedAlertBehaviour=, applicationCacheEnabled=false, rotatable=false, networkConnectionEnabled=false, chrome={chromedriverVersion=2.40.565498 (ea082db3280dd6843ebfb08a625e3eb905c4f5ab), userDataDir=C:\Users\VIBHAV~1.GUP\AppData\Local\Temp\scoped_dir5840_1073}, takesHeapSnapshot=true, pageLoadStrategy=normal, unhandledPromptBehavior=, databaseEnabled=false, handlesAlerts=true, version=73.0.3683.103, browserConnectionEnabled=false, nativeEvents=true, locationContextEnabled=true, cssSelectorsEnabled=true}]
Session ID: aa3c373289359f2daa1b9e2ecfc31bee
*** Element info: {Using=xpath, value=(//a[@class='mz-productlisting-title product-name'])[2]}
	at sun.reflect.NativeConstructorAccessorImpl.newInstance0(Native Method)
	at sun.reflect.NativeConstructorAccessorImpl.newInstance(NativeConstructorAccessorImpl.java:62)
	at sun.reflect.DelegatingConstructorAccessorImpl.newInstance(DelegatingConstructorAccessorImpl.java:45)
	at java.lang.reflect.Constructor.newInstance(Constructor.java:423)
	at org.openqa.selenium.remote.ErrorHandler.createThrowable(ErrorHandler.java:215)
	at org.openqa.selenium.remote.ErrorHandler.throwIfResponseFailed(ErrorHandler.java:167)
	at org.openqa.selenium.remote.http.JsonHttpResponseCodec.reconstructValue(JsonHttpResponseCodec.java:40)
	at org.openqa.selenium.remote.http.AbstractHttpResponseCodec.decode(AbstractHttpResponseCodec.java:82)
	at org.openqa.selenium.remote.http.AbstractHttpResponseCodec.decode(AbstractHttpResponseCodec.java:45)
	at org.openqa.selenium.remote.HttpCommandExecutor.execute(HttpCommandExecutor.java:164)
	at org.openqa.selenium.remote.service.DriverCommandExecutor.execute(DriverCommandExecutor.java:82)
	at org.openqa.selenium.remote.RemoteWebDriver.execute(RemoteWebDriver.java:641)
	at org.openqa.selenium.remote.RemoteWebDriver.findElement(RemoteWebDriver.java:414)
	at org.openqa.selenium.remote.RemoteWebDriver.findElementByXPath(RemoteWebDriver.java:513)
	at org.openqa.selenium.By$ByXPath.findElement(By.java:361)
	at org.openqa.selenium.remote.RemoteWebDriver.findElement(RemoteWebDriver.java:406)
	at org.openqa.selenium.support.pagefactory.DefaultElementLocator.findElement(DefaultElementLocator.java:69)
	at org.openqa.selenium.support.pagefactory.internal.LocatingElementHandler.invoke(LocatingElementHandler.java:38)
	at com.sun.proxy.$Proxy22.getWrappedElement(Unknown Source)
	at org.openqa.selenium.remote.internal.WebElementToJsonConverter.apply(WebElementToJsonConverter.java:51)
	at com.google.common.collect.Iterators$6.transform(Iterators.java:820)
	at com.google.common.collect.TransformedIterator.next(TransformedIterator.java:48)
	at com.google.common.collect.Iterators.addAll(Iterators.java:373)
	at com.google.common.collect.Lists.newArrayList(Lists.java:165)
	at com.google.common.collect.Lists.newArrayList(Lists.java:150)
	at org.openqa.selenium.remote.RemoteWebDriver.executeScript(RemoteWebDriver.java:575)
	at helpers.GlobalUtil.highlight(GlobalUtil.java:257)
	at helpers.GlobalUtil.hoverMouse(GlobalUtil.java:312)
	at step_definitions.QuickShop.i_click_on_Quick_Shop_button(QuickShop.java:46)
	at ?.When I click on Quick Shop button(features/QuickShop.feature:34)
</pre></pre></td>
                                                    </tr>
                                                    <tr>
                                                        <td>May 2, 2019 10:39:14 PM</td>
                                                        <td class='linked' test-id='348'>Verify multiple scenarios on Quick Shop.Verify minimum quantity validation on accordion.When I click on Quick Shop button</td>
                                                        <td><pre><pre>org.openqa.selenium.NoSuchElementException: no such element: Unable to locate element: {"method":"xpath","selector":"(//a[@class='mz-productlisting-title product-name'])[2]"}
  (Session info: chrome=73.0.3683.103)
  (Driver info: chromedriver=2.40.565498 (ea082db3280dd6843ebfb08a625e3eb905c4f5ab),platform=Windows NT 6.1.7601 SP1 x86_64) (WARNING: The server did not provide any stacktrace information)
Command duration or timeout: 0 milliseconds
For documentation on this error, please visit: http://seleniumhq.org/exceptions/no_such_element.html
Build info: version: '3.5.1', revision: '9c21bb67ef', time: '2017-08-17T15:26:08.955Z'
System info: host: 'TRANTOR114', ip: '172.16.254.198', os.name: 'Windows 7', os.arch: 'amd64', os.version: '6.1', java.version: '1.8.0_171'
Driver info: org.openqa.selenium.chrome.ChromeDriver
Capabilities [{mobileEmulationEnabled=false, hasTouchScreen=false, platform=XP, acceptSslCerts=false, acceptInsecureCerts=false, webStorageEnabled=true, browserName=chrome, takesScreenshot=true, javascriptEnabled=true, setWindowRect=true, unexpectedAlertBehaviour=, applicationCacheEnabled=false, rotatable=false, networkConnectionEnabled=false, chrome={chromedriverVersion=2.40.565498 (ea082db3280dd6843ebfb08a625e3eb905c4f5ab), userDataDir=C:\Users\VIBHAV~1.GUP\AppData\Local\Temp\scoped_dir5596_11064}, takesHeapSnapshot=true, pageLoadStrategy=normal, unhandledPromptBehavior=, databaseEnabled=false, handlesAlerts=true, version=73.0.3683.103, browserConnectionEnabled=false, nativeEvents=true, locationContextEnabled=true, cssSelectorsEnabled=true}]
Session ID: 747f14ec9738650053edf74b925ee03e
*** Element info: {Using=xpath, value=(//a[@class='mz-productlisting-title product-name'])[2]}
	at sun.reflect.NativeConstructorAccessorImpl.newInstance0(Native Method)
	at sun.reflect.NativeConstructorAccessorImpl.newInstance(NativeConstructorAccessorImpl.java:62)
	at sun.reflect.DelegatingConstructorAccessorImpl.newInstance(DelegatingConstructorAccessorImpl.java:45)
	at java.lang.reflect.Constructor.newInstance(Constructor.java:423)
	at org.openqa.selenium.remote.ErrorHandler.createThrowable(ErrorHandler.java:215)
	at org.openqa.selenium.remote.ErrorHandler.throwIfResponseFailed(ErrorHandler.java:167)
	at org.openqa.selenium.remote.http.JsonHttpResponseCodec.reconstructValue(JsonHttpResponseCodec.java:40)
	at org.openqa.selenium.remote.http.AbstractHttpResponseCodec.decode(AbstractHttpResponseCodec.java:82)
	at org.openqa.selenium.remote.http.AbstractHttpResponseCodec.decode(AbstractHttpResponseCodec.java:45)
	at org.openqa.selenium.remote.HttpCommandExecutor.execute(HttpCommandExecutor.java:164)
	at org.openqa.selenium.remote.service.DriverCommandExecutor.execute(DriverCommandExecutor.java:82)
	at org.openqa.selenium.remote.RemoteWebDriver.execute(RemoteWebDriver.java:641)
	at org.openqa.selenium.remote.RemoteWebDriver.findElement(RemoteWebDriver.java:414)
	at org.openqa.selenium.remote.RemoteWebDriver.findElementByXPath(RemoteWebDriver.java:513)
	at org.openqa.selenium.By$ByXPath.findElement(By.java:361)
	at org.openqa.selenium.remote.RemoteWebDriver.findElement(RemoteWebDriver.java:406)
	at org.openqa.selenium.support.pagefactory.DefaultElementLocator.findElement(DefaultElementLocator.java:69)
	at org.openqa.selenium.support.pagefactory.internal.LocatingElementHandler.invoke(LocatingElementHandler.java:38)
	at com.sun.proxy.$Proxy22.getWrappedElement(Unknown Source)
	at org.openqa.selenium.remote.internal.WebElementToJsonConverter.apply(WebElementToJsonConverter.java:51)
	at com.google.common.collect.Iterators$6.transform(Iterators.java:820)
	at com.google.common.collect.TransformedIterator.next(TransformedIterator.java:48)
	at com.google.common.collect.Iterators.addAll(Iterators.java:373)
	at com.google.common.collect.Lists.newArrayList(Lists.java:165)
	at com.google.common.collect.Lists.newArrayList(Lists.java:150)
	at org.openqa.selenium.remote.RemoteWebDriver.executeScript(RemoteWebDriver.java:575)
	at helpers.GlobalUtil.highlight(GlobalUtil.java:257)
	at helpers.GlobalUtil.hoverMouse(GlobalUtil.java:312)
	at step_definitions.QuickShop.i_click_on_Quick_Shop_button(QuickShop.java:46)
	at ?.When I click on Quick Shop button(features/QuickShop.feature:59)
</pre></pre></td>
                                                    </tr>
                                        </tbody>
                                    </table>
                                </div>
                            </div>
                        </li>
                        <li class='exception displayed active'>
                            <div class='exception-heading'>
                                <span class='exception-name'>org.openqa.selenium.TimeoutException</span>
                                <span class='exception-count right'><span class='label red lighten-1 white-text'>4</span></span>
                            </div>
                            <div class='exception-content hide'>
                                <div class='exception-tests'>
                                    <table class='bordered table-results'>
                                        <thead>
                                        <tr>
                                            <th>Timestamp</th>
                                            <th>TestName</th>
                                            <th>Status</th>
                                        </tr>
                                        </thead>
                                        <tbody>
                                                    <tr>
                                                        <td>May 2, 2019 09:58:01 PM</td>
                                                        <td class='linked' test-id='59'>Verify multiple scenarios on Home Page.Verify flag icon is clickable and on clicking any country it redirects to specific country site.Then it redirects to specific country site</td>
                                                        <td><pre><textarea>org.openqa.selenium.TimeoutException: Expected condition failed: waiting for visibility of [[ChromeDriver: chrome on XP (a895f210a19831e9f2202c892bc72bd2)] -> xpath: (//div[@class='country-item']//span)[7]] (tried for 20 second(s) with 500 MILLISECONDS interval)
Build info: version: '3.5.1', revision: '9c21bb67ef', time: '2017-08-17T15:26:08.955Z'
System info: host: 'TRANTOR114', ip: '172.16.254.198', os.name: 'Windows 7', os.arch: 'amd64', os.version: '6.1', java.version: '1.8.0_171'
Driver info: org.openqa.selenium.chrome.ChromeDriver
Capabilities [{mobileEmulationEnabled=false, hasTouchScreen=false, platform=XP, acceptSslCerts=false, acceptInsecureCerts=false, webStorageEnabled=true, browserName=chrome, takesScreenshot=true, javascriptEnabled=true, setWindowRect=true, unexpectedAlertBehaviour=, applicationCacheEnabled=false, rotatable=false, networkConnectionEnabled=false, chrome={chromedriverVersion=2.40.565498 (ea082db3280dd6843ebfb08a625e3eb905c4f5ab), userDataDir=C:\Users\VIBHAV~1.GUP\AppData\Local\Temp\scoped_dir5868_16312}, takesHeapSnapshot=true, pageLoadStrategy=normal, unhandledPromptBehavior=, databaseEnabled=false, handlesAlerts=true, version=73.0.3683.103, browserConnectionEnabled=false, nativeEvents=true, locationContextEnabled=true, cssSelectorsEnabled=true}]
Session ID: a895f210a19831e9f2202c892bc72bd2
	at org.openqa.selenium.support.ui.WebDriverWait.timeoutException(WebDriverWait.java:80)
	at org.openqa.selenium.support.ui.FluentWait.until(FluentWait.java:232)
	at helpers.GlobalUtil.waitForElementToBeClickable(GlobalUtil.java:102)
	at helpers.GlobalUtil.clickOnElementUsingJS(GlobalUtil.java:117)
	at step_definitions.homePage.it_redirects_to_specific_country_site(homePage.java:86)
	at ?.Then it redirects to specific country site(features/HomePage.feature:24)
</textarea></pre></td>
                                                    </tr>
                                                    <tr>
                                                        <td>May 2, 2019 10:01:40 PM</td>
                                                        <td class='linked' test-id='82'>Verify multiple scenarios on Home Page.Verify all the parent categories are visible and redirects to specific page.When I click on experienceM&M menu</td>
                                                        <td><pre><textarea>org.openqa.selenium.TimeoutException: Expected condition failed: waiting for visibility of [[ChromeDriver: chrome on XP (41d17f3dce0153a2a0fc3fb8f6f8274d)] -> xpath: (//a[contains(text(),'Experience')])[2]] (tried for 20 second(s) with 500 MILLISECONDS interval)
Build info: version: '3.5.1', revision: '9c21bb67ef', time: '2017-08-17T15:26:08.955Z'
System info: host: 'TRANTOR114', ip: '172.16.254.198', os.name: 'Windows 7', os.arch: 'amd64', os.version: '6.1', java.version: '1.8.0_171'
Driver info: org.openqa.selenium.chrome.ChromeDriver
Capabilities [{mobileEmulationEnabled=false, hasTouchScreen=false, platform=XP, acceptSslCerts=false, acceptInsecureCerts=false, webStorageEnabled=true, browserName=chrome, takesScreenshot=true, javascriptEnabled=true, setWindowRect=true, unexpectedAlertBehaviour=, applicationCacheEnabled=false, rotatable=false, networkConnectionEnabled=false, chrome={chromedriverVersion=2.40.565498 (ea082db3280dd6843ebfb08a625e3eb905c4f5ab), userDataDir=C:\Users\VIBHAV~1.GUP\AppData\Local\Temp\scoped_dir7700_10602}, takesHeapSnapshot=true, pageLoadStrategy=normal, unhandledPromptBehavior=, databaseEnabled=false, handlesAlerts=true, version=73.0.3683.103, browserConnectionEnabled=false, nativeEvents=true, locationContextEnabled=true, cssSelectorsEnabled=true}]
Session ID: 41d17f3dce0153a2a0fc3fb8f6f8274d
	at org.openqa.selenium.support.ui.WebDriverWait.timeoutException(WebDriverWait.java:80)
	at org.openqa.selenium.support.ui.FluentWait.until(FluentWait.java:232)
	at helpers.GlobalUtil.waitForElementToBeClickable(GlobalUtil.java:102)
	at helpers.GlobalUtil.clickOnElementUsingJS(GlobalUtil.java:117)
	at step_definitions.homePage.i_click_on_experienceM_M_menu(homePage.java:151)
	at ?.When I click on experienceM&M menu(features/HomePage.feature:48)
</textarea></pre></td>
                                                    </tr>
                                                    <tr>
                                                        <td>May 2, 2019 10:08:38 PM</td>
                                                        <td class='linked' test-id='142'>Verify multiple scenarios on Home Page.Verify forgot password is working in lite login screen.When I click on Forgot your Password</td>
                                                        <td><pre><textarea>org.openqa.selenium.TimeoutException: Expected condition failed: waiting for visibility of [[ChromeDriver: chrome on XP (313e9e5562f8cdd14134cd48b3add765)] -> xpath: //a[contains(text(),'Forgot your password')]] (tried for 20 second(s) with 500 MILLISECONDS interval)
Build info: version: '3.5.1', revision: '9c21bb67ef', time: '2017-08-17T15:26:08.955Z'
System info: host: 'TRANTOR114', ip: '172.16.254.198', os.name: 'Windows 7', os.arch: 'amd64', os.version: '6.1', java.version: '1.8.0_171'
Driver info: org.openqa.selenium.chrome.ChromeDriver
Capabilities [{mobileEmulationEnabled=false, hasTouchScreen=false, platform=XP, acceptSslCerts=false, acceptInsecureCerts=false, webStorageEnabled=true, browserName=chrome, takesScreenshot=true, javascriptEnabled=true, setWindowRect=true, unexpectedAlertBehaviour=, applicationCacheEnabled=false, rotatable=false, networkConnectionEnabled=false, chrome={chromedriverVersion=2.40.565498 (ea082db3280dd6843ebfb08a625e3eb905c4f5ab), userDataDir=C:\Users\VIBHAV~1.GUP\AppData\Local\Temp\scoped_dir3296_25176}, takesHeapSnapshot=true, pageLoadStrategy=normal, unhandledPromptBehavior=, databaseEnabled=false, handlesAlerts=true, version=73.0.3683.103, browserConnectionEnabled=false, nativeEvents=true, locationContextEnabled=true, cssSelectorsEnabled=true}]
Session ID: 313e9e5562f8cdd14134cd48b3add765
	at org.openqa.selenium.support.ui.WebDriverWait.timeoutException(WebDriverWait.java:80)
	at org.openqa.selenium.support.ui.FluentWait.until(FluentWait.java:232)
	at helpers.GlobalUtil.waitForElementToBeClickable(GlobalUtil.java:102)
	at helpers.GlobalUtil.clickOnElementUsingJS(GlobalUtil.java:117)
	at step_definitions.homePage.i_click_on_Forgot_your_Password(homePage.java:376)
	at ?.When I click on Forgot your Password(features/HomePage.feature:122)
</textarea></pre></td>
                                                    </tr>
                                                    <tr>
                                                        <td>May 2, 2019 10:24:53 PM</td>
                                                        <td class='linked' test-id='252'>Verify multiple scenarios on Product List page.Verify filter options are working fine and page gets filter as per selected filter..When I select another Weight</td>
                                                        <td><pre><textarea>org.openqa.selenium.TimeoutException: Expected condition failed: waiting for visibility of [[ChromeDriver: chrome on XP (2f568e4e8deceef05a78d3bcdaf1dd25)] -> xpath: (//input[@class='mz-facetingform-value'])[2]] (tried for 20 second(s) with 500 MILLISECONDS interval)
Build info: version: '3.5.1', revision: '9c21bb67ef', time: '2017-08-17T15:26:08.955Z'
System info: host: 'TRANTOR114', ip: '172.16.254.198', os.name: 'Windows 7', os.arch: 'amd64', os.version: '6.1', java.version: '1.8.0_171'
Driver info: org.openqa.selenium.chrome.ChromeDriver
Capabilities [{mobileEmulationEnabled=false, hasTouchScreen=false, platform=XP, acceptSslCerts=false, acceptInsecureCerts=false, webStorageEnabled=true, browserName=chrome, takesScreenshot=true, javascriptEnabled=true, setWindowRect=true, unexpectedAlertBehaviour=, applicationCacheEnabled=false, rotatable=false, networkConnectionEnabled=false, chrome={chromedriverVersion=2.40.565498 (ea082db3280dd6843ebfb08a625e3eb905c4f5ab), userDataDir=C:\Users\VIBHAV~1.GUP\AppData\Local\Temp\scoped_dir7008_28822}, takesHeapSnapshot=true, pageLoadStrategy=normal, unhandledPromptBehavior=, databaseEnabled=false, handlesAlerts=true, version=73.0.3683.103, browserConnectionEnabled=false, nativeEvents=true, locationContextEnabled=true, cssSelectorsEnabled=true}]
Session ID: 2f568e4e8deceef05a78d3bcdaf1dd25
	at org.openqa.selenium.support.ui.WebDriverWait.timeoutException(WebDriverWait.java:80)
	at org.openqa.selenium.support.ui.FluentWait.until(FluentWait.java:232)
	at helpers.GlobalUtil.waitForElementToBeClickable(GlobalUtil.java:102)
	at helpers.GlobalUtil.clickOnElementUsingJS(GlobalUtil.java:117)
	at step_definitions.productList.i_select_another_Weight(productList.java:134)
	at ?.When I select another Weight(features/ProductList.feature:40)
</textarea></pre></td>
                                                    </tr>
                                        </tbody>
                                    </table>
                                </div>
                            </div>
                        </li>
                        <li class='exception displayed active'>
                            <div class='exception-heading'>
                                <span class='exception-name'>java.lang.AssertionError</span>
                                <span class='exception-count right'><span class='label red lighten-1 white-text'>2</span></span>
                            </div>
                            <div class='exception-content hide'>
                                <div class='exception-tests'>
                                    <table class='bordered table-results'>
                                        <thead>
                                        <tr>
                                            <th>Timestamp</th>
                                            <th>TestName</th>
                                            <th>Status</th>
                                        </tr>
                                        </thead>
                                        <tbody>
                                                    <tr>
                                                        <td>May 2, 2019 10:21:40 PM</td>
                                                        <td class='linked' test-id='233'>Verify multiple scenarios on Product List page.Verify Items per page dropdown is working fine and products are listed as per option selected ie. 12,36,100 and View All.Then products are listed as per option selected</td>
                                                        <td><pre><pre>java.lang.AssertionError
	at org.junit.Assert.fail(Assert.java:92)
	at org.junit.Assert.assertTrue(Assert.java:43)
	at org.junit.Assert.assertTrue(Assert.java:54)
	at step_definitions.productList.products_are_listed_as_per_option_selected(productList.java:71)
	at ?.Then products are listed as per option selected(features/ProductList.feature:24)
</pre></pre></td>
                                                    </tr>
                                                    <tr>
                                                        <td>May 2, 2019 10:28:10 PM</td>
                                                        <td class='linked' test-id='271'>Verify multiple scenarios on Product List page.Verify pagination is working fine ie.page numbers and arrows.Then it navigates to other page</td>
                                                        <td><pre><pre>java.lang.AssertionError: Pagination is not working properly
	at org.junit.Assert.fail(Assert.java:93)
	at org.junit.Assert.assertTrue(Assert.java:43)
	at org.junit.Assert.assertFalse(Assert.java:68)
	at step_definitions.productList.it_navigates_to_other_page(productList.java:177)
	at ?.Then it navigates to other page(features/ProductList.feature:55)
</pre></pre></td>
                                                    </tr>
                                        </tbody>
                                    </table>
                                </div>
                            </div>
                        </li>
                </ul>
        </div>
    </div>

    <div class='subview-right left'>
        <div class='view-summary'>
            <h5 class='exception-name'></h5>
        </div>
    </div>
</div>
<!-- exception view -->
<div id='dashboard-view' class='view hide'>
	<div class='card-panel transparent np-v'>
		<h5>Dashboard</h5>

		<div class='row'>
			<div class='col s2'>
				<div class='card-panel r'>
					Features
					<div class='panel-lead'>5</div>
				</div>
			</div>
			<div class='col s2'>
				<div class='card-panel r'>
					Scenarios
					<div class='panel-lead'>40</div>
				</div>
			</div>
			<div class='col s2'>
				<div class='card-panel r'>
					Steps
					<div class='panel-lead'>300</div>
				</div>
			</div>
			<div class='col s2'>
				<div class='card-panel r'>
					Start
					<div class='panel-lead'>May 2, 2019 09:50:28 PM</div>
				</div>
			</div>
			<div class='col s2'>
				<div class='card-panel r'>
			 		End
			 		<div class='panel-lead'>May 2, 2019 10:39:30 PM</div>
				</div>
			</div>
			<div class='col s2'>
				<div class='card-panel r'>
					Time Taken
					<div class='panel-lead'>2,942,116ms</div>
				</div>
			</div>
			<div class='col s4'>
				<div class='card-panel environment'>
					<span class='right label cyan white-text'>Environment</span><p>&nbsp;</p>
					
					<table>
						<tr>
							<th>Name</th>
							<th>Value</th>
						</tr>
							<tr>
								<td>user</td>
								<td>vibhav.gupta</td>
							</tr>
							<tr>
								<td>os</td>
								<td>Windows 7</td>
							</tr>
					</table>
				</div>
			</div>
			<div class='col s4'>
				<div class='card-panel'>
					<span class='right label cyan white-text'>Categories</span><p>&nbsp;</p>
					
					<table>
						<tr>
							<th>Name</th>
							<th>Passed</th>
							<th>Failed</th>
							<th>Others</th>
						</tr>
						<tr>
							<td>@GloabalCartFeature</td>
							<td>1</td>
							<td>1</td>
							<td>0</td>
						</tr>
						<tr>
							<td>@GlobalCart</td>
							<td>4</td>
							<td>1</td>
							<td>0</td>
						</tr>
						<tr>
							<td>@P1</td>
							<td>29</td>
							<td>11</td>
							<td>0</td>
						</tr>
						<tr>
							<td>@HomePageFeature</td>
							<td>4</td>
							<td>1</td>
							<td>0</td>
						</tr>
						<tr>
							<td>@HomePage</td>
							<td>12</td>
							<td>3</td>
							<td>0</td>
						</tr>
						<tr>
							<td>@ProductDetailPageFeature</td>
							<td>0</td>
							<td>1</td>
							<td>0</td>
						</tr>
						<tr>
							<td>@PDP</td>
							<td>4</td>
							<td>1</td>
							<td>0</td>
						</tr>
						<tr>
							<td>@ProductListFeature</td>
							<td>0</td>
							<td>1</td>
							<td>0</td>
						</tr>
						<tr>
							<td>@ProductList</td>
							<td>5</td>
							<td>3</td>
							<td>0</td>
						</tr>
						<tr>
							<td>@QuickShopFeature</td>
							<td>0</td>
							<td>1</td>
							<td>0</td>
						</tr>
						<tr>
							<td>@QuickShop</td>
							<td>4</td>
							<td>3</td>
							<td>0</td>
						</tr>
					</table>
				</div>
			</div>
		</div>
	</div>
</div>
<!-- dashboard view -->
<div id='testrunner-logs-view' class='view hide'>
	<div class='card-panel transparent np-v'>
		<h5>TestRunner Logs</h5>
		
		<div class='card-panel'>
				Output
		</div>
	</div>
</div>
<!-- testrunner-logs view -->
		</div>
		<!-- container -->

		<script>
			var statusGroup = {
				passParent: 0,
				failParent: 5,
				fatalParent: 0,
				errorParent: 0,
				warningParent: 0,
				skipParent: 0,
				exceptionsParent: 5,
				
				passChild: 29,
				failChild: 11,
				fatalChild: 0,
				errorChild: 0,
				warningChild: 0,
				skipChild: 0,
				infoChild: 0,
				exceptionsChild: 11,
				
				passGrandChild: 268,
				failGrandChild: 11,
				fatalGrandChild: 0,
				errorGrandChild: 0,
				warningGrandChild: 0,
				skipGrandChild: 21,
				infoGrandChild: 0,
				exceptionsGrandChild: 32,
			};
		</script>
		
			<script src='https://cdn.rawgit.com/anshooarora/extentreports-java/5ed7b0c339b51aa347b44ccaa2e2ff29905b2f9f/dist/js/extent.js' type='text/javascript'></script>
		
		
	</body>
	
</html>
