
<!DOCTYPE html>
<html>


<head>
	<meta charset='UTF-8' /> 
	<meta name='description' content='' />
	<meta name='robots' content='noodp, noydir' />
	<meta name='viewport' content='width=device-width, initial-scale=1' />
	<meta id="timeStampFormat" name="timeStampFormat" content='MMM d, yyyy hh:mm:ss a'/>
	
	<link href='https://fonts.googleapis.com/css?family=Source+Sans+Pro:400,600' rel='stylesheet' type='text/css'>
	<link href="https://fonts.googleapis.com/icon?family=Material+Icons" rel="stylesheet">

		<link href='https://cdn.rawgit.com/anshooarora/extentreports-java/6d3843c29c354373fafad29c03a1a89b7e06c374/dist/css/extent.css' type='text/css' rel='stylesheet' />
	
	<title>ExtentReports</title>

</head>

	<body class='extent standard default hide-overflow bdd-report'>
		<div id='theme-selector' alt='Click to toggle theme. To enable by default, use theme configuration.' title='Click to toggle theme. To enable by default, use theme configuration.'>
			<span><i class='material-icons'>desktop_windows</i></span>
		</div>

<nav>
	<div class="nav-wrapper">
		<a href="#!" class="brand-logo blue darken-3">Extent</a>

		<!-- slideout menu -->
		<ul id='slide-out' class='side-nav fixed hide-on-med-and-down'>
			<li class='waves-effect active'><a href='#!' view='test-view' onclick="configureView(0);chartsView('test');"><i class='material-icons'>dashboard</i></a></li>
						<li class='waves-effect'><a href='#!' view='category-view' onclick="configureView(1)"><i class='material-icons'>label_outline</i></a></li>
			<li class='waves-effect'><a href='#!' view='exception-view' onclick="configureView(2)"><i class='material-icons'>bug_report</i></a></li>
			<li class='waves-effect'><a href='#!' onclick="configureView(-1);chartsView('dashboard');" view='dashboard-view'><i class='material-icons'>track_changes</i></i></a></li>
			<li class='waves-effect'><a href='#!' onclick="configureView(-1)" view='testrunner-logs-view'><i class='material-icons'>note</i></a></li>
		</ul>

		<!-- report name -->
		<span class='report-name'>Cucumber Report</span>
		
		<!-- report headline -->
		<span class='report-headline'></span>

		<!-- nav-right -->
		<ul id='nav-mobile' class='right hide-on-med-and-down nav-right'>
			<li>
                <a href='#!'>
                    <span class='label suite-start-time blue darken-3'>Jun 20, 2019 04:05:09 PM</span>
				</a>
			</li>
			<li>
                <a href='#!'>
                    <span class='label blue darken-3'>v3.0.6</span>
				</a>
			</li>
		</ul>
	</div>
</nav>

		<!-- container -->
		<div class='container'>

<div id='test-view' class='view'>
				
	<section id='controls'>
		<div class='controls grey lighten-4'>
			<!-- test toggle -->
			<div class='chip transparent'>
				<a class='dropdown-button tests-toggle' data-activates='tests-toggle' data-constrainwidth='true' data-beloworigin='true' data-hover='true' href='#'>
					<i class='material-icons'>warning</i> Status
				</a>
				<ul id='tests-toggle' class='dropdown-content'>
											<li status='pass'><a href='#!'>Pass <i class='material-icons green-text'>check_circle</i></a></li>
						<li status='fail'><a href='#!'>Fail <i class='material-icons red-text'>cancel</i></a></li>
						<li status='skip'><a href='#!'>Skip <i class='material-icons cyan-text'>redo</i></a></li>
					<li class='divider'></li>
					<li status='clear' clear='true'><a href='#!'>Clear Filters <i class='material-icons'>clear</i></a></li>
				</ul>
			</div>
			<!-- test toggle -->

			<!-- category toggle -->
			<div class='chip transparent'>
				<a class='dropdown-button category-toggle' data-activates='category-toggle' data-constrainwidth='false' data-beloworigin='true' data-hover='true' href='#'>
					<i class='material-icons'>local_offer</i> Category
				</a>
				<ul id='category-toggle' class='dropdown-content'>
					<li><a href='#'>@Cart</a></li>
					<li><a href='#'>@P1</a></li>
					<li><a href='#'>@P1US</a></li>
					<li><a href='#'>@Fluid</a></li>
					<li><a href='#'>@HomePage</a></li>
					<li><a href='#'>@MyAccount</a></li>
					<li><a href='#'>@OrderConfirmation</a></li>
					<li><a href='#'>@PDP</a></li>
					<li><a href='#'>@ProductList</a></li>
					<li><a href='#'>@QuickShop</a></li>
					<li class='divider'></li>
					<li class='clear'><a href='#!' clear='true'>Clear Filters</a></li>
				</ul>
			</div>
			<!-- category toggle -->

			<!-- clear filters -->
			<div class='chip transparent hide'>
				<a class='' id='clear-filters' alt='Clear Filters' title='Clear Filters'>
					<i class='material-icons'>close</i> Clear
				</a>
			</div>
			<!-- clear filters -->

			<!-- enable dashboard -->
			<div id='toggle-test-view-charts' class='chip transparent'>
				<a class='pink-text' id='enable-dashboard' alt='Enable Dashboard' title='Enable Dashboard'>
					<i class='material-icons'>track_changes</i> Dashboard
				</a>
			</div>
			<!-- enable dashboard -->

			<!-- search -->
			<div class='chip transparent' alt='Search Tests' title='Search Tests'>
				<a href="#" class='search-div'>
					<i class='material-icons'>search</i> Search
				</a>

				<div class='input-field left hide'>
					<input id='search-tests' type='text' class='validate browser-default' placeholder='Search Tests...'>
				</div>
				
			</div>
			<!-- search -->
		</div>
	</section>


<div id='test-view-charts' class='subview-full'>
	<div id='charts-row' class='row nm-v nm-h'>
		<div class='col s12 m4 l4 np-h'>
			<div class='card-panel nm-v'>
				<div class='left panel-name'>Features</div>
				<div class='chart-box'>
					<canvas id='parent-analysis' width='100' height='80'></canvas>
				</div>
				<div class='block text-small'>
					<span class='tooltipped' data-position='top' data-tooltip='0%'><span class='strong'>0</span> feature(s) passed</span>
				</div>
				<div class='block text-small'>
					<span class='strong tooltipped' data-position='top' data-tooltip='100%'>8</span> feature(s) failed, <span class='strong tooltipped' data-position='top' data-tooltip='0%'>0</span> others
				</div>
			</div>
		</div>
		
		<div class='col s12 m4 l4 np-h'>
			<div class='card-panel nm-v'>
				<div class='left panel-name'>Scenarios</div>
				<div class='chart-box'>
					<canvas id='child-analysis' width='100' height='80'></canvas>
				</div>
				<div class='block text-small'>
					<span class='tooltipped' data-position='top' data-tooltip='22.222%'><span class='strong'>4</span> scenario(s) passed</span>
				</div>
				<div class='block text-small'>
					<span class='strong tooltipped' data-position='top' data-tooltip='77.778%'>14</span> scenario(s) failed, <span class='strong tooltipped' data-position='top' data-tooltip='0%'>0</span> others
				</div>
			</div>
		</div>
		
		<div class='col s12 m4 l4 np-h'>
			<div class='card-panel nm-v'>
				<div class='left panel-name'>Steps</div>
				<div class='chart-box'>
					<canvas id='grandchild-analysis' width='100' height='80'></canvas>
				</div>
				<div class='block text-small'>
					<span class='tooltipped' data-position='top' data-tooltip='66.842%'><span class='strong'>127</span> step(s) passed</span>
				</div>
				<div class='block text-small'>
					<span class='strong tooltipped' data-position='top' data-tooltip='7.368%'>14</span> step(s) failed, <span class='strong tooltipped' data-position='top' data-tooltip='25.789%'>49</span> others
				</div>
			</div>
		</div>
	</div>
</div>

	<div class='subview-left left'>
		
		<div class='view-summary'>
			<h5>Features</h5>
			<ul id='test-collection' class='test-collection'>
				
				
				<li class='test displayed active has-leaf fail' status='fail' bdd='true' test-id='1'>
					<div class='test-heading'>
						<span class='test-name'>Verify multiple scenarios on Cart Page</span>
						<span class='test-time'>Jun 20, 2019 04:05:09 PM</span>
						<span class='test-status right fail'>fail</span>
					</div>
					<div class='test-content hide'>
<div class='scenario node' test-id='2' status='fail'>
	<div class='category-list'>
		<span class='category label white-text'>@Cart</span>
		<span class='category label white-text'>@P1</span>
		<span class='category label white-text'>@P1US</span>
	</div>
	<span class='duration right label'>0h 2m 4s+561ms</span>
	<div class='desc'>
		<b>Scenario</b>
		<span class="desc-text">Verify the coupon code field displays with apply button and is working fine</span>
	</div>
	<ul class='steps'>
		<li test-id='3' class='node given pass' status='pass'>
			
			<b>Given</b>
			
			<span class="bdd-step-name">Given I open the given website</span>
				<div class='pre'>passed</div>
			
		</li>
		<li test-id='4' class='node then pass' status='pass'>
			
			<b>Then</b>
			
			<span class="bdd-step-name">Then verify the Url</span>
				<div class='pre'>passed</div>
			
		</li>
		<li test-id='5' class='node when pass' status='pass'>
			
			<b>When</b>
			
			<span class="bdd-step-name">When I navigate to customised product</span>
				<div class='pre'>passed</div>
			
		</li>
		<li test-id='6' class='node and pass' status='pass'>
			
			<b>And</b>
			
			<span class="bdd-step-name">And I click on Personalize button</span>
				<div class='pre'>passed</div>
			
		</li>
		<li test-id='7' class='node and pass' status='pass'>
			
			<b>And</b>
			
			<span class="bdd-step-name">And I close the pop up window</span>
				<div class='pre'>passed</div>
			
		</li>
		<li test-id='8' class='node when pass' status='pass'>
			
			<b>When</b>
			
			<span class="bdd-step-name">When I select a color of the product</span>
				<div class='pre'>passed</div>
			
		</li>
		<li test-id='9' class='node then pass' status='pass'>
			
			<b>Then</b>
			
			<span class="bdd-step-name">Then I click on Add to Cart button</span>
				<div class='pre'>passed</div>
			
		</li>
		<li test-id='10' class='node when pass' status='pass'>
			
			<b>When</b>
			
			<span class="bdd-step-name">When I enter valid coupon code and click on Apply</span>
				<div class='pre'>passed</div>
			
		</li>
		<li test-id='11' class='node then fail' status='fail'>
			
			<b>Then</b>
			
			<span class="bdd-step-name">Then Coupon code gets applied</span>
				<div class='pre'><pre>java.lang.AssertionError: Coupon code is not applied
	at org.junit.Assert.fail(Assert.java:93)
	at org.junit.Assert.assertTrue(Assert.java:43)
	at step_definitions.Cart.coupon_code_gets_applied(Cart.java:159)
	at ?.Then Coupon code gets applied(features/Cart.feature:99)
</pre></div>
			
		</li>
		<li test-id='12' class='node when skip' status='skip'>
			
			<b>When</b>
			
			<span class="bdd-step-name">When I click on Remove link to remove coupon code</span>
				<div class='pre'>skipped</div>
			
		</li>
		<li test-id='13' class='node then skip' status='skip'>
			
			<b>Then</b>
			
			<span class="bdd-step-name">Then coupon code applied is removed</span>
			<ul class='screenshots right'>
				<li><a data-featherlight="image" href="E:\projects\Strand\ExecutionReports\FailedScreenshots\ScreenShot_1561027033990.png"><i class='material-icons'>panorama</i></a></li>
			</ul>
				<div class='pre'>skipped</div>
			
		</li>
	</ul>
</div>
					</div>
				</li>
				
				
				<li class='test displayed active has-leaf fail' status='fail' bdd='true' test-id='14'>
					<div class='test-heading'>
						<span class='test-name'>Verify multiple scenarios on Fluid Page</span>
						<span class='test-time'>Jun 20, 2019 04:07:19 PM</span>
						<span class='test-status right fail'>fail</span>
					</div>
					<div class='test-content hide'>
<div class='scenario node' test-id='15' status='fail'>
	<div class='category-list'>
		<span class='category label white-text'>@Fluid</span>
		<span class='category label white-text'>@P1</span>
	</div>
	<span class='duration right label'>0h 1m 45s+133ms</span>
	<div class='desc'>
		<b>Scenario</b>
		<span class="desc-text">Verify user is able to select options and packaging</span>
	</div>
	<ul class='steps'>
		<li test-id='16' class='node given pass' status='pass'>
			
			<b>Given</b>
			
			<span class="bdd-step-name">Given I open the given website</span>
				<div class='pre'>passed</div>
			
		</li>
		<li test-id='17' class='node then pass' status='pass'>
			
			<b>Then</b>
			
			<span class="bdd-step-name">Then verify the Url</span>
				<div class='pre'>passed</div>
			
		</li>
		<li test-id='18' class='node when pass' status='pass'>
			
			<b>When</b>
			
			<span class="bdd-step-name">When I navigate to customised product</span>
				<div class='pre'>passed</div>
			
		</li>
		<li test-id='19' class='node and pass' status='pass'>
			
			<b>And</b>
			
			<span class="bdd-step-name">And I click on Personalize button</span>
				<div class='pre'>passed</div>
			
		</li>
		<li test-id='20' class='node and pass' status='pass'>
			
			<b>And</b>
			
			<span class="bdd-step-name">And I close the pop up window</span>
				<div class='pre'>passed</div>
			
		</li>
		<li test-id='21' class='node when pass' status='pass'>
			
			<b>When</b>
			
			<span class="bdd-step-name">When I select a color of the product</span>
				<div class='pre'>passed</div>
			
		</li>
		<li test-id='22' class='node when pass' status='pass'>
			
			<b>When</b>
			
			<span class="bdd-step-name">When I click on Add ClipArt</span>
				<div class='pre'>passed</div>
			
		</li>
		<li test-id='23' class='node and pass' status='pass'>
			
			<b>And</b>
			
			<span class="bdd-step-name">And I select clipArt image</span>
				<div class='pre'>passed</div>
			
		</li>
		<li test-id='24' class='node when pass' status='pass'>
			
			<b>When</b>
			
			<span class="bdd-step-name">When I click on Add Text</span>
				<div class='pre'>passed</div>
			
		</li>
		<li test-id='25' class='node and pass' status='pass'>
			
			<b>And</b>
			
			<span class="bdd-step-name">And enter the desired text</span>
				<div class='pre'>passed</div>
			
		</li>
		<li test-id='26' class='node when pass' status='pass'>
			
			<b>When</b>
			
			<span class="bdd-step-name">When I click on Packaging information</span>
				<div class='pre'>passed</div>
			
		</li>
		<li test-id='27' class='node and fail' status='fail'>
			
			<b>And</b>
			
			<span class="bdd-step-name">And I select desired packaging</span>
			<ul class='screenshots right'>
				<li><a data-featherlight="image" href="E:\projects\Strand\ExecutionReports\FailedScreenshots\ScreenShot_1561027145090.png"><i class='material-icons'>panorama</i></a></li>
			</ul>
				<div class='pre'><pre>org.openqa.selenium.NoSuchElementException: no such element: Unable to locate element: {"method":"xpath","selector":"(//div[@class='fc-packaging-image'])[1]"}
  (Session info: chrome=74.0.3729.169)
  (Driver info: chromedriver=2.40.565498 (ea082db3280dd6843ebfb08a625e3eb905c4f5ab),platform=Windows NT 6.1.7601 SP1 x86_64) (WARNING: The server did not provide any stacktrace information)
Command duration or timeout: 0 milliseconds
For documentation on this error, please visit: http://seleniumhq.org/exceptions/no_such_element.html
Build info: version: '3.5.1', revision: '9c21bb67ef', time: '2017-08-17T15:26:08.955Z'
System info: host: 'TRANTOR114', ip: '172.16.254.100', os.name: 'Windows 7', os.arch: 'amd64', os.version: '6.1', java.version: '1.8.0_171'
Driver info: org.openqa.selenium.chrome.ChromeDriver
Capabilities [{mobileEmulationEnabled=false, hasTouchScreen=false, platform=XP, acceptSslCerts=false, acceptInsecureCerts=false, webStorageEnabled=true, browserName=chrome, takesScreenshot=true, javascriptEnabled=true, setWindowRect=true, unexpectedAlertBehaviour=, applicationCacheEnabled=false, rotatable=false, networkConnectionEnabled=false, chrome={chromedriverVersion=2.40.565498 (ea082db3280dd6843ebfb08a625e3eb905c4f5ab), userDataDir=C:\Users\VIBHAV~1.GUP\AppData\Local\Temp\scoped_dir11092_12156}, takesHeapSnapshot=true, pageLoadStrategy=normal, unhandledPromptBehavior=, databaseEnabled=false, handlesAlerts=true, version=74.0.3729.169, browserConnectionEnabled=false, nativeEvents=true, locationContextEnabled=true, cssSelectorsEnabled=true}]
Session ID: a0a83fb75fe3587092e11fbd64550aab
*** Element info: {Using=xpath, value=(//div[@class='fc-packaging-image'])[1]}
	at sun.reflect.NativeConstructorAccessorImpl.newInstance0(Native Method)
	at sun.reflect.NativeConstructorAccessorImpl.newInstance(NativeConstructorAccessorImpl.java:62)
	at sun.reflect.DelegatingConstructorAccessorImpl.newInstance(DelegatingConstructorAccessorImpl.java:45)
	at java.lang.reflect.Constructor.newInstance(Constructor.java:423)
	at org.openqa.selenium.remote.ErrorHandler.createThrowable(ErrorHandler.java:215)
	at org.openqa.selenium.remote.ErrorHandler.throwIfResponseFailed(ErrorHandler.java:167)
	at org.openqa.selenium.remote.http.JsonHttpResponseCodec.reconstructValue(JsonHttpResponseCodec.java:40)
	at org.openqa.selenium.remote.http.AbstractHttpResponseCodec.decode(AbstractHttpResponseCodec.java:82)
	at org.openqa.selenium.remote.http.AbstractHttpResponseCodec.decode(AbstractHttpResponseCodec.java:45)
	at org.openqa.selenium.remote.HttpCommandExecutor.execute(HttpCommandExecutor.java:164)
	at org.openqa.selenium.remote.service.DriverCommandExecutor.execute(DriverCommandExecutor.java:82)
	at org.openqa.selenium.remote.RemoteWebDriver.execute(RemoteWebDriver.java:641)
	at org.openqa.selenium.remote.RemoteWebDriver.findElement(RemoteWebDriver.java:414)
	at org.openqa.selenium.remote.RemoteWebDriver.findElementByXPath(RemoteWebDriver.java:513)
	at org.openqa.selenium.By$ByXPath.findElement(By.java:361)
	at org.openqa.selenium.remote.RemoteWebDriver.findElement(RemoteWebDriver.java:406)
	at org.openqa.selenium.support.pagefactory.DefaultElementLocator.findElement(DefaultElementLocator.java:69)
	at org.openqa.selenium.support.pagefactory.internal.LocatingElementHandler.invoke(LocatingElementHandler.java:38)
	at com.sun.proxy.$Proxy22.getWrappedElement(Unknown Source)
	at org.openqa.selenium.remote.internal.WebElementToJsonConverter.apply(WebElementToJsonConverter.java:51)
	at com.google.common.collect.Iterators$6.transform(Iterators.java:820)
	at com.google.common.collect.TransformedIterator.next(TransformedIterator.java:48)
	at com.google.common.collect.Iterators.addAll(Iterators.java:373)
	at com.google.common.collect.Lists.newArrayList(Lists.java:165)
	at com.google.common.collect.Lists.newArrayList(Lists.java:150)
	at org.openqa.selenium.remote.RemoteWebDriver.executeScript(RemoteWebDriver.java:575)
	at helpers.GlobalUtil.highlight(GlobalUtil.java:270)
	at helpers.GlobalUtil.clickOnElementUsingJS(GlobalUtil.java:126)
	at step_definitions.Fluid.i_select_desired_packaging(Fluid.java:63)
	at ?.And I select desired packaging(features/Fluid.feature:18)
</pre></div>
			
		</li>
	</ul>
</div>
<div class='scenario node' test-id='28' status='fail'>
	<div class='category-list'>
		<span class='category label white-text'>@Fluid</span>
		<span class='category label white-text'>@P1</span>
	</div>
	<span class='duration right label'>0h 1m 42s+575ms</span>
	<div class='desc'>
		<b>Scenario</b>
		<span class="desc-text">Verify that after selection of packing user can update the minimum quantity</span>
	</div>
	<ul class='steps'>
		<li test-id='29' class='node given pass' status='pass'>
			
			<b>Given</b>
			
			<span class="bdd-step-name">Given I open the given website</span>
				<div class='pre'>passed</div>
			
		</li>
		<li test-id='30' class='node then pass' status='pass'>
			
			<b>Then</b>
			
			<span class="bdd-step-name">Then verify the Url</span>
				<div class='pre'>passed</div>
			
		</li>
		<li test-id='31' class='node when pass' status='pass'>
			
			<b>When</b>
			
			<span class="bdd-step-name">When I navigate to customised product</span>
				<div class='pre'>passed</div>
			
		</li>
		<li test-id='32' class='node and pass' status='pass'>
			
			<b>And</b>
			
			<span class="bdd-step-name">And I click on Personalize button</span>
				<div class='pre'>passed</div>
			
		</li>
		<li test-id='33' class='node and pass' status='pass'>
			
			<b>And</b>
			
			<span class="bdd-step-name">And I close the pop up window</span>
				<div class='pre'>passed</div>
			
		</li>
		<li test-id='34' class='node when pass' status='pass'>
			
			<b>When</b>
			
			<span class="bdd-step-name">When I select a color of the product</span>
				<div class='pre'>passed</div>
			
		</li>
		<li test-id='35' class='node when pass' status='pass'>
			
			<b>When</b>
			
			<span class="bdd-step-name">When I click on Add ClipArt</span>
				<div class='pre'>passed</div>
			
		</li>
		<li test-id='36' class='node and pass' status='pass'>
			
			<b>And</b>
			
			<span class="bdd-step-name">And I select clipArt image</span>
				<div class='pre'>passed</div>
			
		</li>
		<li test-id='37' class='node when pass' status='pass'>
			
			<b>When</b>
			
			<span class="bdd-step-name">When I click on Add Text</span>
				<div class='pre'>passed</div>
			
		</li>
		<li test-id='38' class='node and pass' status='pass'>
			
			<b>And</b>
			
			<span class="bdd-step-name">And enter the desired text</span>
				<div class='pre'>passed</div>
			
		</li>
		<li test-id='39' class='node when pass' status='pass'>
			
			<b>When</b>
			
			<span class="bdd-step-name">When I click on Packaging information</span>
				<div class='pre'>passed</div>
			
		</li>
		<li test-id='40' class='node and fail' status='fail'>
			
			<b>And</b>
			
			<span class="bdd-step-name">And I select desired packaging</span>
				<div class='pre'><pre>org.openqa.selenium.NoSuchElementException: no such element: Unable to locate element: {"method":"xpath","selector":"(//div[@class='fc-packaging-image'])[1]"}
  (Session info: chrome=74.0.3729.169)
  (Driver info: chromedriver=2.40.565498 (ea082db3280dd6843ebfb08a625e3eb905c4f5ab),platform=Windows NT 6.1.7601 SP1 x86_64) (WARNING: The server did not provide any stacktrace information)
Command duration or timeout: 0 milliseconds
For documentation on this error, please visit: http://seleniumhq.org/exceptions/no_such_element.html
Build info: version: '3.5.1', revision: '9c21bb67ef', time: '2017-08-17T15:26:08.955Z'
System info: host: 'TRANTOR114', ip: '172.16.254.100', os.name: 'Windows 7', os.arch: 'amd64', os.version: '6.1', java.version: '1.8.0_171'
Driver info: org.openqa.selenium.chrome.ChromeDriver
Capabilities [{mobileEmulationEnabled=false, hasTouchScreen=false, platform=XP, acceptSslCerts=false, acceptInsecureCerts=false, webStorageEnabled=true, browserName=chrome, takesScreenshot=true, javascriptEnabled=true, setWindowRect=true, unexpectedAlertBehaviour=, applicationCacheEnabled=false, rotatable=false, networkConnectionEnabled=false, chrome={chromedriverVersion=2.40.565498 (ea082db3280dd6843ebfb08a625e3eb905c4f5ab), userDataDir=C:\Users\VIBHAV~1.GUP\AppData\Local\Temp\scoped_dir8700_13545}, takesHeapSnapshot=true, pageLoadStrategy=normal, unhandledPromptBehavior=, databaseEnabled=false, handlesAlerts=true, version=74.0.3729.169, browserConnectionEnabled=false, nativeEvents=true, locationContextEnabled=true, cssSelectorsEnabled=true}]
Session ID: a99161c1575b899a707f1a042e0c89fa
*** Element info: {Using=xpath, value=(//div[@class='fc-packaging-image'])[1]}
	at sun.reflect.NativeConstructorAccessorImpl.newInstance0(Native Method)
	at sun.reflect.NativeConstructorAccessorImpl.newInstance(NativeConstructorAccessorImpl.java:62)
	at sun.reflect.DelegatingConstructorAccessorImpl.newInstance(DelegatingConstructorAccessorImpl.java:45)
	at java.lang.reflect.Constructor.newInstance(Constructor.java:423)
	at org.openqa.selenium.remote.ErrorHandler.createThrowable(ErrorHandler.java:215)
	at org.openqa.selenium.remote.ErrorHandler.throwIfResponseFailed(ErrorHandler.java:167)
	at org.openqa.selenium.remote.http.JsonHttpResponseCodec.reconstructValue(JsonHttpResponseCodec.java:40)
	at org.openqa.selenium.remote.http.AbstractHttpResponseCodec.decode(AbstractHttpResponseCodec.java:82)
	at org.openqa.selenium.remote.http.AbstractHttpResponseCodec.decode(AbstractHttpResponseCodec.java:45)
	at org.openqa.selenium.remote.HttpCommandExecutor.execute(HttpCommandExecutor.java:164)
	at org.openqa.selenium.remote.service.DriverCommandExecutor.execute(DriverCommandExecutor.java:82)
	at org.openqa.selenium.remote.RemoteWebDriver.execute(RemoteWebDriver.java:641)
	at org.openqa.selenium.remote.RemoteWebDriver.findElement(RemoteWebDriver.java:414)
	at org.openqa.selenium.remote.RemoteWebDriver.findElementByXPath(RemoteWebDriver.java:513)
	at org.openqa.selenium.By$ByXPath.findElement(By.java:361)
	at org.openqa.selenium.remote.RemoteWebDriver.findElement(RemoteWebDriver.java:406)
	at org.openqa.selenium.support.pagefactory.DefaultElementLocator.findElement(DefaultElementLocator.java:69)
	at org.openqa.selenium.support.pagefactory.internal.LocatingElementHandler.invoke(LocatingElementHandler.java:38)
	at com.sun.proxy.$Proxy22.getWrappedElement(Unknown Source)
	at org.openqa.selenium.remote.internal.WebElementToJsonConverter.apply(WebElementToJsonConverter.java:51)
	at com.google.common.collect.Iterators$6.transform(Iterators.java:820)
	at com.google.common.collect.TransformedIterator.next(TransformedIterator.java:48)
	at com.google.common.collect.Iterators.addAll(Iterators.java:373)
	at com.google.common.collect.Lists.newArrayList(Lists.java:165)
	at com.google.common.collect.Lists.newArrayList(Lists.java:150)
	at org.openqa.selenium.remote.RemoteWebDriver.executeScript(RemoteWebDriver.java:575)
	at helpers.GlobalUtil.highlight(GlobalUtil.java:270)
	at helpers.GlobalUtil.clickOnElementUsingJS(GlobalUtil.java:126)
	at step_definitions.Fluid.i_select_desired_packaging(Fluid.java:63)
	at ?.And I select desired packaging(features/Fluid.feature:28)
</pre></div>
			
		</li>
		<li test-id='41' class='node when skip' status='skip'>
			
			<b>When</b>
			
			<span class="bdd-step-name">When I update Quantity after selection of packing</span>
				<div class='pre'>skipped</div>
			
		</li>
		<li test-id='42' class='node then skip' status='skip'>
			
			<b>Then</b>
			
			<span class="bdd-step-name">Then Subtotal also gets updated</span>
			<ul class='screenshots right'>
				<li><a data-featherlight="image" href="E:\projects\Strand\ExecutionReports\FailedScreenshots\ScreenShot_1561027253811.png"><i class='material-icons'>panorama</i></a></li>
			</ul>
				<div class='pre'>skipped</div>
			
		</li>
	</ul>
</div>
					</div>
				</li>
				
				
				<li class='test displayed active has-leaf fail' status='fail' bdd='true' test-id='43'>
					<div class='test-heading'>
						<span class='test-name'>Verify multiple scenarios on Home Page</span>
						<span class='test-time'>Jun 20, 2019 04:10:59 PM</span>
						<span class='test-status right fail'>fail</span>
					</div>
					<div class='test-content hide'>
<div class='scenario node' test-id='44' status='fail'>
	<div class='category-list'>
		<span class='category label white-text'>@HomePage</span>
		<span class='category label white-text'>@P1</span>
	</div>
	<span class='duration right label'>0h 1m 13s+748ms</span>
	<div class='desc'>
		<b>Scenario</b>
		<span class="desc-text">Verify flag icon is clickable and on clicking any country it redirects to specific country site</span>
	</div>
	<ul class='steps'>
		<li test-id='45' class='node given pass' status='pass'>
			
			<b>Given</b>
			
			<span class="bdd-step-name">Given I open the given website</span>
				<div class='pre'>passed</div>
			
		</li>
		<li test-id='46' class='node then pass' status='pass'>
			
			<b>Then</b>
			
			<span class="bdd-step-name">Then verify the Url</span>
				<div class='pre'>passed</div>
			
		</li>
		<li test-id='47' class='node when pass' status='pass'>
			
			<b>When</b>
			
			<span class="bdd-step-name">When I click on flag icon</span>
				<div class='pre'>passed</div>
			
		</li>
		<li test-id='48' class='node then fail' status='fail'>
			
			<b>Then</b>
			
			<span class="bdd-step-name">Then it redirects to specific country site</span>
			<ul class='screenshots right'>
				<li><a data-featherlight="image" href="E:\projects\Strand\ExecutionReports\FailedScreenshots\ScreenShot_1561027333537.png"><i class='material-icons'>panorama</i></a></li>
			</ul>
				<div class='pre'><pre>java.lang.AssertionError: URL are different expected [true] but found [false]
	at org.testng.Assert.fail(Assert.java:94)
	at org.testng.Assert.failNotEquals(Assert.java:513)
	at org.testng.Assert.assertTrue(Assert.java:42)
	at helpers.GlobalUtil.verifyWebsiteURL(GlobalUtil.java:317)
	at step_definitions.homePage.it_redirects_to_specific_country_site(homePage.java:99)
	at ?.Then it redirects to specific country site(features/HomePage.feature:25)
</pre></div>
			
		</li>
	</ul>
</div>
<div class='scenario node' test-id='49' status='fail'>
	<div class='category-list'>
		<span class='category label white-text'>@HomePage</span>
		<span class='category label white-text'>@P1</span>
		<span class='category label white-text'>@P1US</span>
	</div>
	<span class='duration right label'>0h 1m 6s+298ms</span>
	<div class='desc'>
		<b>Scenario</b>
		<span class="desc-text">Verify all the parent categories are visible and redirects to specific page</span>
	</div>
	<ul class='steps'>
		<li test-id='50' class='node given pass' status='pass'>
			
			<b>Given</b>
			
			<span class="bdd-step-name">Given I open the given website</span>
				<div class='pre'>passed</div>
			
		</li>
		<li test-id='51' class='node then pass' status='pass'>
			
			<b>Then</b>
			
			<span class="bdd-step-name">Then verify the Url</span>
				<div class='pre'>passed</div>
			
		</li>
		<li test-id='52' class='node when fail' status='fail'>
			
			<b>When</b>
			
			<span class="bdd-step-name">When I click on shopByCategory menu</span>
				<div class='pre'><pre>org.openqa.selenium.NoSuchElementException: no such element: Unable to locate element: {"method":"xpath","selector":"(//a[contains(text(),'Shop by Category')])[2]"}
  (Session info: chrome=74.0.3729.169)
  (Driver info: chromedriver=2.40.565498 (ea082db3280dd6843ebfb08a625e3eb905c4f5ab),platform=Windows NT 6.1.7601 SP1 x86_64) (WARNING: The server did not provide any stacktrace information)
Command duration or timeout: 0 milliseconds
For documentation on this error, please visit: http://seleniumhq.org/exceptions/no_such_element.html
Build info: version: '3.5.1', revision: '9c21bb67ef', time: '2017-08-17T15:26:08.955Z'
System info: host: 'TRANTOR114', ip: '172.16.254.100', os.name: 'Windows 7', os.arch: 'amd64', os.version: '6.1', java.version: '1.8.0_171'
Driver info: org.openqa.selenium.chrome.ChromeDriver
Capabilities [{mobileEmulationEnabled=false, hasTouchScreen=false, platform=XP, acceptSslCerts=false, acceptInsecureCerts=false, webStorageEnabled=true, browserName=chrome, takesScreenshot=true, javascriptEnabled=true, setWindowRect=true, unexpectedAlertBehaviour=, applicationCacheEnabled=false, rotatable=false, networkConnectionEnabled=false, chrome={chromedriverVersion=2.40.565498 (ea082db3280dd6843ebfb08a625e3eb905c4f5ab), userDataDir=C:\Users\VIBHAV~1.GUP\AppData\Local\Temp\scoped_dir7056_19636}, takesHeapSnapshot=true, pageLoadStrategy=normal, unhandledPromptBehavior=, databaseEnabled=false, handlesAlerts=true, version=74.0.3729.169, browserConnectionEnabled=false, nativeEvents=true, locationContextEnabled=true, cssSelectorsEnabled=true}]
Session ID: fa8070b2f36e6d010d142b0634aa3934
*** Element info: {Using=xpath, value=(//a[contains(text(),'Shop by Category')])[2]}
	at sun.reflect.NativeConstructorAccessorImpl.newInstance0(Native Method)
	at sun.reflect.NativeConstructorAccessorImpl.newInstance(NativeConstructorAccessorImpl.java:62)
	at sun.reflect.DelegatingConstructorAccessorImpl.newInstance(DelegatingConstructorAccessorImpl.java:45)
	at java.lang.reflect.Constructor.newInstance(Constructor.java:423)
	at org.openqa.selenium.remote.ErrorHandler.createThrowable(ErrorHandler.java:215)
	at org.openqa.selenium.remote.ErrorHandler.throwIfResponseFailed(ErrorHandler.java:167)
	at org.openqa.selenium.remote.http.JsonHttpResponseCodec.reconstructValue(JsonHttpResponseCodec.java:40)
	at org.openqa.selenium.remote.http.AbstractHttpResponseCodec.decode(AbstractHttpResponseCodec.java:82)
	at org.openqa.selenium.remote.http.AbstractHttpResponseCodec.decode(AbstractHttpResponseCodec.java:45)
	at org.openqa.selenium.remote.HttpCommandExecutor.execute(HttpCommandExecutor.java:164)
	at org.openqa.selenium.remote.service.DriverCommandExecutor.execute(DriverCommandExecutor.java:82)
	at org.openqa.selenium.remote.RemoteWebDriver.execute(RemoteWebDriver.java:641)
	at org.openqa.selenium.remote.RemoteWebDriver.findElement(RemoteWebDriver.java:414)
	at org.openqa.selenium.remote.RemoteWebDriver.findElementByXPath(RemoteWebDriver.java:513)
	at org.openqa.selenium.By$ByXPath.findElement(By.java:361)
	at org.openqa.selenium.remote.RemoteWebDriver.findElement(RemoteWebDriver.java:406)
	at org.openqa.selenium.support.pagefactory.DefaultElementLocator.findElement(DefaultElementLocator.java:69)
	at org.openqa.selenium.support.pagefactory.internal.LocatingElementHandler.invoke(LocatingElementHandler.java:38)
	at com.sun.proxy.$Proxy22.getWrappedElement(Unknown Source)
	at org.openqa.selenium.remote.internal.WebElementToJsonConverter.apply(WebElementToJsonConverter.java:51)
	at com.google.common.collect.Iterators$6.transform(Iterators.java:820)
	at com.google.common.collect.TransformedIterator.next(TransformedIterator.java:48)
	at com.google.common.collect.Iterators.addAll(Iterators.java:373)
	at com.google.common.collect.Lists.newArrayList(Lists.java:165)
	at com.google.common.collect.Lists.newArrayList(Lists.java:150)
	at org.openqa.selenium.remote.RemoteWebDriver.executeScript(RemoteWebDriver.java:575)
	at helpers.GlobalUtil.highlight(GlobalUtil.java:270)
	at helpers.GlobalUtil.clickOnElementUsingJS(GlobalUtil.java:126)
	at step_definitions.homePage.i_click_on_shopByCategory_menu(homePage.java:145)
	at ?.When I click on shopByCategory menu(features/HomePage.feature:45)
</pre></div>
			
		</li>
		<li test-id='53' class='node then skip' status='skip'>
			
			<b>Then</b>
			
			<span class="bdd-step-name">Then it redirects to shopByCategory page</span>
				<div class='pre'>skipped</div>
			
		</li>
		<li test-id='54' class='node when skip' status='skip'>
			
			<b>When</b>
			
			<span class="bdd-step-name">When I click on inspiration menu</span>
				<div class='pre'>skipped</div>
			
		</li>
		<li test-id='55' class='node then skip' status='skip'>
			
			<b>Then</b>
			
			<span class="bdd-step-name">Then it redirects to inspiration page</span>
				<div class='pre'>skipped</div>
			
		</li>
		<li test-id='56' class='node when skip' status='skip'>
			
			<b>When</b>
			
			<span class="bdd-step-name">When I click on experienceM&M menu</span>
				<div class='pre'>skipped</div>
			
		</li>
		<li test-id='57' class='node then skip' status='skip'>
			
			<b>Then</b>
			
			<span class="bdd-step-name">Then it redirects to experienceM page</span>
				<div class='pre'>skipped</div>
			
		</li>
		<li test-id='58' class='node when skip' status='skip'>
			
			<b>When</b>
			
			<span class="bdd-step-name">When I click on forYourBusiness menu</span>
				<div class='pre'>skipped</div>
			
		</li>
		<li test-id='59' class='node then skip' status='skip'>
			
			<b>Then</b>
			
			<span class="bdd-step-name">Then it redirects to forYourBusiness page</span>
			<ul class='screenshots right'>
				<li><a data-featherlight="image" href="E:\projects\Strand\ExecutionReports\FailedScreenshots\ScreenShot_1561027405966.png"><i class='material-icons'>panorama</i></a></li>
			</ul>
				<div class='pre'>skipped</div>
			
		</li>
	</ul>
</div>
<div class='scenario node' test-id='60' status='fail'>
	<div class='category-list'>
		<span class='category label white-text'>@HomePage</span>
		<span class='category label white-text'>@P1</span>
		<span class='category label white-text'>@P1US</span>
	</div>
	<span class='duration right label'>0h 1m 9s+486ms</span>
	<div class='desc'>
		<b>Scenario</b>
		<span class="desc-text">Verify Sub-categories under parent categories are visible and redirects to specific page</span>
	</div>
	<ul class='steps'>
		<li test-id='61' class='node given pass' status='pass'>
			
			<b>Given</b>
			
			<span class="bdd-step-name">Given I open the given website</span>
				<div class='pre'>passed</div>
			
		</li>
		<li test-id='62' class='node then pass' status='pass'>
			
			<b>Then</b>
			
			<span class="bdd-step-name">Then verify the Url</span>
				<div class='pre'>passed</div>
			
		</li>
		<li test-id='63' class='node when fail' status='fail'>
			
			<b>When</b>
			
			<span class="bdd-step-name">When I click on gifts sub category under Shop By Category</span>
				<div class='pre'><pre>org.openqa.selenium.NoSuchElementException: no such element: Unable to locate element: {"method":"xpath","selector":"(//a[contains(text(),'Shop by Category')])[2]"}
  (Session info: chrome=74.0.3729.169)
  (Driver info: chromedriver=2.40.565498 (ea082db3280dd6843ebfb08a625e3eb905c4f5ab),platform=Windows NT 6.1.7601 SP1 x86_64) (WARNING: The server did not provide any stacktrace information)
Command duration or timeout: 0 milliseconds
For documentation on this error, please visit: http://seleniumhq.org/exceptions/no_such_element.html
Build info: version: '3.5.1', revision: '9c21bb67ef', time: '2017-08-17T15:26:08.955Z'
System info: host: 'TRANTOR114', ip: '172.16.254.100', os.name: 'Windows 7', os.arch: 'amd64', os.version: '6.1', java.version: '1.8.0_171'
Driver info: org.openqa.selenium.chrome.ChromeDriver
Capabilities [{mobileEmulationEnabled=false, hasTouchScreen=false, platform=XP, acceptSslCerts=false, acceptInsecureCerts=false, webStorageEnabled=true, browserName=chrome, takesScreenshot=true, javascriptEnabled=true, setWindowRect=true, unexpectedAlertBehaviour=, applicationCacheEnabled=false, rotatable=false, networkConnectionEnabled=false, chrome={chromedriverVersion=2.40.565498 (ea082db3280dd6843ebfb08a625e3eb905c4f5ab), userDataDir=C:\Users\VIBHAV~1.GUP\AppData\Local\Temp\scoped_dir13160_13876}, takesHeapSnapshot=true, pageLoadStrategy=normal, unhandledPromptBehavior=, databaseEnabled=false, handlesAlerts=true, version=74.0.3729.169, browserConnectionEnabled=false, nativeEvents=true, locationContextEnabled=true, cssSelectorsEnabled=true}]
Session ID: 8fa0dc7ad41b7b4c73a4f64efff6703a
*** Element info: {Using=xpath, value=(//a[contains(text(),'Shop by Category')])[2]}
	at sun.reflect.NativeConstructorAccessorImpl.newInstance0(Native Method)
	at sun.reflect.NativeConstructorAccessorImpl.newInstance(NativeConstructorAccessorImpl.java:62)
	at sun.reflect.DelegatingConstructorAccessorImpl.newInstance(DelegatingConstructorAccessorImpl.java:45)
	at java.lang.reflect.Constructor.newInstance(Constructor.java:423)
	at org.openqa.selenium.remote.ErrorHandler.createThrowable(ErrorHandler.java:215)
	at org.openqa.selenium.remote.ErrorHandler.throwIfResponseFailed(ErrorHandler.java:167)
	at org.openqa.selenium.remote.http.JsonHttpResponseCodec.reconstructValue(JsonHttpResponseCodec.java:40)
	at org.openqa.selenium.remote.http.AbstractHttpResponseCodec.decode(AbstractHttpResponseCodec.java:82)
	at org.openqa.selenium.remote.http.AbstractHttpResponseCodec.decode(AbstractHttpResponseCodec.java:45)
	at org.openqa.selenium.remote.HttpCommandExecutor.execute(HttpCommandExecutor.java:164)
	at org.openqa.selenium.remote.service.DriverCommandExecutor.execute(DriverCommandExecutor.java:82)
	at org.openqa.selenium.remote.RemoteWebDriver.execute(RemoteWebDriver.java:641)
	at org.openqa.selenium.remote.RemoteWebDriver.findElement(RemoteWebDriver.java:414)
	at org.openqa.selenium.remote.RemoteWebDriver.findElementByXPath(RemoteWebDriver.java:513)
	at org.openqa.selenium.By$ByXPath.findElement(By.java:361)
	at org.openqa.selenium.remote.RemoteWebDriver.findElement(RemoteWebDriver.java:406)
	at org.openqa.selenium.support.pagefactory.DefaultElementLocator.findElement(DefaultElementLocator.java:69)
	at org.openqa.selenium.support.pagefactory.internal.LocatingElementHandler.invoke(LocatingElementHandler.java:38)
	at com.sun.proxy.$Proxy22.getWrappedElement(Unknown Source)
	at org.openqa.selenium.remote.internal.WebElementToJsonConverter.apply(WebElementToJsonConverter.java:51)
	at com.google.common.collect.Iterators$6.transform(Iterators.java:820)
	at com.google.common.collect.TransformedIterator.next(TransformedIterator.java:48)
	at com.google.common.collect.Iterators.addAll(Iterators.java:373)
	at com.google.common.collect.Lists.newArrayList(Lists.java:165)
	at com.google.common.collect.Lists.newArrayList(Lists.java:150)
	at org.openqa.selenium.remote.RemoteWebDriver.executeScript(RemoteWebDriver.java:575)
	at helpers.GlobalUtil.highlight(GlobalUtil.java:270)
	at helpers.GlobalUtil.hoverMouse(GlobalUtil.java:325)
	at step_definitions.homePage.i_click_on_gifts_sub_category_under_Shop_By_Category(homePage.java:186)
	at ?.When I click on gifts sub category under Shop By Category(features/HomePage.feature:56)
</pre></div>
			
		</li>
		<li test-id='64' class='node then skip' status='skip'>
			
			<b>Then</b>
			
			<span class="bdd-step-name">Then it redirects to its specific page</span>
			<ul class='screenshots right'>
				<li><a data-featherlight="image" href="E:\projects\Strand\ExecutionReports\FailedScreenshots\ScreenShot_1561027481748.png"><i class='material-icons'>panorama</i></a></li>
			</ul>
				<div class='pre'>skipped</div>
			
		</li>
	</ul>
</div>
<div class='scenario node' test-id='65' status='fail'>
	<div class='category-list'>
		<span class='category label white-text'>@HomePage</span>
		<span class='category label white-text'>@P1</span>
		<span class='category label white-text'>@P1US</span>
	</div>
	<span class='duration right label'>0h 1m 28s+900ms</span>
	<div class='desc'>
		<b>Scenario</b>
		<span class="desc-text">Verify all footer links are working and on clicking links user is redirected to specific page</span>
	</div>
	<ul class='steps'>
		<li test-id='66' class='node given pass' status='pass'>
			
			<b>Given</b>
			
			<span class="bdd-step-name">Given I open the given website</span>
				<div class='pre'>passed</div>
			
		</li>
		<li test-id='67' class='node then pass' status='pass'>
			
			<b>Then</b>
			
			<span class="bdd-step-name">Then verify the Url</span>
				<div class='pre'>passed</div>
			
		</li>
		<li test-id='68' class='node when fail' status='fail'>
			
			<b>When</b>
			
			<span class="bdd-step-name">When I click on Contact us</span>
				<div class='pre'><textarea>org.openqa.selenium.TimeoutException: Expected condition failed: waiting for visibility of [[ChromeDriver: chrome on XP (50b49ba8b79788eca74d749ca319ebc4)] -> xpath: //a[contains(text(),'Contact Us')]] (tried for 30 second(s) with 500 MILLISECONDS interval)
Build info: version: '3.5.1', revision: '9c21bb67ef', time: '2017-08-17T15:26:08.955Z'
System info: host: 'TRANTOR114', ip: '172.16.254.100', os.name: 'Windows 7', os.arch: 'amd64', os.version: '6.1', java.version: '1.8.0_171'
Driver info: org.openqa.selenium.chrome.ChromeDriver
Capabilities [{mobileEmulationEnabled=false, hasTouchScreen=false, platform=XP, acceptSslCerts=false, acceptInsecureCerts=false, webStorageEnabled=true, browserName=chrome, takesScreenshot=true, javascriptEnabled=true, setWindowRect=true, unexpectedAlertBehaviour=, applicationCacheEnabled=false, rotatable=false, networkConnectionEnabled=false, chrome={chromedriverVersion=2.40.565498 (ea082db3280dd6843ebfb08a625e3eb905c4f5ab), userDataDir=C:\Users\VIBHAV~1.GUP\AppData\Local\Temp\scoped_dir8456_9873}, takesHeapSnapshot=true, pageLoadStrategy=normal, unhandledPromptBehavior=, databaseEnabled=false, handlesAlerts=true, version=74.0.3729.169, browserConnectionEnabled=false, nativeEvents=true, locationContextEnabled=true, cssSelectorsEnabled=true}]
Session ID: 50b49ba8b79788eca74d749ca319ebc4
	at org.openqa.selenium.support.ui.WebDriverWait.timeoutException(WebDriverWait.java:80)
	at org.openqa.selenium.support.ui.FluentWait.until(FluentWait.java:232)
	at helpers.GlobalUtil.waitForElementToBeClickable(GlobalUtil.java:112)
	at helpers.GlobalUtil.clickOnElementUsingJS(GlobalUtil.java:127)
	at step_definitions.homePage.i_click_on_Contact_us(homePage.java:200)
	at ?.When I click on Contact us(features/HomePage.feature:61)
</textarea></div>
			
		</li>
		<li test-id='69' class='node then skip' status='skip'>
			
			<b>Then</b>
			
			<span class="bdd-step-name">Then it redirects to Contact us page</span>
				<div class='pre'>skipped</div>
			
		</li>
		<li test-id='70' class='node when skip' status='skip'>
			
			<b>When</b>
			
			<span class="bdd-step-name">When I click on Order Status</span>
				<div class='pre'>skipped</div>
			
		</li>
		<li test-id='71' class='node then skip' status='skip'>
			
			<b>Then</b>
			
			<span class="bdd-step-name">Then it redirects to Order Status page</span>
				<div class='pre'>skipped</div>
			
		</li>
		<li test-id='72' class='node when skip' status='skip'>
			
			<b>When</b>
			
			<span class="bdd-step-name">When I click on FAQ</span>
				<div class='pre'>skipped</div>
			
		</li>
		<li test-id='73' class='node then skip' status='skip'>
			
			<b>Then</b>
			
			<span class="bdd-step-name">Then it redirects to FAQ page</span>
				<div class='pre'>skipped</div>
			
		</li>
		<li test-id='74' class='node when skip' status='skip'>
			
			<b>When</b>
			
			<span class="bdd-step-name">When I click on site Map</span>
				<div class='pre'>skipped</div>
			
		</li>
		<li test-id='75' class='node then skip' status='skip'>
			
			<b>Then</b>
			
			<span class="bdd-step-name">Then it redirects to site Map page</span>
			<ul class='screenshots right'>
				<li><a data-featherlight="image" href="E:\projects\Strand\ExecutionReports\FailedScreenshots\ScreenShot_1561027576964.png"><i class='material-icons'>panorama</i></a></li>
			</ul>
				<div class='pre'>skipped</div>
			
		</li>
	</ul>
</div>
					</div>
				</li>
				
				
				<li class='test displayed active has-leaf fail' status='fail' bdd='true' test-id='76'>
					<div class='test-heading'>
						<span class='test-name'>Verify multiple scenarios on MyAccount Page</span>
						<span class='test-time'>Jun 20, 2019 04:16:23 PM</span>
						<span class='test-status right fail'>fail</span>
					</div>
					<div class='test-content hide'>
<div class='scenariooutline node' test-id='77' status='fail'>
	<span class='duration right label'>0h 1m 54s+103ms</span>
	<div class='desc'>
		<b>ScenarioOutline</b>
		<span class="desc-text">Verify user is able to add new address,edit and delete it</span>
	</div>
	<ul class='steps'>
		<li test-id='78' class='node scenario fail' status='fail'>
			<div class='category-list'>
				<span class='category label white-text'>@P1</span>
				<span class='category label white-text'>@MyAccount</span>
			</div>
			
			<b>Scenario</b>
			
			<span class="bdd-step-name">Verify user is able to add new address,edit and delete it</span>
			
				<ul class='steps'>
					<li test-id='79' class='node given pass' status='pass'><b>Given</b>
						<span class="bdd-step-name">Given I open the given website</span>
							<div class='pre'>passed</div>
					</li>
					<li test-id='80' class='node then pass' status='pass'><b>Then</b>
						<span class="bdd-step-name">Then verify the Url</span>
							<div class='pre'>passed</div>
					</li>
					<li test-id='81' class='node when pass' status='pass'><b>When</b>
						<span class="bdd-step-name">When I click on Login icon</span>
							<div class='pre'>passed</div>
					</li>
					<li test-id='82' class='node and pass' status='pass'><b>And</b>
						<span class="bdd-step-name">And I enter username as "mmsuk@gmail.com" and password as "automation@123"</span>
							<div class='pre'>passed</div>
					</li>
					<li test-id='83' class='node and pass' status='pass'><b>And</b>
						<span class="bdd-step-name">And I click on Sign in button</span>
							<div class='pre'>passed</div>
					</li>
					<li test-id='84' class='node then pass' status='pass'><b>Then</b>
						<span class="bdd-step-name">Then I am successfully logged in</span>
							<div class='pre'>passed</div>
					</li>
					<li test-id='85' class='node and pass' status='pass'><b>And</b>
						<span class="bdd-step-name">And click on Account Settings</span>
							<div class='pre'>passed</div>
					</li>
					<li test-id='86' class='node then pass' status='pass'><b>Then</b>
						<span class="bdd-step-name">Then My Account title is visible</span>
							<div class='pre'>passed</div>
					</li>
					<li test-id='87' class='node when pass' status='pass'><b>When</b>
						<span class="bdd-step-name">When I click on Add new address button</span>
							<div class='pre'>passed</div>
					</li>
					<li test-id='88' class='node and pass' status='pass'><b>And</b>
						<span class="bdd-step-name">And I enter all the valid values in all the mandatory fields</span>
							<div class='pre'>passed</div>
					</li>
					<li test-id='89' class='node and pass' status='pass'><b>And</b>
						<span class="bdd-step-name">And I click on Save button</span>
							<div class='pre'>passed</div>
					</li>
					<li test-id='90' class='node then fail' status='fail'><b>Then</b>
						<span class="bdd-step-name">Then it should display new Addresss</span>
							<div class='pre'><pre>org.openqa.selenium.NoSuchElementException: no such element: Unable to locate element: {"method":"xpath","selector":"(//div[@class='mz-accountaddressbook-contactdetails mz-addresssummary'])[2]//div"}
  (Session info: chrome=74.0.3729.169)
  (Driver info: chromedriver=2.40.565498 (ea082db3280dd6843ebfb08a625e3eb905c4f5ab),platform=Windows NT 6.1.7601 SP1 x86_64) (WARNING: The server did not provide any stacktrace information)
Command duration or timeout: 0 milliseconds
For documentation on this error, please visit: http://seleniumhq.org/exceptions/no_such_element.html
Build info: version: '3.5.1', revision: '9c21bb67ef', time: '2017-08-17T15:26:08.955Z'
System info: host: 'TRANTOR114', ip: '172.16.254.100', os.name: 'Windows 7', os.arch: 'amd64', os.version: '6.1', java.version: '1.8.0_171'
Driver info: org.openqa.selenium.chrome.ChromeDriver
Capabilities [{mobileEmulationEnabled=false, hasTouchScreen=false, platform=XP, acceptSslCerts=false, acceptInsecureCerts=false, webStorageEnabled=true, browserName=chrome, takesScreenshot=true, javascriptEnabled=true, setWindowRect=true, unexpectedAlertBehaviour=, applicationCacheEnabled=false, rotatable=false, networkConnectionEnabled=false, chrome={chromedriverVersion=2.40.565498 (ea082db3280dd6843ebfb08a625e3eb905c4f5ab), userDataDir=C:\Users\VIBHAV~1.GUP\AppData\Local\Temp\scoped_dir11720_15488}, takesHeapSnapshot=true, pageLoadStrategy=normal, unhandledPromptBehavior=, databaseEnabled=false, handlesAlerts=true, version=74.0.3729.169, browserConnectionEnabled=false, nativeEvents=true, locationContextEnabled=true, cssSelectorsEnabled=true}]
Session ID: 2faeaf067b5221cbef076563b406ad00
*** Element info: {Using=xpath, value=(//div[@class='mz-accountaddressbook-contactdetails mz-addresssummary'])[2]//div}
	at sun.reflect.NativeConstructorAccessorImpl.newInstance0(Native Method)
	at sun.reflect.NativeConstructorAccessorImpl.newInstance(NativeConstructorAccessorImpl.java:62)
	at sun.reflect.DelegatingConstructorAccessorImpl.newInstance(DelegatingConstructorAccessorImpl.java:45)
	at java.lang.reflect.Constructor.newInstance(Constructor.java:423)
	at org.openqa.selenium.remote.ErrorHandler.createThrowable(ErrorHandler.java:215)
	at org.openqa.selenium.remote.ErrorHandler.throwIfResponseFailed(ErrorHandler.java:167)
	at org.openqa.selenium.remote.http.JsonHttpResponseCodec.reconstructValue(JsonHttpResponseCodec.java:40)
	at org.openqa.selenium.remote.http.AbstractHttpResponseCodec.decode(AbstractHttpResponseCodec.java:82)
	at org.openqa.selenium.remote.http.AbstractHttpResponseCodec.decode(AbstractHttpResponseCodec.java:45)
	at org.openqa.selenium.remote.HttpCommandExecutor.execute(HttpCommandExecutor.java:164)
	at org.openqa.selenium.remote.service.DriverCommandExecutor.execute(DriverCommandExecutor.java:82)
	at org.openqa.selenium.remote.RemoteWebDriver.execute(RemoteWebDriver.java:641)
	at org.openqa.selenium.remote.RemoteWebDriver.findElement(RemoteWebDriver.java:414)
	at org.openqa.selenium.remote.RemoteWebDriver.findElementByXPath(RemoteWebDriver.java:513)
	at org.openqa.selenium.By$ByXPath.findElement(By.java:361)
	at org.openqa.selenium.remote.RemoteWebDriver.findElement(RemoteWebDriver.java:406)
	at org.openqa.selenium.support.pagefactory.DefaultElementLocator.findElement(DefaultElementLocator.java:69)
	at org.openqa.selenium.support.pagefactory.internal.LocatingElementHandler.invoke(LocatingElementHandler.java:38)
	at com.sun.proxy.$Proxy22.getWrappedElement(Unknown Source)
	at org.openqa.selenium.remote.internal.WebElementToJsonConverter.apply(WebElementToJsonConverter.java:51)
	at com.google.common.collect.Iterators$6.transform(Iterators.java:820)
	at com.google.common.collect.TransformedIterator.next(TransformedIterator.java:48)
	at com.google.common.collect.Iterators.addAll(Iterators.java:373)
	at com.google.common.collect.Lists.newArrayList(Lists.java:165)
	at com.google.common.collect.Lists.newArrayList(Lists.java:150)
	at org.openqa.selenium.remote.RemoteWebDriver.executeScript(RemoteWebDriver.java:575)
	at helpers.GlobalUtil.highlight(GlobalUtil.java:270)
	at helpers.GlobalUtil.verifyUIText(GlobalUtil.java:249)
	at step_definitions.MyAccount.it_should_display_new_Addresss(MyAccount.java:158)
	at ?.Then it should display new Addresss(features/MyAccount.feature:68)
</pre></div>
					</li>
					<li test-id='91' class='node when skip' status='skip'><b>When</b>
						<span class="bdd-step-name">When i click on Edit button</span>
							<div class='pre'>skipped</div>
					</li>
					<li test-id='92' class='node and skip' status='skip'><b>And</b>
						<span class="bdd-step-name">And edit the Address</span>
							<div class='pre'>skipped</div>
					</li>
					<li test-id='93' class='node and skip' status='skip'><b>And</b>
						<span class="bdd-step-name">And I click on Save button</span>
							<div class='pre'>skipped</div>
					</li>
					<li test-id='94' class='node then skip' status='skip'><b>Then</b>
						<span class="bdd-step-name">Then it should display the updated address</span>
							<div class='pre'>skipped</div>
					</li>
					<li test-id='95' class='node when skip' status='skip'><b>When</b>
						<span class="bdd-step-name">When I click on Delete Address</span>
							<div class='pre'>skipped</div>
					</li>
					<li test-id='96' class='node then skip' status='skip'><b>Then</b>
						<span class="bdd-step-name">Then it should delete the address</span>
						<ul class='screenshots right'>
							<li><a data-featherlight="image" href="E:\projects\Strand\ExecutionReports\FailedScreenshots\ScreenShot_1561027697369.png"><i class='material-icons'>panorama</i></a></li>
						</ul>
							<div class='pre'>skipped</div>
					</li>
				</ul>
		</li>
	</ul>
</div>
<div class='scenariooutline node' test-id='97' status='pass'>
	<span class='duration right label'>0h 1m 43s+813ms</span>
	<div class='desc'>
		<b>ScenarioOutline</b>
		<span class="desc-text">Verify on clicking detail link in recent order it opens detail for that particular order</span>
	</div>
	<ul class='steps'>
		<li test-id='98' class='node scenario pass' status='pass'>
			<div class='category-list'>
				<span class='category label white-text'>@P1</span>
				<span class='category label white-text'>@MyAccount</span>
			</div>
			
			<b>Scenario</b>
			
			<span class="bdd-step-name">Verify on clicking detail link in recent order it opens detail for that particular order</span>
			
				<ul class='steps'>
					<li test-id='99' class='node given pass' status='pass'><b>Given</b>
						<span class="bdd-step-name">Given I open the given website</span>
							<div class='pre'>passed</div>
					</li>
					<li test-id='100' class='node then pass' status='pass'><b>Then</b>
						<span class="bdd-step-name">Then verify the Url</span>
							<div class='pre'>passed</div>
					</li>
					<li test-id='101' class='node when pass' status='pass'><b>When</b>
						<span class="bdd-step-name">When I click on Login icon</span>
							<div class='pre'>passed</div>
					</li>
					<li test-id='102' class='node and pass' status='pass'><b>And</b>
						<span class="bdd-step-name">And I enter username as "mmsuk@gmail.com" and password as "automation@123"</span>
							<div class='pre'>passed</div>
					</li>
					<li test-id='103' class='node and pass' status='pass'><b>And</b>
						<span class="bdd-step-name">And I click on Sign in button</span>
							<div class='pre'>passed</div>
					</li>
					<li test-id='104' class='node then pass' status='pass'><b>Then</b>
						<span class="bdd-step-name">Then I am successfully logged in</span>
							<div class='pre'>passed</div>
					</li>
					<li test-id='105' class='node and pass' status='pass'><b>And</b>
						<span class="bdd-step-name">And click on Account Settings</span>
							<div class='pre'>passed</div>
					</li>
					<li test-id='106' class='node then pass' status='pass'><b>Then</b>
						<span class="bdd-step-name">Then it navigates to Account settings page</span>
							<div class='pre'>passed</div>
					</li>
					<li test-id='107' class='node when pass' status='pass'><b>When</b>
						<span class="bdd-step-name">When I click on Order Details</span>
							<div class='pre'>passed</div>
					</li>
					<li test-id='108' class='node then pass' status='pass'><b>Then</b>
						<span class="bdd-step-name">Then it opens detail for that particular order</span>
							<div class='pre'>passed</div>
					</li>
				</ul>
		</li>
	</ul>
</div>
<div class='scenariooutline node' test-id='109' status='fail'>
	<span class='duration right label'>0h 2m 10s+356ms</span>
	<div class='desc'>
		<b>ScenarioOutline</b>
		<span class="desc-text">Verify on clicking product name in detail section of order it redirects to product page</span>
	</div>
	<ul class='steps'>
		<li test-id='110' class='node scenario fail' status='fail'>
			<div class='category-list'>
				<span class='category label white-text'>@P1</span>
				<span class='category label white-text'>@MyAccount</span>
			</div>
			
			<b>Scenario</b>
			
			<span class="bdd-step-name">Verify on clicking product name in detail section of order it redirects to product page</span>
			
				<ul class='steps'>
					<li test-id='111' class='node given pass' status='pass'><b>Given</b>
						<span class="bdd-step-name">Given I open the given website</span>
							<div class='pre'>passed</div>
					</li>
					<li test-id='112' class='node then pass' status='pass'><b>Then</b>
						<span class="bdd-step-name">Then verify the Url</span>
							<div class='pre'>passed</div>
					</li>
					<li test-id='113' class='node when pass' status='pass'><b>When</b>
						<span class="bdd-step-name">When I click on Login icon</span>
							<div class='pre'>passed</div>
					</li>
					<li test-id='114' class='node and pass' status='pass'><b>And</b>
						<span class="bdd-step-name">And I enter username as "mmsuk@gmail.com" and password as "automation@123"</span>
							<div class='pre'>passed</div>
					</li>
					<li test-id='115' class='node and pass' status='pass'><b>And</b>
						<span class="bdd-step-name">And I click on Sign in button</span>
							<div class='pre'>passed</div>
					</li>
					<li test-id='116' class='node then pass' status='pass'><b>Then</b>
						<span class="bdd-step-name">Then I am successfully logged in</span>
							<div class='pre'>passed</div>
					</li>
					<li test-id='117' class='node and pass' status='pass'><b>And</b>
						<span class="bdd-step-name">And click on Account Settings</span>
							<div class='pre'>passed</div>
					</li>
					<li test-id='118' class='node then pass' status='pass'><b>Then</b>
						<span class="bdd-step-name">Then it navigates to Account settings page</span>
							<div class='pre'>passed</div>
					</li>
					<li test-id='119' class='node when pass' status='pass'><b>When</b>
						<span class="bdd-step-name">When I click on Order Details</span>
							<div class='pre'>passed</div>
					</li>
					<li test-id='120' class='node when fail' status='fail'><b>When</b>
						<span class="bdd-step-name">When i click on product name in detail section</span>
							<div class='pre'><textarea>org.openqa.selenium.TimeoutException: Expected condition failed: waiting for visibility of [[ChromeDriver: chrome on XP (18de280aefef50ae1723ac0e055a2dc5)] -> xpath: //a[@class='mz-itemlisting-title col-xs-9 col-sm-7 detail-data']] (tried for 30 second(s) with 500 MILLISECONDS interval)
Build info: version: '3.5.1', revision: '9c21bb67ef', time: '2017-08-17T15:26:08.955Z'
System info: host: 'TRANTOR114', ip: '172.16.254.100', os.name: 'Windows 7', os.arch: 'amd64', os.version: '6.1', java.version: '1.8.0_171'
Driver info: org.openqa.selenium.chrome.ChromeDriver
Capabilities [{mobileEmulationEnabled=false, hasTouchScreen=false, platform=XP, acceptSslCerts=false, acceptInsecureCerts=false, webStorageEnabled=true, browserName=chrome, takesScreenshot=true, javascriptEnabled=true, setWindowRect=true, unexpectedAlertBehaviour=, applicationCacheEnabled=false, rotatable=false, networkConnectionEnabled=false, chrome={chromedriverVersion=2.40.565498 (ea082db3280dd6843ebfb08a625e3eb905c4f5ab), userDataDir=C:\Users\VIBHAV~1.GUP\AppData\Local\Temp\scoped_dir11028_2601}, takesHeapSnapshot=true, pageLoadStrategy=normal, unhandledPromptBehavior=, databaseEnabled=false, handlesAlerts=true, version=74.0.3729.169, browserConnectionEnabled=false, nativeEvents=true, locationContextEnabled=true, cssSelectorsEnabled=true}]
Session ID: 18de280aefef50ae1723ac0e055a2dc5
	at org.openqa.selenium.support.ui.WebDriverWait.timeoutException(WebDriverWait.java:80)
	at org.openqa.selenium.support.ui.FluentWait.until(FluentWait.java:232)
	at helpers.GlobalUtil.waitForElementToBeClickable(GlobalUtil.java:112)
	at helpers.GlobalUtil.clickOnElementUsingJS(GlobalUtil.java:127)
	at step_definitions.MyAccount.i_click_on_product_name_in_detail_section(MyAccount.java:244)
	at ?.When i click on product name in detail section(features/MyAccount.feature:124)
</textarea></div>
					</li>
					<li test-id='121' class='node then skip' status='skip'><b>Then</b>
						<span class="bdd-step-name">Then it redirects to specific Product page</span>
						<ul class='screenshots right'>
							<li><a data-featherlight="image" href="E:\projects\Strand\ExecutionReports\FailedScreenshots\ScreenShot_1561027938101.png"><i class='material-icons'>panorama</i></a></li>
						</ul>
							<div class='pre'>skipped</div>
					</li>
				</ul>
		</li>
	</ul>
</div>
					</div>
				</li>
				
				
				<li class='test displayed active has-leaf fail' status='fail' bdd='true' test-id='122'>
					<div class='test-heading'>
						<span class='test-name'>Verify multiple scenarios on Order Confirmation Page</span>
						<span class='test-time'>Jun 20, 2019 04:22:24 PM</span>
						<span class='test-status right fail'>fail</span>
					</div>
					<div class='test-content hide'>
<div class='scenario node' test-id='123' status='pass'>
	<div class='category-list'>
		<span class='category label white-text'>@OrderConfirmation</span>
		<span class='category label white-text'>@P1</span>
		<span class='category label white-text'>@P1US</span>
	</div>
	<span class='duration right label'>0h 3m 29s+318ms</span>
	<div class='desc'>
		<b>Scenario</b>
		<span class="desc-text">Verify Order Summary has Product Code,Product details,Product price,Product price total,Price summary section</span>
	</div>
	<ul class='steps'>
		<li test-id='124' class='node given pass' status='pass'>
			
			<b>Given</b>
			
			<span class="bdd-step-name">Given I open the given website</span>
				<div class='pre'>passed</div>
			
		</li>
		<li test-id='125' class='node then pass' status='pass'>
			
			<b>Then</b>
			
			<span class="bdd-step-name">Then verify the Url</span>
				<div class='pre'>passed</div>
			
		</li>
		<li test-id='126' class='node when pass' status='pass'>
			
			<b>When</b>
			
			<span class="bdd-step-name">When I navigate to normal product page</span>
				<div class='pre'>passed</div>
			
		</li>
		<li test-id='127' class='node then pass' status='pass'>
			
			<b>Then</b>
			
			<span class="bdd-step-name">Then Add to cart button is visible</span>
				<div class='pre'>passed</div>
			
		</li>
		<li test-id='128' class='node when pass' status='pass'>
			
			<b>When</b>
			
			<span class="bdd-step-name">When I click on cart button</span>
				<div class='pre'>passed</div>
			
		</li>
		<li test-id='129' class='node when pass' status='pass'>
			
			<b>When</b>
			
			<span class="bdd-step-name">When I click on Proceed to Checkout button</span>
				<div class='pre'>passed</div>
			
		</li>
		<li test-id='130' class='node then pass' status='pass'>
			
			<b>Then</b>
			
			<span class="bdd-step-name">Then it redirects to Checkout Page</span>
				<div class='pre'>passed</div>
			
		</li>
		<li test-id='131' class='node when pass' status='pass'>
			
			<b>When</b>
			
			<span class="bdd-step-name">When I enter all the mandatory fields of Ship to Section</span>
				<div class='pre'>passed</div>
			
		</li>
		<li test-id='132' class='node and pass' status='pass'>
			
			<b>And</b>
			
			<span class="bdd-step-name">And I click on Next</span>
				<div class='pre'>passed</div>
			
		</li>
		<li test-id='133' class='node and pass' status='pass'>
			
			<b>And</b>
			
			<span class="bdd-step-name">And I click on Ship method Next button</span>
				<div class='pre'>passed</div>
			
		</li>
		<li test-id='134' class='node when pass' status='pass'>
			
			<b>When</b>
			
			<span class="bdd-step-name">When I enter all the mandatory valid information and click on Next button</span>
				<div class='pre'>passed</div>
			
		</li>
		<li test-id='135' class='node then pass' status='pass'>
			
			<b>Then</b>
			
			<span class="bdd-step-name">Then it navigates to Complete Your Order Section</span>
				<div class='pre'>passed</div>
			
		</li>
		<li test-id='136' class='node when pass' status='pass'>
			
			<b>When</b>
			
			<span class="bdd-step-name">When I click on Place Order button without selecting terms and Conditions</span>
				<div class='pre'>passed</div>
			
		</li>
		<li test-id='137' class='node then pass' status='pass'>
			
			<b>Then</b>
			
			<span class="bdd-step-name">Then it displays error message</span>
				<div class='pre'>passed</div>
			
		</li>
		<li test-id='138' class='node when pass' status='pass'>
			
			<b>When</b>
			
			<span class="bdd-step-name">When I select terms and conditions</span>
				<div class='pre'>passed</div>
			
		</li>
		<li test-id='139' class='node and pass' status='pass'>
			
			<b>And</b>
			
			<span class="bdd-step-name">And I click on Place order button</span>
				<div class='pre'>passed</div>
			
		</li>
		<li test-id='140' class='node then pass' status='pass'>
			
			<b>Then</b>
			
			<span class="bdd-step-name">Then Order gets placed successfully</span>
				<div class='pre'>passed</div>
			
		</li>
		<li test-id='141' class='node then pass' status='pass'>
			
			<b>Then</b>
			
			<span class="bdd-step-name">Then Order Sumaary section  has Product Code,Product details,Product price,Product price total,Price summary section</span>
				<div class='pre'>passed</div>
			
		</li>
	</ul>
</div>
<div class='scenario node' test-id='142' status='fail'>
	<div class='category-list'>
		<span class='category label white-text'>@OrderConfirmation</span>
		<span class='category label white-text'>@P1</span>
	</div>
	<span class='duration right label'>0h 2m 3s+949ms</span>
	<div class='desc'>
		<b>Scenario</b>
		<span class="desc-text">Verify order level discount applies on and then order total is calculated</span>
	</div>
	<ul class='steps'>
		<li test-id='143' class='node given pass' status='pass'>
			
			<b>Given</b>
			
			<span class="bdd-step-name">Given I open the given website</span>
				<div class='pre'>passed</div>
			
		</li>
		<li test-id='144' class='node then pass' status='pass'>
			
			<b>Then</b>
			
			<span class="bdd-step-name">Then verify the Url</span>
				<div class='pre'>passed</div>
			
		</li>
		<li test-id='145' class='node when pass' status='pass'>
			
			<b>When</b>
			
			<span class="bdd-step-name">When I navigate to customised product</span>
				<div class='pre'>passed</div>
			
		</li>
		<li test-id='146' class='node and pass' status='pass'>
			
			<b>And</b>
			
			<span class="bdd-step-name">And I click on Personalize button</span>
				<div class='pre'>passed</div>
			
		</li>
		<li test-id='147' class='node and pass' status='pass'>
			
			<b>And</b>
			
			<span class="bdd-step-name">And I close the pop up window</span>
				<div class='pre'>passed</div>
			
		</li>
		<li test-id='148' class='node when pass' status='pass'>
			
			<b>When</b>
			
			<span class="bdd-step-name">When I select a color of the product</span>
				<div class='pre'>passed</div>
			
		</li>
		<li test-id='149' class='node then pass' status='pass'>
			
			<b>Then</b>
			
			<span class="bdd-step-name">Then I click on Add to Cart button</span>
				<div class='pre'>passed</div>
			
		</li>
		<li test-id='150' class='node when pass' status='pass'>
			
			<b>When</b>
			
			<span class="bdd-step-name">When I enter valid coupon code and click on Apply</span>
				<div class='pre'>passed</div>
			
		</li>
		<li test-id='151' class='node then fail' status='fail'>
			
			<b>Then</b>
			
			<span class="bdd-step-name">Then Coupon code gets applied</span>
				<div class='pre'><pre>java.lang.AssertionError: Coupon code is not applied
	at org.junit.Assert.fail(Assert.java:93)
	at org.junit.Assert.assertTrue(Assert.java:43)
	at step_definitions.Cart.coupon_code_gets_applied(Cart.java:159)
	at ?.Then Coupon code gets applied(features/OrderConfirmation.feature:54)
</pre></div>
			
		</li>
		<li test-id='152' class='node when skip' status='skip'>
			
			<b>When</b>
			
			<span class="bdd-step-name">When I click on Checkout button</span>
				<div class='pre'>skipped</div>
			
		</li>
		<li test-id='153' class='node then skip' status='skip'>
			
			<b>Then</b>
			
			<span class="bdd-step-name">Then it redirects to Checkout Page</span>
				<div class='pre'>skipped</div>
			
		</li>
		<li test-id='154' class='node when skip' status='skip'>
			
			<b>When</b>
			
			<span class="bdd-step-name">When I enter all the mandatory fields of Ship to Section</span>
				<div class='pre'>skipped</div>
			
		</li>
		<li test-id='155' class='node and skip' status='skip'>
			
			<b>And</b>
			
			<span class="bdd-step-name">And I click on Next</span>
				<div class='pre'>skipped</div>
			
		</li>
		<li test-id='156' class='node and skip' status='skip'>
			
			<b>And</b>
			
			<span class="bdd-step-name">And I click on Ship method Next button</span>
				<div class='pre'>skipped</div>
			
		</li>
		<li test-id='157' class='node when skip' status='skip'>
			
			<b>When</b>
			
			<span class="bdd-step-name">When I enter all the mandatory valid information and click on Next button</span>
				<div class='pre'>skipped</div>
			
		</li>
		<li test-id='158' class='node then skip' status='skip'>
			
			<b>Then</b>
			
			<span class="bdd-step-name">Then it navigates to Complete Your Order Section</span>
				<div class='pre'>skipped</div>
			
		</li>
		<li test-id='159' class='node when skip' status='skip'>
			
			<b>When</b>
			
			<span class="bdd-step-name">When I click on Place Order button without selecting terms and Conditions</span>
				<div class='pre'>skipped</div>
			
		</li>
		<li test-id='160' class='node then skip' status='skip'>
			
			<b>Then</b>
			
			<span class="bdd-step-name">Then it displays error message</span>
				<div class='pre'>skipped</div>
			
		</li>
		<li test-id='161' class='node when skip' status='skip'>
			
			<b>When</b>
			
			<span class="bdd-step-name">When I select terms and conditions</span>
				<div class='pre'>skipped</div>
			
		</li>
		<li test-id='162' class='node and skip' status='skip'>
			
			<b>And</b>
			
			<span class="bdd-step-name">And I click on Place order button</span>
				<div class='pre'>skipped</div>
			
		</li>
		<li test-id='163' class='node then skip' status='skip'>
			
			<b>Then</b>
			
			<span class="bdd-step-name">Then Order gets placed successfully</span>
				<div class='pre'>skipped</div>
			
		</li>
		<li test-id='164' class='node then skip' status='skip'>
			
			<b>Then</b>
			
			<span class="bdd-step-name">Then order level discount applies on and then order total is calculated</span>
			<ul class='screenshots right'>
				<li><a data-featherlight="image" href="E:\projects\Strand\ExecutionReports\FailedScreenshots\ScreenShot_1561028278033.png"><i class='material-icons'>panorama</i></a></li>
			</ul>
				<div class='pre'>skipped</div>
			
		</li>
	</ul>
</div>
					</div>
				</li>
				
				
				<li class='test displayed active has-leaf fail' status='fail' bdd='true' test-id='165'>
					<div class='test-heading'>
						<span class='test-name'>Verify multiple scenarios on Product Detail Page</span>
						<span class='test-time'>Jun 20, 2019 04:28:04 PM</span>
						<span class='test-status right fail'>fail</span>
					</div>
					<div class='test-content hide'>
<div class='scenario node' test-id='166' status='fail'>
	<div class='category-list'>
		<span class='category label white-text'>@PDP</span>
		<span class='category label white-text'>@P1</span>
		<span class='category label white-text'>@P1US</span>
	</div>
	<span class='duration right label'>0h 1m 5s+86ms</span>
	<div class='desc'>
		<b>Scenario</b>
		<span class="desc-text">Verify customize button does not display if inventory is zero for customize products</span>
	</div>
	<ul class='steps'>
		<li test-id='167' class='node given pass' status='pass'>
			
			<b>Given</b>
			
			<span class="bdd-step-name">Given I open the given website</span>
				<div class='pre'>passed</div>
			
		</li>
		<li test-id='168' class='node then pass' status='pass'>
			
			<b>Then</b>
			
			<span class="bdd-step-name">Then verify the Url</span>
				<div class='pre'>passed</div>
			
		</li>
		<li test-id='169' class='node when pass' status='pass'>
			
			<b>When</b>
			
			<span class="bdd-step-name">When I navigate to Product Detail Page</span>
				<div class='pre'>passed</div>
			
		</li>
		<li test-id='170' class='node then pass' status='pass'>
			
			<b>Then</b>
			
			<span class="bdd-step-name">Then Global Cart is visible</span>
				<div class='pre'>passed</div>
			
		</li>
		<li test-id='171' class='node when fail' status='fail'>
			
			<b>When</b>
			
			<span class="bdd-step-name">When I navigate to zero inventory customized product</span>
				<div class='pre'><textarea>java.lang.NullPointerException: null value in entry: url=null
	at com.google.common.collect.CollectPreconditions.checkEntryNotNull(CollectPreconditions.java:34)
	at com.google.common.collect.SingletonImmutableBiMap.<init>(SingletonImmutableBiMap.java:42)
	at com.google.common.collect.ImmutableBiMap.of(ImmutableBiMap.java:73)
	at com.google.common.collect.ImmutableMap.of(ImmutableMap.java:123)
	at org.openqa.selenium.remote.RemoteWebDriver.get(RemoteWebDriver.java:368)
	at org.openqa.selenium.remote.RemoteWebDriver$RemoteNavigation.to(RemoteWebDriver.java:949)
	at helpers.GlobalUtil.navigateToURL(GlobalUtil.java:282)
	at step_definitions.ProductDetailPage.i_navigate_to_zero_inventory_customized_product(ProductDetailPage.java:114)
	at ?.When I navigate to zero inventory customized product(features/ProductDetailPage.feature:37)
</textarea></div>
			
		</li>
		<li test-id='172' class='node then skip' status='skip'>
			
			<b>Then</b>
			
			<span class="bdd-step-name">Then personalize button is not visible</span>
			<ul class='screenshots right'>
				<li><a data-featherlight="image" href="E:\projects\Strand\ExecutionReports\FailedScreenshots\ScreenShot_1561028349116.png"><i class='material-icons'>panorama</i></a></li>
			</ul>
				<div class='pre'>skipped</div>
			
		</li>
	</ul>
</div>
					</div>
				</li>
				
				
				<li class='test displayed active has-leaf fail' status='fail' bdd='true' test-id='173'>
					<div class='test-heading'>
						<span class='test-name'>Verify multiple scenarios on Product List page</span>
						<span class='test-time'>Jun 20, 2019 04:29:15 PM</span>
						<span class='test-status right fail'>fail</span>
					</div>
					<div class='test-content hide'>
<div class='scenario node' test-id='174' status='fail'>
	<div class='category-list'>
		<span class='category label white-text'>@ProductList</span>
		<span class='category label white-text'>@P1</span>
	</div>
	<span class='duration right label'>0h 1m 33s+761ms</span>
	<div class='desc'>
		<b>Scenario</b>
		<span class="desc-text">Verify filter options are working fine and page gets filter as per selected filter.</span>
	</div>
	<ul class='steps'>
		<li test-id='175' class='node given pass' status='pass'>
			
			<b>Given</b>
			
			<span class="bdd-step-name">Given I open the given website</span>
				<div class='pre'>passed</div>
			
		</li>
		<li test-id='176' class='node then pass' status='pass'>
			
			<b>Then</b>
			
			<span class="bdd-step-name">Then verify the Url</span>
				<div class='pre'>passed</div>
			
		</li>
		<li test-id='177' class='node when pass' status='pass'>
			
			<b>When</b>
			
			<span class="bdd-step-name">When I navigate to product List page</span>
				<div class='pre'>passed</div>
			
		</li>
		<li test-id='178' class='node then pass' status='pass'>
			
			<b>Then</b>
			
			<span class="bdd-step-name">Then Global Cart is visible</span>
				<div class='pre'>passed</div>
			
		</li>
		<li test-id='179' class='node when fail' status='fail'>
			
			<b>When</b>
			
			<span class="bdd-step-name">When I select Weight filter</span>
				<div class='pre'><pre>org.openqa.selenium.NoSuchElementException: no such element: Unable to locate element: {"method":"xpath","selector":"//p[contains(text(),'Product Weight Size')]"}
  (Session info: chrome=74.0.3729.169)
  (Driver info: chromedriver=2.40.565498 (ea082db3280dd6843ebfb08a625e3eb905c4f5ab),platform=Windows NT 6.1.7601 SP1 x86_64) (WARNING: The server did not provide any stacktrace information)
Command duration or timeout: 0 milliseconds
For documentation on this error, please visit: http://seleniumhq.org/exceptions/no_such_element.html
Build info: version: '3.5.1', revision: '9c21bb67ef', time: '2017-08-17T15:26:08.955Z'
System info: host: 'TRANTOR114', ip: '172.16.254.100', os.name: 'Windows 7', os.arch: 'amd64', os.version: '6.1', java.version: '1.8.0_171'
Driver info: org.openqa.selenium.chrome.ChromeDriver
Capabilities [{mobileEmulationEnabled=false, hasTouchScreen=false, platform=XP, acceptSslCerts=false, acceptInsecureCerts=false, webStorageEnabled=true, browserName=chrome, takesScreenshot=true, javascriptEnabled=true, setWindowRect=true, unexpectedAlertBehaviour=, applicationCacheEnabled=false, rotatable=false, networkConnectionEnabled=false, chrome={chromedriverVersion=2.40.565498 (ea082db3280dd6843ebfb08a625e3eb905c4f5ab), userDataDir=C:\Users\VIBHAV~1.GUP\AppData\Local\Temp\scoped_dir13072_12447}, takesHeapSnapshot=true, pageLoadStrategy=normal, unhandledPromptBehavior=, databaseEnabled=false, handlesAlerts=true, version=74.0.3729.169, browserConnectionEnabled=false, nativeEvents=true, locationContextEnabled=true, cssSelectorsEnabled=true}]
Session ID: 9f39260e0a41da8c19cf564b4b0991f1
*** Element info: {Using=xpath, value=//p[contains(text(),'Product Weight Size')]}
	at sun.reflect.NativeConstructorAccessorImpl.newInstance0(Native Method)
	at sun.reflect.NativeConstructorAccessorImpl.newInstance(NativeConstructorAccessorImpl.java:62)
	at sun.reflect.DelegatingConstructorAccessorImpl.newInstance(DelegatingConstructorAccessorImpl.java:45)
	at java.lang.reflect.Constructor.newInstance(Constructor.java:423)
	at org.openqa.selenium.remote.ErrorHandler.createThrowable(ErrorHandler.java:215)
	at org.openqa.selenium.remote.ErrorHandler.throwIfResponseFailed(ErrorHandler.java:167)
	at org.openqa.selenium.remote.http.JsonHttpResponseCodec.reconstructValue(JsonHttpResponseCodec.java:40)
	at org.openqa.selenium.remote.http.AbstractHttpResponseCodec.decode(AbstractHttpResponseCodec.java:82)
	at org.openqa.selenium.remote.http.AbstractHttpResponseCodec.decode(AbstractHttpResponseCodec.java:45)
	at org.openqa.selenium.remote.HttpCommandExecutor.execute(HttpCommandExecutor.java:164)
	at org.openqa.selenium.remote.service.DriverCommandExecutor.execute(DriverCommandExecutor.java:82)
	at org.openqa.selenium.remote.RemoteWebDriver.execute(RemoteWebDriver.java:641)
	at org.openqa.selenium.remote.RemoteWebDriver.findElement(RemoteWebDriver.java:414)
	at org.openqa.selenium.remote.RemoteWebDriver.findElementByXPath(RemoteWebDriver.java:513)
	at org.openqa.selenium.By$ByXPath.findElement(By.java:361)
	at org.openqa.selenium.remote.RemoteWebDriver.findElement(RemoteWebDriver.java:406)
	at org.openqa.selenium.support.pagefactory.DefaultElementLocator.findElement(DefaultElementLocator.java:69)
	at org.openqa.selenium.support.pagefactory.internal.LocatingElementHandler.invoke(LocatingElementHandler.java:38)
	at com.sun.proxy.$Proxy22.getWrappedElement(Unknown Source)
	at org.openqa.selenium.remote.internal.WebElementToJsonConverter.apply(WebElementToJsonConverter.java:51)
	at com.google.common.collect.Iterators$6.transform(Iterators.java:820)
	at com.google.common.collect.TransformedIterator.next(TransformedIterator.java:48)
	at com.google.common.collect.Iterators.addAll(Iterators.java:373)
	at com.google.common.collect.Lists.newArrayList(Lists.java:165)
	at com.google.common.collect.Lists.newArrayList(Lists.java:150)
	at org.openqa.selenium.remote.RemoteWebDriver.executeScript(RemoteWebDriver.java:575)
	at helpers.GlobalUtil.highlight(GlobalUtil.java:270)
	at helpers.GlobalUtil.clickOnElementUsingJS(GlobalUtil.java:126)
	at step_definitions.productList.i_select_Weight_filter(productList.java:106)
	at ?.When I select Weight filter(features/ProductList.feature:45)
</pre></div>
			
		</li>
		<li test-id='180' class='node then skip' status='skip'>
			
			<b>Then</b>
			
			<span class="bdd-step-name">Then products gets listed as per selected filter</span>
				<div class='pre'>skipped</div>
			
		</li>
		<li test-id='181' class='node when skip' status='skip'>
			
			<b>When</b>
			
			<span class="bdd-step-name">When I click on Clear All</span>
				<div class='pre'>skipped</div>
			
		</li>
		<li test-id='182' class='node then skip' status='skip'>
			
			<b>Then</b>
			
			<span class="bdd-step-name">Then filter gets removed</span>
				<div class='pre'>skipped</div>
			
		</li>
		<li test-id='183' class='node when skip' status='skip'>
			
			<b>When</b>
			
			<span class="bdd-step-name">When I select another Weight</span>
				<div class='pre'>skipped</div>
			
		</li>
		<li test-id='184' class='node then skip' status='skip'>
			
			<b>Then</b>
			
			<span class="bdd-step-name">Then products gets listed per selected filter</span>
			<ul class='screenshots right'>
				<li><a data-featherlight="image" href="E:\projects\Strand\ExecutionReports\FailedScreenshots\ScreenShot_1561028448845.png"><i class='material-icons'>panorama</i></a></li>
			</ul>
				<div class='pre'>skipped</div>
			
		</li>
	</ul>
</div>
<div class='scenario node' test-id='185' status='fail'>
	<div class='category-list'>
		<span class='category label white-text'>@ProductList</span>
		<span class='category label white-text'>@P1</span>
	</div>
	<span class='duration right label'>0h 1m 26s+540ms</span>
	<div class='desc'>
		<b>Scenario</b>
		<span class="desc-text">Verify removing all filters by clicking clear all link</span>
	</div>
	<ul class='steps'>
		<li test-id='186' class='node given pass' status='pass'>
			
			<b>Given</b>
			
			<span class="bdd-step-name">Given I open the given website</span>
				<div class='pre'>passed</div>
			
		</li>
		<li test-id='187' class='node then pass' status='pass'>
			
			<b>Then</b>
			
			<span class="bdd-step-name">Then verify the Url</span>
				<div class='pre'>passed</div>
			
		</li>
		<li test-id='188' class='node when pass' status='pass'>
			
			<b>When</b>
			
			<span class="bdd-step-name">When I navigate to product List page</span>
				<div class='pre'>passed</div>
			
		</li>
		<li test-id='189' class='node then pass' status='pass'>
			
			<b>Then</b>
			
			<span class="bdd-step-name">Then Global Cart is visible</span>
				<div class='pre'>passed</div>
			
		</li>
		<li test-id='190' class='node when fail' status='fail'>
			
			<b>When</b>
			
			<span class="bdd-step-name">When I select Weight filter</span>
				<div class='pre'><pre>org.openqa.selenium.NoSuchElementException: no such element: Unable to locate element: {"method":"xpath","selector":"//p[contains(text(),'Product Weight Size')]"}
  (Session info: chrome=74.0.3729.169)
  (Driver info: chromedriver=2.40.565498 (ea082db3280dd6843ebfb08a625e3eb905c4f5ab),platform=Windows NT 6.1.7601 SP1 x86_64) (WARNING: The server did not provide any stacktrace information)
Command duration or timeout: 0 milliseconds
For documentation on this error, please visit: http://seleniumhq.org/exceptions/no_such_element.html
Build info: version: '3.5.1', revision: '9c21bb67ef', time: '2017-08-17T15:26:08.955Z'
System info: host: 'TRANTOR114', ip: '172.16.254.100', os.name: 'Windows 7', os.arch: 'amd64', os.version: '6.1', java.version: '1.8.0_171'
Driver info: org.openqa.selenium.chrome.ChromeDriver
Capabilities [{mobileEmulationEnabled=false, hasTouchScreen=false, platform=XP, acceptSslCerts=false, acceptInsecureCerts=false, webStorageEnabled=true, browserName=chrome, takesScreenshot=true, javascriptEnabled=true, setWindowRect=true, unexpectedAlertBehaviour=, applicationCacheEnabled=false, rotatable=false, networkConnectionEnabled=false, chrome={chromedriverVersion=2.40.565498 (ea082db3280dd6843ebfb08a625e3eb905c4f5ab), userDataDir=C:\Users\VIBHAV~1.GUP\AppData\Local\Temp\scoped_dir11732_32181}, takesHeapSnapshot=true, pageLoadStrategy=normal, unhandledPromptBehavior=, databaseEnabled=false, handlesAlerts=true, version=74.0.3729.169, browserConnectionEnabled=false, nativeEvents=true, locationContextEnabled=true, cssSelectorsEnabled=true}]
Session ID: 6a91ccf96667bbf423ef993f631dc1e8
*** Element info: {Using=xpath, value=//p[contains(text(),'Product Weight Size')]}
	at sun.reflect.NativeConstructorAccessorImpl.newInstance0(Native Method)
	at sun.reflect.NativeConstructorAccessorImpl.newInstance(NativeConstructorAccessorImpl.java:62)
	at sun.reflect.DelegatingConstructorAccessorImpl.newInstance(DelegatingConstructorAccessorImpl.java:45)
	at java.lang.reflect.Constructor.newInstance(Constructor.java:423)
	at org.openqa.selenium.remote.ErrorHandler.createThrowable(ErrorHandler.java:215)
	at org.openqa.selenium.remote.ErrorHandler.throwIfResponseFailed(ErrorHandler.java:167)
	at org.openqa.selenium.remote.http.JsonHttpResponseCodec.reconstructValue(JsonHttpResponseCodec.java:40)
	at org.openqa.selenium.remote.http.AbstractHttpResponseCodec.decode(AbstractHttpResponseCodec.java:82)
	at org.openqa.selenium.remote.http.AbstractHttpResponseCodec.decode(AbstractHttpResponseCodec.java:45)
	at org.openqa.selenium.remote.HttpCommandExecutor.execute(HttpCommandExecutor.java:164)
	at org.openqa.selenium.remote.service.DriverCommandExecutor.execute(DriverCommandExecutor.java:82)
	at org.openqa.selenium.remote.RemoteWebDriver.execute(RemoteWebDriver.java:641)
	at org.openqa.selenium.remote.RemoteWebDriver.findElement(RemoteWebDriver.java:414)
	at org.openqa.selenium.remote.RemoteWebDriver.findElementByXPath(RemoteWebDriver.java:513)
	at org.openqa.selenium.By$ByXPath.findElement(By.java:361)
	at org.openqa.selenium.remote.RemoteWebDriver.findElement(RemoteWebDriver.java:406)
	at org.openqa.selenium.support.pagefactory.DefaultElementLocator.findElement(DefaultElementLocator.java:69)
	at org.openqa.selenium.support.pagefactory.internal.LocatingElementHandler.invoke(LocatingElementHandler.java:38)
	at com.sun.proxy.$Proxy22.getWrappedElement(Unknown Source)
	at org.openqa.selenium.remote.internal.WebElementToJsonConverter.apply(WebElementToJsonConverter.java:51)
	at com.google.common.collect.Iterators$6.transform(Iterators.java:820)
	at com.google.common.collect.TransformedIterator.next(TransformedIterator.java:48)
	at com.google.common.collect.Iterators.addAll(Iterators.java:373)
	at com.google.common.collect.Lists.newArrayList(Lists.java:165)
	at com.google.common.collect.Lists.newArrayList(Lists.java:150)
	at org.openqa.selenium.remote.RemoteWebDriver.executeScript(RemoteWebDriver.java:575)
	at helpers.GlobalUtil.highlight(GlobalUtil.java:270)
	at helpers.GlobalUtil.clickOnElementUsingJS(GlobalUtil.java:126)
	at step_definitions.productList.i_select_Weight_filter(productList.java:106)
	at ?.When I select Weight filter(features/ProductList.feature:55)
</pre></div>
			
		</li>
		<li test-id='191' class='node then skip' status='skip'>
			
			<b>Then</b>
			
			<span class="bdd-step-name">Then products gets listed as per selected filter</span>
				<div class='pre'>skipped</div>
			
		</li>
		<li test-id='192' class='node when skip' status='skip'>
			
			<b>When</b>
			
			<span class="bdd-step-name">When I click on Clear All</span>
				<div class='pre'>skipped</div>
			
		</li>
		<li test-id='193' class='node then skip' status='skip'>
			
			<b>Then</b>
			
			<span class="bdd-step-name">Then filter gets removed</span>
			<ul class='screenshots right'>
				<li><a data-featherlight="image" href="E:\projects\Strand\ExecutionReports\FailedScreenshots\ScreenShot_1561028541345.png"><i class='material-icons'>panorama</i></a></li>
			</ul>
				<div class='pre'>skipped</div>
			
		</li>
	</ul>
</div>
					</div>
				</li>
				
				
				<li class='test displayed active has-leaf fail' status='fail' bdd='true' test-id='194'>
					<div class='test-heading'>
						<span class='test-name'>Verify multiple scenarios on Quick Shop</span>
						<span class='test-time'>Jun 20, 2019 04:32:27 PM</span>
						<span class='test-status right fail'>fail</span>
					</div>
					<div class='test-content hide'>
<div class='scenario node' test-id='195' status='fail'>
	<div class='category-list'>
		<span class='category label white-text'>@QuickShop</span>
		<span class='category label white-text'>@P1</span>
		<span class='category label white-text'>@P1US</span>
	</div>
	<span class='duration right label'>0h 1m 56s+768ms</span>
	<div class='desc'>
		<b>Scenario</b>
		<span class="desc-text">Verify accordion on click to quickshop button</span>
	</div>
	<ul class='steps'>
		<li test-id='196' class='node given pass' status='pass'>
			
			<b>Given</b>
			
			<span class="bdd-step-name">Given I open the given website</span>
				<div class='pre'>passed</div>
			
		</li>
		<li test-id='197' class='node then pass' status='pass'>
			
			<b>Then</b>
			
			<span class="bdd-step-name">Then verify the Url</span>
				<div class='pre'>passed</div>
			
		</li>
		<li test-id='198' class='node when pass' status='pass'>
			
			<b>When</b>
			
			<span class="bdd-step-name">When I navigate to product List page</span>
				<div class='pre'>passed</div>
			
		</li>
		<li test-id='199' class='node then pass' status='pass'>
			
			<b>Then</b>
			
			<span class="bdd-step-name">Then Global Cart is visible</span>
				<div class='pre'>passed</div>
			
		</li>
		<li test-id='200' class='node when fail' status='fail'>
			
			<b>When</b>
			
			<span class="bdd-step-name">When I click on Quick Shop button</span>
				<div class='pre'><textarea>org.openqa.selenium.TimeoutException: Expected condition failed: waiting for visibility of [[ChromeDriver: chrome on XP (3cf7465a4d9a6e1d2b9a08b06da20d2d)] -> xpath: (//span[contains(text(),'Quick Shop')])[1]] (tried for 30 second(s) with 500 MILLISECONDS interval)
Build info: version: '3.5.1', revision: '9c21bb67ef', time: '2017-08-17T15:26:08.955Z'
System info: host: 'TRANTOR114', ip: '172.16.254.100', os.name: 'Windows 7', os.arch: 'amd64', os.version: '6.1', java.version: '1.8.0_171'
Driver info: org.openqa.selenium.chrome.ChromeDriver
Capabilities [{mobileEmulationEnabled=false, hasTouchScreen=false, platform=XP, acceptSslCerts=false, acceptInsecureCerts=false, webStorageEnabled=true, browserName=chrome, takesScreenshot=true, javascriptEnabled=true, setWindowRect=true, unexpectedAlertBehaviour=, applicationCacheEnabled=false, rotatable=false, networkConnectionEnabled=false, chrome={chromedriverVersion=2.40.565498 (ea082db3280dd6843ebfb08a625e3eb905c4f5ab), userDataDir=C:\Users\VIBHAV~1.GUP\AppData\Local\Temp\scoped_dir11736_31392}, takesHeapSnapshot=true, pageLoadStrategy=normal, unhandledPromptBehavior=, databaseEnabled=false, handlesAlerts=true, version=74.0.3729.169, browserConnectionEnabled=false, nativeEvents=true, locationContextEnabled=true, cssSelectorsEnabled=true}]
Session ID: 3cf7465a4d9a6e1d2b9a08b06da20d2d
	at org.openqa.selenium.support.ui.WebDriverWait.timeoutException(WebDriverWait.java:80)
	at org.openqa.selenium.support.ui.FluentWait.until(FluentWait.java:232)
	at helpers.GlobalUtil.waitForElementToBeClickable(GlobalUtil.java:112)
	at helpers.GlobalUtil.clickOnElementUsingJS(GlobalUtil.java:127)
	at step_definitions.QuickShop.i_click_on_Quick_Shop_button(QuickShop.java:48)
	at ?.When I click on Quick Shop button(features/QuickShop.feature:11)
</textarea></div>
			
		</li>
		<li test-id='201' class='node then skip' status='skip'>
			
			<b>Then</b>
			
			<span class="bdd-step-name">Then it displays accordion</span>
			<ul class='screenshots right'>
				<li><a data-featherlight="image" href="E:\projects\Strand\ExecutionReports\FailedScreenshots\ScreenShot_1561028664328.png"><i class='material-icons'>panorama</i></a></li>
			</ul>
				<div class='pre'>skipped</div>
			
		</li>
	</ul>
</div>
<div class='scenario node' test-id='202' status='pass'>
	<div class='category-list'>
		<span class='category label white-text'>@QuickShop</span>
		<span class='category label white-text'>@P1</span>
		<span class='category label white-text'>@P1US</span>
	</div>
	<span class='duration right label'>0h 1m 51s+234ms</span>
	<div class='desc'>
		<b>Scenario</b>
		<span class="desc-text">Verify add to cart button on accordion under quickshop and its functionality on accordion under quickshop</span>
	</div>
	<ul class='steps'>
		<li test-id='203' class='node given pass' status='pass'>
			
			<b>Given</b>
			
			<span class="bdd-step-name">Given I open the given website</span>
				<div class='pre'>passed</div>
			
		</li>
		<li test-id='204' class='node then pass' status='pass'>
			
			<b>Then</b>
			
			<span class="bdd-step-name">Then verify the Url</span>
				<div class='pre'>passed</div>
			
		</li>
		<li test-id='205' class='node when pass' status='pass'>
			
			<b>When</b>
			
			<span class="bdd-step-name">When I navigate to product List page</span>
				<div class='pre'>passed</div>
			
		</li>
		<li test-id='206' class='node then pass' status='pass'>
			
			<b>Then</b>
			
			<span class="bdd-step-name">Then Global Cart is visible</span>
				<div class='pre'>passed</div>
			
		</li>
		<li test-id='207' class='node when pass' status='pass'>
			
			<b>When</b>
			
			<span class="bdd-step-name">When I navigate to non-customisable product listing</span>
				<div class='pre'>passed</div>
			
		</li>
		<li test-id='208' class='node when pass' status='pass'>
			
			<b>When</b>
			
			<span class="bdd-step-name">When I click on Quick Shop button</span>
				<div class='pre'>passed</div>
			
		</li>
		<li test-id='209' class='node then pass' status='pass'>
			
			<b>Then</b>
			
			<span class="bdd-step-name">Then it displays Add To Cart Button</span>
				<div class='pre'>passed</div>
			
		</li>
		<li test-id='210' class='node when pass' status='pass'>
			
			<b>When</b>
			
			<span class="bdd-step-name">When I click on Add To Cart Button</span>
				<div class='pre'>passed</div>
			
		</li>
		<li test-id='211' class='node then pass' status='pass'>
			
			<b>Then</b>
			
			<span class="bdd-step-name">Then it displays Global Cart</span>
				<div class='pre'>passed</div>
			
		</li>
	</ul>
</div>
<div class='scenario node' test-id='212' status='pass'>
	<div class='category-list'>
		<span class='category label white-text'>@QuickShop</span>
		<span class='category label white-text'>@P1</span>
		<span class='category label white-text'>@P1US</span>
	</div>
	<span class='duration right label'>0h 1m 53s+664ms</span>
	<div class='desc'>
		<b>Scenario</b>
		<span class="desc-text">Verify View full details hyperlink functionality</span>
	</div>
	<ul class='steps'>
		<li test-id='213' class='node given pass' status='pass'>
			
			<b>Given</b>
			
			<span class="bdd-step-name">Given I open the given website</span>
				<div class='pre'>passed</div>
			
		</li>
		<li test-id='214' class='node then pass' status='pass'>
			
			<b>Then</b>
			
			<span class="bdd-step-name">Then verify the Url</span>
				<div class='pre'>passed</div>
			
		</li>
		<li test-id='215' class='node when pass' status='pass'>
			
			<b>When</b>
			
			<span class="bdd-step-name">When I navigate to product List page</span>
				<div class='pre'>passed</div>
			
		</li>
		<li test-id='216' class='node then pass' status='pass'>
			
			<b>Then</b>
			
			<span class="bdd-step-name">Then Global Cart is visible</span>
				<div class='pre'>passed</div>
			
		</li>
		<li test-id='217' class='node when pass' status='pass'>
			
			<b>When</b>
			
			<span class="bdd-step-name">When I click on Quick Shop button</span>
				<div class='pre'>passed</div>
			
		</li>
		<li test-id='218' class='node when pass' status='pass'>
			
			<b>When</b>
			
			<span class="bdd-step-name">When I click View full details hyperlink</span>
				<div class='pre'>passed</div>
			
		</li>
		<li test-id='219' class='node then pass' status='pass'>
			
			<b>Then</b>
			
			<span class="bdd-step-name">Then it navigates to desired webpage</span>
				<div class='pre'>passed</div>
			
		</li>
	</ul>
</div>
					</div>
				</li>
			</ul>
		</div>
	</div>
	<!-- subview left -->

	<div class='subview-right left'>
		<div class='view-summary'>
			<h5 class='test-name'></h5>

			<div id='step-filters' class="right">
				<span class="blue-text" status="info" alt="info" title="info"><i class="material-icons">info_outline</i></span>
				<span class="green-text" status="pass" alt="pass" title="pass"><i class="material-icons">check_circle</i></span>
				<span class="red-text" status="fail" alt="fail" title="fail"><i class="material-icons">cancel</i></span>
				<span class="red-text text-darken-4" status="fatal" alt="fatal" title="fatal"><i class="material-icons">cancel</i></span>
				<span class="pink-text text-lighten-1" status="error" alt="error" title="error"><i class="material-icons">error</i></span>
				<span class="orange-text" alt="warning" status="warning" title="warning"><i class="material-icons">warning</i></span>
				<span class="teal-text" status="skip" alt="skip" title="skip"><i class="material-icons">redo</i></span>
				<span status="clear" alt="Clear filters" title="Clear filters"><i class="material-icons">clear</i></span>
			</div>
		</div>
	</div>
	<!-- subview right -->

</div>
<!-- test view -->
<div id='category-view' class='view hide'>

	<section id='controls'>
		<div class='controls grey lighten-4'>
			<!-- search -->
			<div class='chip transparent' alt='Search Tests' title='Search Tests'>
				<a href="#" class='search-div'>
					<i class='material-icons'>search</i> Search
				</a>
				
				<div class='input-field left hide'>
					<input id='search-tests' type='text' class='validate browser-default' placeholder='Search Tests...'>
				</div>
				
			</div>
			<!-- search -->
		</div>
	</section>

	<div class='subview-left left'>
		
		<div class='view-summary'>
			<h5>Categories</h3>
			<ul id='category-collection' class='category-collection'>
				
				<li class='category displayed active'>
					<div class='category-heading'>
						<span class='category-name'>@Cart</span>
						<span class='category-status right'>
							<span class='label fail'>1</span>
						</span>
					</div>
					<div class='category-content hide'>
						<div class='category-status-counts'>
							
							<span class='label red lighten-1 white-text'>Failed: 1</span>
							
						</div>
					
						<div class='category-tests'>
							<table class='bordered table-results'>
								<thead>
									<tr>
										<th>Timestamp</th>
										<th>TestName</th>
										<th>Status</th>
									</tr>
								</thead>
								<tbody>
									<tr>
										<td>Jun 20, 2019 04:05:09 PM</td>
										<td class='linked' test-id='2'>Verify multiple scenarios on Cart Page.Verify the coupon code field displays with apply button and is working fine</td>
										<td><span class='test-status fail'>fail</span></td>
									</tr>
								</tbody>
							</table>
						</div>
					</div>
				</li>
				<li class='category displayed active'>
					<div class='category-heading'>
						<span class='category-name'>@P1</span>
						<span class='category-status right'>
							<span class='label pass'>4</span>
							<span class='label fail'>14</span>
						</span>
					</div>
					<div class='category-content hide'>
						<div class='category-status-counts'>
							<span class='label green accent-4 white-text'>Passed: 4</span>
							<span class='label red lighten-1 white-text'>Failed: 14</span>
							
						</div>
					
						<div class='category-tests'>
							<table class='bordered table-results'>
								<thead>
									<tr>
										<th>Timestamp</th>
										<th>TestName</th>
										<th>Status</th>
									</tr>
								</thead>
								<tbody>
									<tr>
										<td>Jun 20, 2019 04:05:09 PM</td>
										<td class='linked' test-id='2'>Verify multiple scenarios on Cart Page.Verify the coupon code field displays with apply button and is working fine</td>
										<td><span class='test-status fail'>fail</span></td>
									</tr>
									<tr>
										<td>Jun 20, 2019 04:07:19 PM</td>
										<td class='linked' test-id='15'>Verify multiple scenarios on Fluid Page.Verify user is able to select options and packaging</td>
										<td><span class='test-status fail'>fail</span></td>
									</tr>
									<tr>
										<td>Jun 20, 2019 04:09:11 PM</td>
										<td class='linked' test-id='28'>Verify multiple scenarios on Fluid Page.Verify that after selection of packing user can update the minimum quantity</td>
										<td><span class='test-status fail'>fail</span></td>
									</tr>
									<tr>
										<td>Jun 20, 2019 04:10:59 PM</td>
										<td class='linked' test-id='44'>Verify multiple scenarios on Home Page.Verify flag icon is clickable and on clicking any country it redirects to specific country site</td>
										<td><span class='test-status fail'>fail</span></td>
									</tr>
									<tr>
										<td>Jun 20, 2019 04:12:19 PM</td>
										<td class='linked' test-id='49'>Verify multiple scenarios on Home Page.Verify all the parent categories are visible and redirects to specific page</td>
										<td><span class='test-status fail'>fail</span></td>
									</tr>
									<tr>
										<td>Jun 20, 2019 04:13:32 PM</td>
										<td class='linked' test-id='60'>Verify multiple scenarios on Home Page.Verify Sub-categories under parent categories are visible and redirects to specific page</td>
										<td><span class='test-status fail'>fail</span></td>
									</tr>
									<tr>
										<td>Jun 20, 2019 04:14:48 PM</td>
										<td class='linked' test-id='65'>Verify multiple scenarios on Home Page.Verify all footer links are working and on clicking links user is redirected to specific page</td>
										<td><span class='test-status fail'>fail</span></td>
									</tr>
									<tr>
										<td>Jun 20, 2019 04:16:23 PM</td>
										<td class='linked' test-id='78'>Verify multiple scenarios on MyAccount Page.Verify user is able to add new address,edit and delete it.Verify user is able to add new address,edit and delete it</td>
										<td><span class='test-status fail'>fail</span></td>
									</tr>
									<tr>
										<td>Jun 20, 2019 04:18:23 PM</td>
										<td class='linked' test-id='98'>Verify multiple scenarios on MyAccount Page.Verify on clicking detail link in recent order it opens detail for that particular order.Verify on clicking detail link in recent order it opens detail for that particular order</td>
										<td><span class='test-status pass'>pass</span></td>
									</tr>
									<tr>
										<td>Jun 20, 2019 04:20:07 PM</td>
										<td class='linked' test-id='110'>Verify multiple scenarios on MyAccount Page.Verify on clicking product name in detail section of order it redirects to product page.Verify on clicking product name in detail section of order it redirects to product page</td>
										<td><span class='test-status fail'>fail</span></td>
									</tr>
									<tr>
										<td>Jun 20, 2019 04:22:24 PM</td>
										<td class='linked' test-id='123'>Verify multiple scenarios on Order Confirmation Page.Verify Order Summary has Product Code,Product details,Product price,Product price total,Price summary section</td>
										<td><span class='test-status pass'>pass</span></td>
									</tr>
									<tr>
										<td>Jun 20, 2019 04:25:54 PM</td>
										<td class='linked' test-id='142'>Verify multiple scenarios on Order Confirmation Page.Verify order level discount applies on and then order total is calculated</td>
										<td><span class='test-status fail'>fail</span></td>
									</tr>
									<tr>
										<td>Jun 20, 2019 04:28:04 PM</td>
										<td class='linked' test-id='166'>Verify multiple scenarios on Product Detail Page.Verify customize button does not display if inventory is zero for customize products</td>
										<td><span class='test-status fail'>fail</span></td>
									</tr>
									<tr>
										<td>Jun 20, 2019 04:29:15 PM</td>
										<td class='linked' test-id='174'>Verify multiple scenarios on Product List page.Verify filter options are working fine and page gets filter as per selected filter.</td>
										<td><span class='test-status fail'>fail</span></td>
									</tr>
									<tr>
										<td>Jun 20, 2019 04:30:54 PM</td>
										<td class='linked' test-id='185'>Verify multiple scenarios on Product List page.Verify removing all filters by clicking clear all link</td>
										<td><span class='test-status fail'>fail</span></td>
									</tr>
									<tr>
										<td>Jun 20, 2019 04:32:27 PM</td>
										<td class='linked' test-id='195'>Verify multiple scenarios on Quick Shop.Verify accordion on click to quickshop button</td>
										<td><span class='test-status fail'>fail</span></td>
									</tr>
									<tr>
										<td>Jun 20, 2019 04:34:30 PM</td>
										<td class='linked' test-id='202'>Verify multiple scenarios on Quick Shop.Verify add to cart button on accordion under quickshop and its functionality on accordion under quickshop</td>
										<td><span class='test-status pass'>pass</span></td>
									</tr>
									<tr>
										<td>Jun 20, 2019 04:36:22 PM</td>
										<td class='linked' test-id='212'>Verify multiple scenarios on Quick Shop.Verify View full details hyperlink functionality</td>
										<td><span class='test-status pass'>pass</span></td>
									</tr>
								</tbody>
							</table>
						</div>
					</div>
				</li>
				<li class='category displayed active'>
					<div class='category-heading'>
						<span class='category-name'>@P1US</span>
						<span class='category-status right'>
							<span class='label pass'>3</span>
							<span class='label fail'>6</span>
						</span>
					</div>
					<div class='category-content hide'>
						<div class='category-status-counts'>
							<span class='label green accent-4 white-text'>Passed: 3</span>
							<span class='label red lighten-1 white-text'>Failed: 6</span>
							
						</div>
					
						<div class='category-tests'>
							<table class='bordered table-results'>
								<thead>
									<tr>
										<th>Timestamp</th>
										<th>TestName</th>
										<th>Status</th>
									</tr>
								</thead>
								<tbody>
									<tr>
										<td>Jun 20, 2019 04:05:09 PM</td>
										<td class='linked' test-id='2'>Verify multiple scenarios on Cart Page.Verify the coupon code field displays with apply button and is working fine</td>
										<td><span class='test-status fail'>fail</span></td>
									</tr>
									<tr>
										<td>Jun 20, 2019 04:12:19 PM</td>
										<td class='linked' test-id='49'>Verify multiple scenarios on Home Page.Verify all the parent categories are visible and redirects to specific page</td>
										<td><span class='test-status fail'>fail</span></td>
									</tr>
									<tr>
										<td>Jun 20, 2019 04:13:32 PM</td>
										<td class='linked' test-id='60'>Verify multiple scenarios on Home Page.Verify Sub-categories under parent categories are visible and redirects to specific page</td>
										<td><span class='test-status fail'>fail</span></td>
									</tr>
									<tr>
										<td>Jun 20, 2019 04:14:48 PM</td>
										<td class='linked' test-id='65'>Verify multiple scenarios on Home Page.Verify all footer links are working and on clicking links user is redirected to specific page</td>
										<td><span class='test-status fail'>fail</span></td>
									</tr>
									<tr>
										<td>Jun 20, 2019 04:22:24 PM</td>
										<td class='linked' test-id='123'>Verify multiple scenarios on Order Confirmation Page.Verify Order Summary has Product Code,Product details,Product price,Product price total,Price summary section</td>
										<td><span class='test-status pass'>pass</span></td>
									</tr>
									<tr>
										<td>Jun 20, 2019 04:28:04 PM</td>
										<td class='linked' test-id='166'>Verify multiple scenarios on Product Detail Page.Verify customize button does not display if inventory is zero for customize products</td>
										<td><span class='test-status fail'>fail</span></td>
									</tr>
									<tr>
										<td>Jun 20, 2019 04:32:27 PM</td>
										<td class='linked' test-id='195'>Verify multiple scenarios on Quick Shop.Verify accordion on click to quickshop button</td>
										<td><span class='test-status fail'>fail</span></td>
									</tr>
									<tr>
										<td>Jun 20, 2019 04:34:30 PM</td>
										<td class='linked' test-id='202'>Verify multiple scenarios on Quick Shop.Verify add to cart button on accordion under quickshop and its functionality on accordion under quickshop</td>
										<td><span class='test-status pass'>pass</span></td>
									</tr>
									<tr>
										<td>Jun 20, 2019 04:36:22 PM</td>
										<td class='linked' test-id='212'>Verify multiple scenarios on Quick Shop.Verify View full details hyperlink functionality</td>
										<td><span class='test-status pass'>pass</span></td>
									</tr>
								</tbody>
							</table>
						</div>
					</div>
				</li>
				<li class='category displayed active'>
					<div class='category-heading'>
						<span class='category-name'>@Fluid</span>
						<span class='category-status right'>
							<span class='label fail'>2</span>
						</span>
					</div>
					<div class='category-content hide'>
						<div class='category-status-counts'>
							
							<span class='label red lighten-1 white-text'>Failed: 2</span>
							
						</div>
					
						<div class='category-tests'>
							<table class='bordered table-results'>
								<thead>
									<tr>
										<th>Timestamp</th>
										<th>TestName</th>
										<th>Status</th>
									</tr>
								</thead>
								<tbody>
									<tr>
										<td>Jun 20, 2019 04:07:19 PM</td>
										<td class='linked' test-id='15'>Verify multiple scenarios on Fluid Page.Verify user is able to select options and packaging</td>
										<td><span class='test-status fail'>fail</span></td>
									</tr>
									<tr>
										<td>Jun 20, 2019 04:09:11 PM</td>
										<td class='linked' test-id='28'>Verify multiple scenarios on Fluid Page.Verify that after selection of packing user can update the minimum quantity</td>
										<td><span class='test-status fail'>fail</span></td>
									</tr>
								</tbody>
							</table>
						</div>
					</div>
				</li>
				<li class='category displayed active'>
					<div class='category-heading'>
						<span class='category-name'>@HomePage</span>
						<span class='category-status right'>
							<span class='label fail'>4</span>
						</span>
					</div>
					<div class='category-content hide'>
						<div class='category-status-counts'>
							
							<span class='label red lighten-1 white-text'>Failed: 4</span>
							
						</div>
					
						<div class='category-tests'>
							<table class='bordered table-results'>
								<thead>
									<tr>
										<th>Timestamp</th>
										<th>TestName</th>
										<th>Status</th>
									</tr>
								</thead>
								<tbody>
									<tr>
										<td>Jun 20, 2019 04:10:59 PM</td>
										<td class='linked' test-id='44'>Verify multiple scenarios on Home Page.Verify flag icon is clickable and on clicking any country it redirects to specific country site</td>
										<td><span class='test-status fail'>fail</span></td>
									</tr>
									<tr>
										<td>Jun 20, 2019 04:12:19 PM</td>
										<td class='linked' test-id='49'>Verify multiple scenarios on Home Page.Verify all the parent categories are visible and redirects to specific page</td>
										<td><span class='test-status fail'>fail</span></td>
									</tr>
									<tr>
										<td>Jun 20, 2019 04:13:32 PM</td>
										<td class='linked' test-id='60'>Verify multiple scenarios on Home Page.Verify Sub-categories under parent categories are visible and redirects to specific page</td>
										<td><span class='test-status fail'>fail</span></td>
									</tr>
									<tr>
										<td>Jun 20, 2019 04:14:48 PM</td>
										<td class='linked' test-id='65'>Verify multiple scenarios on Home Page.Verify all footer links are working and on clicking links user is redirected to specific page</td>
										<td><span class='test-status fail'>fail</span></td>
									</tr>
								</tbody>
							</table>
						</div>
					</div>
				</li>
				<li class='category displayed active'>
					<div class='category-heading'>
						<span class='category-name'>@MyAccount</span>
						<span class='category-status right'>
							<span class='label pass'>1</span>
							<span class='label fail'>2</span>
						</span>
					</div>
					<div class='category-content hide'>
						<div class='category-status-counts'>
							<span class='label green accent-4 white-text'>Passed: 1</span>
							<span class='label red lighten-1 white-text'>Failed: 2</span>
							
						</div>
					
						<div class='category-tests'>
							<table class='bordered table-results'>
								<thead>
									<tr>
										<th>Timestamp</th>
										<th>TestName</th>
										<th>Status</th>
									</tr>
								</thead>
								<tbody>
									<tr>
										<td>Jun 20, 2019 04:16:23 PM</td>
										<td class='linked' test-id='78'>Verify multiple scenarios on MyAccount Page.Verify user is able to add new address,edit and delete it.Verify user is able to add new address,edit and delete it</td>
										<td><span class='test-status fail'>fail</span></td>
									</tr>
									<tr>
										<td>Jun 20, 2019 04:18:23 PM</td>
										<td class='linked' test-id='98'>Verify multiple scenarios on MyAccount Page.Verify on clicking detail link in recent order it opens detail for that particular order.Verify on clicking detail link in recent order it opens detail for that particular order</td>
										<td><span class='test-status pass'>pass</span></td>
									</tr>
									<tr>
										<td>Jun 20, 2019 04:20:07 PM</td>
										<td class='linked' test-id='110'>Verify multiple scenarios on MyAccount Page.Verify on clicking product name in detail section of order it redirects to product page.Verify on clicking product name in detail section of order it redirects to product page</td>
										<td><span class='test-status fail'>fail</span></td>
									</tr>
								</tbody>
							</table>
						</div>
					</div>
				</li>
				<li class='category displayed active'>
					<div class='category-heading'>
						<span class='category-name'>@OrderConfirmation</span>
						<span class='category-status right'>
							<span class='label pass'>1</span>
							<span class='label fail'>1</span>
						</span>
					</div>
					<div class='category-content hide'>
						<div class='category-status-counts'>
							<span class='label green accent-4 white-text'>Passed: 1</span>
							<span class='label red lighten-1 white-text'>Failed: 1</span>
							
						</div>
					
						<div class='category-tests'>
							<table class='bordered table-results'>
								<thead>
									<tr>
										<th>Timestamp</th>
										<th>TestName</th>
										<th>Status</th>
									</tr>
								</thead>
								<tbody>
									<tr>
										<td>Jun 20, 2019 04:22:24 PM</td>
										<td class='linked' test-id='123'>Verify multiple scenarios on Order Confirmation Page.Verify Order Summary has Product Code,Product details,Product price,Product price total,Price summary section</td>
										<td><span class='test-status pass'>pass</span></td>
									</tr>
									<tr>
										<td>Jun 20, 2019 04:25:54 PM</td>
										<td class='linked' test-id='142'>Verify multiple scenarios on Order Confirmation Page.Verify order level discount applies on and then order total is calculated</td>
										<td><span class='test-status fail'>fail</span></td>
									</tr>
								</tbody>
							</table>
						</div>
					</div>
				</li>
				<li class='category displayed active'>
					<div class='category-heading'>
						<span class='category-name'>@PDP</span>
						<span class='category-status right'>
							<span class='label fail'>1</span>
						</span>
					</div>
					<div class='category-content hide'>
						<div class='category-status-counts'>
							
							<span class='label red lighten-1 white-text'>Failed: 1</span>
							
						</div>
					
						<div class='category-tests'>
							<table class='bordered table-results'>
								<thead>
									<tr>
										<th>Timestamp</th>
										<th>TestName</th>
										<th>Status</th>
									</tr>
								</thead>
								<tbody>
									<tr>
										<td>Jun 20, 2019 04:28:04 PM</td>
										<td class='linked' test-id='166'>Verify multiple scenarios on Product Detail Page.Verify customize button does not display if inventory is zero for customize products</td>
										<td><span class='test-status fail'>fail</span></td>
									</tr>
								</tbody>
							</table>
						</div>
					</div>
				</li>
				<li class='category displayed active'>
					<div class='category-heading'>
						<span class='category-name'>@ProductList</span>
						<span class='category-status right'>
							<span class='label fail'>2</span>
						</span>
					</div>
					<div class='category-content hide'>
						<div class='category-status-counts'>
							
							<span class='label red lighten-1 white-text'>Failed: 2</span>
							
						</div>
					
						<div class='category-tests'>
							<table class='bordered table-results'>
								<thead>
									<tr>
										<th>Timestamp</th>
										<th>TestName</th>
										<th>Status</th>
									</tr>
								</thead>
								<tbody>
									<tr>
										<td>Jun 20, 2019 04:29:15 PM</td>
										<td class='linked' test-id='174'>Verify multiple scenarios on Product List page.Verify filter options are working fine and page gets filter as per selected filter.</td>
										<td><span class='test-status fail'>fail</span></td>
									</tr>
									<tr>
										<td>Jun 20, 2019 04:30:54 PM</td>
										<td class='linked' test-id='185'>Verify multiple scenarios on Product List page.Verify removing all filters by clicking clear all link</td>
										<td><span class='test-status fail'>fail</span></td>
									</tr>
								</tbody>
							</table>
						</div>
					</div>
				</li>
				<li class='category displayed active'>
					<div class='category-heading'>
						<span class='category-name'>@QuickShop</span>
						<span class='category-status right'>
							<span class='label pass'>2</span>
							<span class='label fail'>1</span>
						</span>
					</div>
					<div class='category-content hide'>
						<div class='category-status-counts'>
							<span class='label green accent-4 white-text'>Passed: 2</span>
							<span class='label red lighten-1 white-text'>Failed: 1</span>
							
						</div>
					
						<div class='category-tests'>
							<table class='bordered table-results'>
								<thead>
									<tr>
										<th>Timestamp</th>
										<th>TestName</th>
										<th>Status</th>
									</tr>
								</thead>
								<tbody>
									<tr>
										<td>Jun 20, 2019 04:32:27 PM</td>
										<td class='linked' test-id='195'>Verify multiple scenarios on Quick Shop.Verify accordion on click to quickshop button</td>
										<td><span class='test-status fail'>fail</span></td>
									</tr>
									<tr>
										<td>Jun 20, 2019 04:34:30 PM</td>
										<td class='linked' test-id='202'>Verify multiple scenarios on Quick Shop.Verify add to cart button on accordion under quickshop and its functionality on accordion under quickshop</td>
										<td><span class='test-status pass'>pass</span></td>
									</tr>
									<tr>
										<td>Jun 20, 2019 04:36:22 PM</td>
										<td class='linked' test-id='212'>Verify multiple scenarios on Quick Shop.Verify View full details hyperlink functionality</td>
										<td><span class='test-status pass'>pass</span></td>
									</tr>
								</tbody>
							</table>
						</div>
					</div>
				</li>

			</ul>
		</div>
	</div>

	<div class='subview-right left'>
		<div class='view-summary'>
			<h5 class='category-name'></h5>
		</div>
	</div>
</div>
<!-- category view -->
<div id='exception-view' class='view hide'>

    <section id='controls'>
        <div class='controls grey lighten-4'>
            <!-- search -->
            <div class='chip transparent' alt='Search Tests' title='Search Tests'>
                <a href="#" class='search-div'>
                    <i class='material-icons'>search</i> Search
                </a>

                <div class='input-field left hide'>
                    <input id='search-tests' type='text' class='validate browser-default' placeholder='Search Tests...'>
                </div>

            </div>
            <!-- search -->
        </div>
    </section>

    <div class='subview-left left'>

        <div class='view-summary'>
            <h5>Exceptions</h3>
                <ul id='exception-collection' class='exception-collection'>

                        <li class='exception displayed active'>
                            <div class='exception-heading'>
                                <span class='exception-name'>java.lang.AssertionError</span>
                                <span class='exception-count right'><span class='label red lighten-1 white-text'>3</span></span>
                            </div>
                            <div class='exception-content hide'>
                                <div class='exception-tests'>
                                    <table class='bordered table-results'>
                                        <thead>
                                        <tr>
                                            <th>Timestamp</th>
                                            <th>TestName</th>
                                            <th>Status</th>
                                        </tr>
                                        </thead>
                                        <tbody>
                                                    <tr>
                                                        <td>Jun 20, 2019 04:07:03 PM</td>
                                                        <td class='linked' test-id='11'>Verify multiple scenarios on Cart Page.Verify the coupon code field displays with apply button and is working fine.Then Coupon code gets applied</td>
                                                        <td><pre><pre>java.lang.AssertionError: Coupon code is not applied
	at org.junit.Assert.fail(Assert.java:93)
	at org.junit.Assert.assertTrue(Assert.java:43)
	at step_definitions.Cart.coupon_code_gets_applied(Cart.java:159)
	at ?.Then Coupon code gets applied(features/Cart.feature:99)
</pre></pre></td>
                                                    </tr>
                                                    <tr>
                                                        <td>Jun 20, 2019 04:11:58 PM</td>
                                                        <td class='linked' test-id='48'>Verify multiple scenarios on Home Page.Verify flag icon is clickable and on clicking any country it redirects to specific country site.Then it redirects to specific country site</td>
                                                        <td><pre><pre>java.lang.AssertionError: URL are different expected [true] but found [false]
	at org.testng.Assert.fail(Assert.java:94)
	at org.testng.Assert.failNotEquals(Assert.java:513)
	at org.testng.Assert.assertTrue(Assert.java:42)
	at helpers.GlobalUtil.verifyWebsiteURL(GlobalUtil.java:317)
	at step_definitions.homePage.it_redirects_to_specific_country_site(homePage.java:99)
	at ?.Then it redirects to specific country site(features/HomePage.feature:25)
</pre></pre></td>
                                                    </tr>
                                                    <tr>
                                                        <td>Jun 20, 2019 04:27:48 PM</td>
                                                        <td class='linked' test-id='151'>Verify multiple scenarios on Order Confirmation Page.Verify order level discount applies on and then order total is calculated.Then Coupon code gets applied</td>
                                                        <td><pre><pre>java.lang.AssertionError: Coupon code is not applied
	at org.junit.Assert.fail(Assert.java:93)
	at org.junit.Assert.assertTrue(Assert.java:43)
	at step_definitions.Cart.coupon_code_gets_applied(Cart.java:159)
	at ?.Then Coupon code gets applied(features/OrderConfirmation.feature:54)
</pre></pre></td>
                                                    </tr>
                                        </tbody>
                                    </table>
                                </div>
                            </div>
                        </li>
                        <li class='exception displayed active'>
                            <div class='exception-heading'>
                                <span class='exception-name'>org.openqa.selenium.NoSuchElementException</span>
                                <span class='exception-count right'><span class='label red lighten-1 white-text'>7</span></span>
                            </div>
                            <div class='exception-content hide'>
                                <div class='exception-tests'>
                                    <table class='bordered table-results'>
                                        <thead>
                                        <tr>
                                            <th>Timestamp</th>
                                            <th>TestName</th>
                                            <th>Status</th>
                                        </tr>
                                        </thead>
                                        <tbody>
                                                    <tr>
                                                        <td>Jun 20, 2019 04:08:55 PM</td>
                                                        <td class='linked' test-id='27'>Verify multiple scenarios on Fluid Page.Verify user is able to select options and packaging.And I select desired packaging</td>
                                                        <td><pre><pre>org.openqa.selenium.NoSuchElementException: no such element: Unable to locate element: {"method":"xpath","selector":"(//div[@class='fc-packaging-image'])[1]"}
  (Session info: chrome=74.0.3729.169)
  (Driver info: chromedriver=2.40.565498 (ea082db3280dd6843ebfb08a625e3eb905c4f5ab),platform=Windows NT 6.1.7601 SP1 x86_64) (WARNING: The server did not provide any stacktrace information)
Command duration or timeout: 0 milliseconds
For documentation on this error, please visit: http://seleniumhq.org/exceptions/no_such_element.html
Build info: version: '3.5.1', revision: '9c21bb67ef', time: '2017-08-17T15:26:08.955Z'
System info: host: 'TRANTOR114', ip: '172.16.254.100', os.name: 'Windows 7', os.arch: 'amd64', os.version: '6.1', java.version: '1.8.0_171'
Driver info: org.openqa.selenium.chrome.ChromeDriver
Capabilities [{mobileEmulationEnabled=false, hasTouchScreen=false, platform=XP, acceptSslCerts=false, acceptInsecureCerts=false, webStorageEnabled=true, browserName=chrome, takesScreenshot=true, javascriptEnabled=true, setWindowRect=true, unexpectedAlertBehaviour=, applicationCacheEnabled=false, rotatable=false, networkConnectionEnabled=false, chrome={chromedriverVersion=2.40.565498 (ea082db3280dd6843ebfb08a625e3eb905c4f5ab), userDataDir=C:\Users\VIBHAV~1.GUP\AppData\Local\Temp\scoped_dir11092_12156}, takesHeapSnapshot=true, pageLoadStrategy=normal, unhandledPromptBehavior=, databaseEnabled=false, handlesAlerts=true, version=74.0.3729.169, browserConnectionEnabled=false, nativeEvents=true, locationContextEnabled=true, cssSelectorsEnabled=true}]
Session ID: a0a83fb75fe3587092e11fbd64550aab
*** Element info: {Using=xpath, value=(//div[@class='fc-packaging-image'])[1]}
	at sun.reflect.NativeConstructorAccessorImpl.newInstance0(Native Method)
	at sun.reflect.NativeConstructorAccessorImpl.newInstance(NativeConstructorAccessorImpl.java:62)
	at sun.reflect.DelegatingConstructorAccessorImpl.newInstance(DelegatingConstructorAccessorImpl.java:45)
	at java.lang.reflect.Constructor.newInstance(Constructor.java:423)
	at org.openqa.selenium.remote.ErrorHandler.createThrowable(ErrorHandler.java:215)
	at org.openqa.selenium.remote.ErrorHandler.throwIfResponseFailed(ErrorHandler.java:167)
	at org.openqa.selenium.remote.http.JsonHttpResponseCodec.reconstructValue(JsonHttpResponseCodec.java:40)
	at org.openqa.selenium.remote.http.AbstractHttpResponseCodec.decode(AbstractHttpResponseCodec.java:82)
	at org.openqa.selenium.remote.http.AbstractHttpResponseCodec.decode(AbstractHttpResponseCodec.java:45)
	at org.openqa.selenium.remote.HttpCommandExecutor.execute(HttpCommandExecutor.java:164)
	at org.openqa.selenium.remote.service.DriverCommandExecutor.execute(DriverCommandExecutor.java:82)
	at org.openqa.selenium.remote.RemoteWebDriver.execute(RemoteWebDriver.java:641)
	at org.openqa.selenium.remote.RemoteWebDriver.findElement(RemoteWebDriver.java:414)
	at org.openqa.selenium.remote.RemoteWebDriver.findElementByXPath(RemoteWebDriver.java:513)
	at org.openqa.selenium.By$ByXPath.findElement(By.java:361)
	at org.openqa.selenium.remote.RemoteWebDriver.findElement(RemoteWebDriver.java:406)
	at org.openqa.selenium.support.pagefactory.DefaultElementLocator.findElement(DefaultElementLocator.java:69)
	at org.openqa.selenium.support.pagefactory.internal.LocatingElementHandler.invoke(LocatingElementHandler.java:38)
	at com.sun.proxy.$Proxy22.getWrappedElement(Unknown Source)
	at org.openqa.selenium.remote.internal.WebElementToJsonConverter.apply(WebElementToJsonConverter.java:51)
	at com.google.common.collect.Iterators$6.transform(Iterators.java:820)
	at com.google.common.collect.TransformedIterator.next(TransformedIterator.java:48)
	at com.google.common.collect.Iterators.addAll(Iterators.java:373)
	at com.google.common.collect.Lists.newArrayList(Lists.java:165)
	at com.google.common.collect.Lists.newArrayList(Lists.java:150)
	at org.openqa.selenium.remote.RemoteWebDriver.executeScript(RemoteWebDriver.java:575)
	at helpers.GlobalUtil.highlight(GlobalUtil.java:270)
	at helpers.GlobalUtil.clickOnElementUsingJS(GlobalUtil.java:126)
	at step_definitions.Fluid.i_select_desired_packaging(Fluid.java:63)
	at ?.And I select desired packaging(features/Fluid.feature:18)
</pre></pre></td>
                                                    </tr>
                                                    <tr>
                                                        <td>Jun 20, 2019 04:10:43 PM</td>
                                                        <td class='linked' test-id='40'>Verify multiple scenarios on Fluid Page.Verify that after selection of packing user can update the minimum quantity.And I select desired packaging</td>
                                                        <td><pre><pre>org.openqa.selenium.NoSuchElementException: no such element: Unable to locate element: {"method":"xpath","selector":"(//div[@class='fc-packaging-image'])[1]"}
  (Session info: chrome=74.0.3729.169)
  (Driver info: chromedriver=2.40.565498 (ea082db3280dd6843ebfb08a625e3eb905c4f5ab),platform=Windows NT 6.1.7601 SP1 x86_64) (WARNING: The server did not provide any stacktrace information)
Command duration or timeout: 0 milliseconds
For documentation on this error, please visit: http://seleniumhq.org/exceptions/no_such_element.html
Build info: version: '3.5.1', revision: '9c21bb67ef', time: '2017-08-17T15:26:08.955Z'
System info: host: 'TRANTOR114', ip: '172.16.254.100', os.name: 'Windows 7', os.arch: 'amd64', os.version: '6.1', java.version: '1.8.0_171'
Driver info: org.openqa.selenium.chrome.ChromeDriver
Capabilities [{mobileEmulationEnabled=false, hasTouchScreen=false, platform=XP, acceptSslCerts=false, acceptInsecureCerts=false, webStorageEnabled=true, browserName=chrome, takesScreenshot=true, javascriptEnabled=true, setWindowRect=true, unexpectedAlertBehaviour=, applicationCacheEnabled=false, rotatable=false, networkConnectionEnabled=false, chrome={chromedriverVersion=2.40.565498 (ea082db3280dd6843ebfb08a625e3eb905c4f5ab), userDataDir=C:\Users\VIBHAV~1.GUP\AppData\Local\Temp\scoped_dir8700_13545}, takesHeapSnapshot=true, pageLoadStrategy=normal, unhandledPromptBehavior=, databaseEnabled=false, handlesAlerts=true, version=74.0.3729.169, browserConnectionEnabled=false, nativeEvents=true, locationContextEnabled=true, cssSelectorsEnabled=true}]
Session ID: a99161c1575b899a707f1a042e0c89fa
*** Element info: {Using=xpath, value=(//div[@class='fc-packaging-image'])[1]}
	at sun.reflect.NativeConstructorAccessorImpl.newInstance0(Native Method)
	at sun.reflect.NativeConstructorAccessorImpl.newInstance(NativeConstructorAccessorImpl.java:62)
	at sun.reflect.DelegatingConstructorAccessorImpl.newInstance(DelegatingConstructorAccessorImpl.java:45)
	at java.lang.reflect.Constructor.newInstance(Constructor.java:423)
	at org.openqa.selenium.remote.ErrorHandler.createThrowable(ErrorHandler.java:215)
	at org.openqa.selenium.remote.ErrorHandler.throwIfResponseFailed(ErrorHandler.java:167)
	at org.openqa.selenium.remote.http.JsonHttpResponseCodec.reconstructValue(JsonHttpResponseCodec.java:40)
	at org.openqa.selenium.remote.http.AbstractHttpResponseCodec.decode(AbstractHttpResponseCodec.java:82)
	at org.openqa.selenium.remote.http.AbstractHttpResponseCodec.decode(AbstractHttpResponseCodec.java:45)
	at org.openqa.selenium.remote.HttpCommandExecutor.execute(HttpCommandExecutor.java:164)
	at org.openqa.selenium.remote.service.DriverCommandExecutor.execute(DriverCommandExecutor.java:82)
	at org.openqa.selenium.remote.RemoteWebDriver.execute(RemoteWebDriver.java:641)
	at org.openqa.selenium.remote.RemoteWebDriver.findElement(RemoteWebDriver.java:414)
	at org.openqa.selenium.remote.RemoteWebDriver.findElementByXPath(RemoteWebDriver.java:513)
	at org.openqa.selenium.By$ByXPath.findElement(By.java:361)
	at org.openqa.selenium.remote.RemoteWebDriver.findElement(RemoteWebDriver.java:406)
	at org.openqa.selenium.support.pagefactory.DefaultElementLocator.findElement(DefaultElementLocator.java:69)
	at org.openqa.selenium.support.pagefactory.internal.LocatingElementHandler.invoke(LocatingElementHandler.java:38)
	at com.sun.proxy.$Proxy22.getWrappedElement(Unknown Source)
	at org.openqa.selenium.remote.internal.WebElementToJsonConverter.apply(WebElementToJsonConverter.java:51)
	at com.google.common.collect.Iterators$6.transform(Iterators.java:820)
	at com.google.common.collect.TransformedIterator.next(TransformedIterator.java:48)
	at com.google.common.collect.Iterators.addAll(Iterators.java:373)
	at com.google.common.collect.Lists.newArrayList(Lists.java:165)
	at com.google.common.collect.Lists.newArrayList(Lists.java:150)
	at org.openqa.selenium.remote.RemoteWebDriver.executeScript(RemoteWebDriver.java:575)
	at helpers.GlobalUtil.highlight(GlobalUtil.java:270)
	at helpers.GlobalUtil.clickOnElementUsingJS(GlobalUtil.java:126)
	at step_definitions.Fluid.i_select_desired_packaging(Fluid.java:63)
	at ?.And I select desired packaging(features/Fluid.feature:28)
</pre></pre></td>
                                                    </tr>
                                                    <tr>
                                                        <td>Jun 20, 2019 04:13:15 PM</td>
                                                        <td class='linked' test-id='52'>Verify multiple scenarios on Home Page.Verify all the parent categories are visible and redirects to specific page.When I click on shopByCategory menu</td>
                                                        <td><pre><pre>org.openqa.selenium.NoSuchElementException: no such element: Unable to locate element: {"method":"xpath","selector":"(//a[contains(text(),'Shop by Category')])[2]"}
  (Session info: chrome=74.0.3729.169)
  (Driver info: chromedriver=2.40.565498 (ea082db3280dd6843ebfb08a625e3eb905c4f5ab),platform=Windows NT 6.1.7601 SP1 x86_64) (WARNING: The server did not provide any stacktrace information)
Command duration or timeout: 0 milliseconds
For documentation on this error, please visit: http://seleniumhq.org/exceptions/no_such_element.html
Build info: version: '3.5.1', revision: '9c21bb67ef', time: '2017-08-17T15:26:08.955Z'
System info: host: 'TRANTOR114', ip: '172.16.254.100', os.name: 'Windows 7', os.arch: 'amd64', os.version: '6.1', java.version: '1.8.0_171'
Driver info: org.openqa.selenium.chrome.ChromeDriver
Capabilities [{mobileEmulationEnabled=false, hasTouchScreen=false, platform=XP, acceptSslCerts=false, acceptInsecureCerts=false, webStorageEnabled=true, browserName=chrome, takesScreenshot=true, javascriptEnabled=true, setWindowRect=true, unexpectedAlertBehaviour=, applicationCacheEnabled=false, rotatable=false, networkConnectionEnabled=false, chrome={chromedriverVersion=2.40.565498 (ea082db3280dd6843ebfb08a625e3eb905c4f5ab), userDataDir=C:\Users\VIBHAV~1.GUP\AppData\Local\Temp\scoped_dir7056_19636}, takesHeapSnapshot=true, pageLoadStrategy=normal, unhandledPromptBehavior=, databaseEnabled=false, handlesAlerts=true, version=74.0.3729.169, browserConnectionEnabled=false, nativeEvents=true, locationContextEnabled=true, cssSelectorsEnabled=true}]
Session ID: fa8070b2f36e6d010d142b0634aa3934
*** Element info: {Using=xpath, value=(//a[contains(text(),'Shop by Category')])[2]}
	at sun.reflect.NativeConstructorAccessorImpl.newInstance0(Native Method)
	at sun.reflect.NativeConstructorAccessorImpl.newInstance(NativeConstructorAccessorImpl.java:62)
	at sun.reflect.DelegatingConstructorAccessorImpl.newInstance(DelegatingConstructorAccessorImpl.java:45)
	at java.lang.reflect.Constructor.newInstance(Constructor.java:423)
	at org.openqa.selenium.remote.ErrorHandler.createThrowable(ErrorHandler.java:215)
	at org.openqa.selenium.remote.ErrorHandler.throwIfResponseFailed(ErrorHandler.java:167)
	at org.openqa.selenium.remote.http.JsonHttpResponseCodec.reconstructValue(JsonHttpResponseCodec.java:40)
	at org.openqa.selenium.remote.http.AbstractHttpResponseCodec.decode(AbstractHttpResponseCodec.java:82)
	at org.openqa.selenium.remote.http.AbstractHttpResponseCodec.decode(AbstractHttpResponseCodec.java:45)
	at org.openqa.selenium.remote.HttpCommandExecutor.execute(HttpCommandExecutor.java:164)
	at org.openqa.selenium.remote.service.DriverCommandExecutor.execute(DriverCommandExecutor.java:82)
	at org.openqa.selenium.remote.RemoteWebDriver.execute(RemoteWebDriver.java:641)
	at org.openqa.selenium.remote.RemoteWebDriver.findElement(RemoteWebDriver.java:414)
	at org.openqa.selenium.remote.RemoteWebDriver.findElementByXPath(RemoteWebDriver.java:513)
	at org.openqa.selenium.By$ByXPath.findElement(By.java:361)
	at org.openqa.selenium.remote.RemoteWebDriver.findElement(RemoteWebDriver.java:406)
	at org.openqa.selenium.support.pagefactory.DefaultElementLocator.findElement(DefaultElementLocator.java:69)
	at org.openqa.selenium.support.pagefactory.internal.LocatingElementHandler.invoke(LocatingElementHandler.java:38)
	at com.sun.proxy.$Proxy22.getWrappedElement(Unknown Source)
	at org.openqa.selenium.remote.internal.WebElementToJsonConverter.apply(WebElementToJsonConverter.java:51)
	at com.google.common.collect.Iterators$6.transform(Iterators.java:820)
	at com.google.common.collect.TransformedIterator.next(TransformedIterator.java:48)
	at com.google.common.collect.Iterators.addAll(Iterators.java:373)
	at com.google.common.collect.Lists.newArrayList(Lists.java:165)
	at com.google.common.collect.Lists.newArrayList(Lists.java:150)
	at org.openqa.selenium.remote.RemoteWebDriver.executeScript(RemoteWebDriver.java:575)
	at helpers.GlobalUtil.highlight(GlobalUtil.java:270)
	at helpers.GlobalUtil.clickOnElementUsingJS(GlobalUtil.java:126)
	at step_definitions.homePage.i_click_on_shopByCategory_menu(homePage.java:145)
	at ?.When I click on shopByCategory menu(features/HomePage.feature:45)
</pre></pre></td>
                                                    </tr>
                                                    <tr>
                                                        <td>Jun 20, 2019 04:14:31 PM</td>
                                                        <td class='linked' test-id='63'>Verify multiple scenarios on Home Page.Verify Sub-categories under parent categories are visible and redirects to specific page.When I click on gifts sub category under Shop By Category</td>
                                                        <td><pre><pre>org.openqa.selenium.NoSuchElementException: no such element: Unable to locate element: {"method":"xpath","selector":"(//a[contains(text(),'Shop by Category')])[2]"}
  (Session info: chrome=74.0.3729.169)
  (Driver info: chromedriver=2.40.565498 (ea082db3280dd6843ebfb08a625e3eb905c4f5ab),platform=Windows NT 6.1.7601 SP1 x86_64) (WARNING: The server did not provide any stacktrace information)
Command duration or timeout: 0 milliseconds
For documentation on this error, please visit: http://seleniumhq.org/exceptions/no_such_element.html
Build info: version: '3.5.1', revision: '9c21bb67ef', time: '2017-08-17T15:26:08.955Z'
System info: host: 'TRANTOR114', ip: '172.16.254.100', os.name: 'Windows 7', os.arch: 'amd64', os.version: '6.1', java.version: '1.8.0_171'
Driver info: org.openqa.selenium.chrome.ChromeDriver
Capabilities [{mobileEmulationEnabled=false, hasTouchScreen=false, platform=XP, acceptSslCerts=false, acceptInsecureCerts=false, webStorageEnabled=true, browserName=chrome, takesScreenshot=true, javascriptEnabled=true, setWindowRect=true, unexpectedAlertBehaviour=, applicationCacheEnabled=false, rotatable=false, networkConnectionEnabled=false, chrome={chromedriverVersion=2.40.565498 (ea082db3280dd6843ebfb08a625e3eb905c4f5ab), userDataDir=C:\Users\VIBHAV~1.GUP\AppData\Local\Temp\scoped_dir13160_13876}, takesHeapSnapshot=true, pageLoadStrategy=normal, unhandledPromptBehavior=, databaseEnabled=false, handlesAlerts=true, version=74.0.3729.169, browserConnectionEnabled=false, nativeEvents=true, locationContextEnabled=true, cssSelectorsEnabled=true}]
Session ID: 8fa0dc7ad41b7b4c73a4f64efff6703a
*** Element info: {Using=xpath, value=(//a[contains(text(),'Shop by Category')])[2]}
	at sun.reflect.NativeConstructorAccessorImpl.newInstance0(Native Method)
	at sun.reflect.NativeConstructorAccessorImpl.newInstance(NativeConstructorAccessorImpl.java:62)
	at sun.reflect.DelegatingConstructorAccessorImpl.newInstance(DelegatingConstructorAccessorImpl.java:45)
	at java.lang.reflect.Constructor.newInstance(Constructor.java:423)
	at org.openqa.selenium.remote.ErrorHandler.createThrowable(ErrorHandler.java:215)
	at org.openqa.selenium.remote.ErrorHandler.throwIfResponseFailed(ErrorHandler.java:167)
	at org.openqa.selenium.remote.http.JsonHttpResponseCodec.reconstructValue(JsonHttpResponseCodec.java:40)
	at org.openqa.selenium.remote.http.AbstractHttpResponseCodec.decode(AbstractHttpResponseCodec.java:82)
	at org.openqa.selenium.remote.http.AbstractHttpResponseCodec.decode(AbstractHttpResponseCodec.java:45)
	at org.openqa.selenium.remote.HttpCommandExecutor.execute(HttpCommandExecutor.java:164)
	at org.openqa.selenium.remote.service.DriverCommandExecutor.execute(DriverCommandExecutor.java:82)
	at org.openqa.selenium.remote.RemoteWebDriver.execute(RemoteWebDriver.java:641)
	at org.openqa.selenium.remote.RemoteWebDriver.findElement(RemoteWebDriver.java:414)
	at org.openqa.selenium.remote.RemoteWebDriver.findElementByXPath(RemoteWebDriver.java:513)
	at org.openqa.selenium.By$ByXPath.findElement(By.java:361)
	at org.openqa.selenium.remote.RemoteWebDriver.findElement(RemoteWebDriver.java:406)
	at org.openqa.selenium.support.pagefactory.DefaultElementLocator.findElement(DefaultElementLocator.java:69)
	at org.openqa.selenium.support.pagefactory.internal.LocatingElementHandler.invoke(LocatingElementHandler.java:38)
	at com.sun.proxy.$Proxy22.getWrappedElement(Unknown Source)
	at org.openqa.selenium.remote.internal.WebElementToJsonConverter.apply(WebElementToJsonConverter.java:51)
	at com.google.common.collect.Iterators$6.transform(Iterators.java:820)
	at com.google.common.collect.TransformedIterator.next(TransformedIterator.java:48)
	at com.google.common.collect.Iterators.addAll(Iterators.java:373)
	at com.google.common.collect.Lists.newArrayList(Lists.java:165)
	at com.google.common.collect.Lists.newArrayList(Lists.java:150)
	at org.openqa.selenium.remote.RemoteWebDriver.executeScript(RemoteWebDriver.java:575)
	at helpers.GlobalUtil.highlight(GlobalUtil.java:270)
	at helpers.GlobalUtil.hoverMouse(GlobalUtil.java:325)
	at step_definitions.homePage.i_click_on_gifts_sub_category_under_Shop_By_Category(homePage.java:186)
	at ?.When I click on gifts sub category under Shop By Category(features/HomePage.feature:56)
</pre></pre></td>
                                                    </tr>
                                                    <tr>
                                                        <td>Jun 20, 2019 04:18:04 PM</td>
                                                        <td class='linked' test-id='90'>Verify multiple scenarios on MyAccount Page.Verify user is able to add new address,edit and delete it.Verify user is able to add new address,edit and delete it.Then it should display new Addresss</td>
                                                        <td><pre><pre>org.openqa.selenium.NoSuchElementException: no such element: Unable to locate element: {"method":"xpath","selector":"(//div[@class='mz-accountaddressbook-contactdetails mz-addresssummary'])[2]//div"}
  (Session info: chrome=74.0.3729.169)
  (Driver info: chromedriver=2.40.565498 (ea082db3280dd6843ebfb08a625e3eb905c4f5ab),platform=Windows NT 6.1.7601 SP1 x86_64) (WARNING: The server did not provide any stacktrace information)
Command duration or timeout: 0 milliseconds
For documentation on this error, please visit: http://seleniumhq.org/exceptions/no_such_element.html
Build info: version: '3.5.1', revision: '9c21bb67ef', time: '2017-08-17T15:26:08.955Z'
System info: host: 'TRANTOR114', ip: '172.16.254.100', os.name: 'Windows 7', os.arch: 'amd64', os.version: '6.1', java.version: '1.8.0_171'
Driver info: org.openqa.selenium.chrome.ChromeDriver
Capabilities [{mobileEmulationEnabled=false, hasTouchScreen=false, platform=XP, acceptSslCerts=false, acceptInsecureCerts=false, webStorageEnabled=true, browserName=chrome, takesScreenshot=true, javascriptEnabled=true, setWindowRect=true, unexpectedAlertBehaviour=, applicationCacheEnabled=false, rotatable=false, networkConnectionEnabled=false, chrome={chromedriverVersion=2.40.565498 (ea082db3280dd6843ebfb08a625e3eb905c4f5ab), userDataDir=C:\Users\VIBHAV~1.GUP\AppData\Local\Temp\scoped_dir11720_15488}, takesHeapSnapshot=true, pageLoadStrategy=normal, unhandledPromptBehavior=, databaseEnabled=false, handlesAlerts=true, version=74.0.3729.169, browserConnectionEnabled=false, nativeEvents=true, locationContextEnabled=true, cssSelectorsEnabled=true}]
Session ID: 2faeaf067b5221cbef076563b406ad00
*** Element info: {Using=xpath, value=(//div[@class='mz-accountaddressbook-contactdetails mz-addresssummary'])[2]//div}
	at sun.reflect.NativeConstructorAccessorImpl.newInstance0(Native Method)
	at sun.reflect.NativeConstructorAccessorImpl.newInstance(NativeConstructorAccessorImpl.java:62)
	at sun.reflect.DelegatingConstructorAccessorImpl.newInstance(DelegatingConstructorAccessorImpl.java:45)
	at java.lang.reflect.Constructor.newInstance(Constructor.java:423)
	at org.openqa.selenium.remote.ErrorHandler.createThrowable(ErrorHandler.java:215)
	at org.openqa.selenium.remote.ErrorHandler.throwIfResponseFailed(ErrorHandler.java:167)
	at org.openqa.selenium.remote.http.JsonHttpResponseCodec.reconstructValue(JsonHttpResponseCodec.java:40)
	at org.openqa.selenium.remote.http.AbstractHttpResponseCodec.decode(AbstractHttpResponseCodec.java:82)
	at org.openqa.selenium.remote.http.AbstractHttpResponseCodec.decode(AbstractHttpResponseCodec.java:45)
	at org.openqa.selenium.remote.HttpCommandExecutor.execute(HttpCommandExecutor.java:164)
	at org.openqa.selenium.remote.service.DriverCommandExecutor.execute(DriverCommandExecutor.java:82)
	at org.openqa.selenium.remote.RemoteWebDriver.execute(RemoteWebDriver.java:641)
	at org.openqa.selenium.remote.RemoteWebDriver.findElement(RemoteWebDriver.java:414)
	at org.openqa.selenium.remote.RemoteWebDriver.findElementByXPath(RemoteWebDriver.java:513)
	at org.openqa.selenium.By$ByXPath.findElement(By.java:361)
	at org.openqa.selenium.remote.RemoteWebDriver.findElement(RemoteWebDriver.java:406)
	at org.openqa.selenium.support.pagefactory.DefaultElementLocator.findElement(DefaultElementLocator.java:69)
	at org.openqa.selenium.support.pagefactory.internal.LocatingElementHandler.invoke(LocatingElementHandler.java:38)
	at com.sun.proxy.$Proxy22.getWrappedElement(Unknown Source)
	at org.openqa.selenium.remote.internal.WebElementToJsonConverter.apply(WebElementToJsonConverter.java:51)
	at com.google.common.collect.Iterators$6.transform(Iterators.java:820)
	at com.google.common.collect.TransformedIterator.next(TransformedIterator.java:48)
	at com.google.common.collect.Iterators.addAll(Iterators.java:373)
	at com.google.common.collect.Lists.newArrayList(Lists.java:165)
	at com.google.common.collect.Lists.newArrayList(Lists.java:150)
	at org.openqa.selenium.remote.RemoteWebDriver.executeScript(RemoteWebDriver.java:575)
	at helpers.GlobalUtil.highlight(GlobalUtil.java:270)
	at helpers.GlobalUtil.verifyUIText(GlobalUtil.java:249)
	at step_definitions.MyAccount.it_should_display_new_Addresss(MyAccount.java:158)
	at ?.Then it should display new Addresss(features/MyAccount.feature:68)
</pre></pre></td>
                                                    </tr>
                                                    <tr>
                                                        <td>Jun 20, 2019 04:30:38 PM</td>
                                                        <td class='linked' test-id='179'>Verify multiple scenarios on Product List page.Verify filter options are working fine and page gets filter as per selected filter..When I select Weight filter</td>
                                                        <td><pre><pre>org.openqa.selenium.NoSuchElementException: no such element: Unable to locate element: {"method":"xpath","selector":"//p[contains(text(),'Product Weight Size')]"}
  (Session info: chrome=74.0.3729.169)
  (Driver info: chromedriver=2.40.565498 (ea082db3280dd6843ebfb08a625e3eb905c4f5ab),platform=Windows NT 6.1.7601 SP1 x86_64) (WARNING: The server did not provide any stacktrace information)
Command duration or timeout: 0 milliseconds
For documentation on this error, please visit: http://seleniumhq.org/exceptions/no_such_element.html
Build info: version: '3.5.1', revision: '9c21bb67ef', time: '2017-08-17T15:26:08.955Z'
System info: host: 'TRANTOR114', ip: '172.16.254.100', os.name: 'Windows 7', os.arch: 'amd64', os.version: '6.1', java.version: '1.8.0_171'
Driver info: org.openqa.selenium.chrome.ChromeDriver
Capabilities [{mobileEmulationEnabled=false, hasTouchScreen=false, platform=XP, acceptSslCerts=false, acceptInsecureCerts=false, webStorageEnabled=true, browserName=chrome, takesScreenshot=true, javascriptEnabled=true, setWindowRect=true, unexpectedAlertBehaviour=, applicationCacheEnabled=false, rotatable=false, networkConnectionEnabled=false, chrome={chromedriverVersion=2.40.565498 (ea082db3280dd6843ebfb08a625e3eb905c4f5ab), userDataDir=C:\Users\VIBHAV~1.GUP\AppData\Local\Temp\scoped_dir13072_12447}, takesHeapSnapshot=true, pageLoadStrategy=normal, unhandledPromptBehavior=, databaseEnabled=false, handlesAlerts=true, version=74.0.3729.169, browserConnectionEnabled=false, nativeEvents=true, locationContextEnabled=true, cssSelectorsEnabled=true}]
Session ID: 9f39260e0a41da8c19cf564b4b0991f1
*** Element info: {Using=xpath, value=//p[contains(text(),'Product Weight Size')]}
	at sun.reflect.NativeConstructorAccessorImpl.newInstance0(Native Method)
	at sun.reflect.NativeConstructorAccessorImpl.newInstance(NativeConstructorAccessorImpl.java:62)
	at sun.reflect.DelegatingConstructorAccessorImpl.newInstance(DelegatingConstructorAccessorImpl.java:45)
	at java.lang.reflect.Constructor.newInstance(Constructor.java:423)
	at org.openqa.selenium.remote.ErrorHandler.createThrowable(ErrorHandler.java:215)
	at org.openqa.selenium.remote.ErrorHandler.throwIfResponseFailed(ErrorHandler.java:167)
	at org.openqa.selenium.remote.http.JsonHttpResponseCodec.reconstructValue(JsonHttpResponseCodec.java:40)
	at org.openqa.selenium.remote.http.AbstractHttpResponseCodec.decode(AbstractHttpResponseCodec.java:82)
	at org.openqa.selenium.remote.http.AbstractHttpResponseCodec.decode(AbstractHttpResponseCodec.java:45)
	at org.openqa.selenium.remote.HttpCommandExecutor.execute(HttpCommandExecutor.java:164)
	at org.openqa.selenium.remote.service.DriverCommandExecutor.execute(DriverCommandExecutor.java:82)
	at org.openqa.selenium.remote.RemoteWebDriver.execute(RemoteWebDriver.java:641)
	at org.openqa.selenium.remote.RemoteWebDriver.findElement(RemoteWebDriver.java:414)
	at org.openqa.selenium.remote.RemoteWebDriver.findElementByXPath(RemoteWebDriver.java:513)
	at org.openqa.selenium.By$ByXPath.findElement(By.java:361)
	at org.openqa.selenium.remote.RemoteWebDriver.findElement(RemoteWebDriver.java:406)
	at org.openqa.selenium.support.pagefactory.DefaultElementLocator.findElement(DefaultElementLocator.java:69)
	at org.openqa.selenium.support.pagefactory.internal.LocatingElementHandler.invoke(LocatingElementHandler.java:38)
	at com.sun.proxy.$Proxy22.getWrappedElement(Unknown Source)
	at org.openqa.selenium.remote.internal.WebElementToJsonConverter.apply(WebElementToJsonConverter.java:51)
	at com.google.common.collect.Iterators$6.transform(Iterators.java:820)
	at com.google.common.collect.TransformedIterator.next(TransformedIterator.java:48)
	at com.google.common.collect.Iterators.addAll(Iterators.java:373)
	at com.google.common.collect.Lists.newArrayList(Lists.java:165)
	at com.google.common.collect.Lists.newArrayList(Lists.java:150)
	at org.openqa.selenium.remote.RemoteWebDriver.executeScript(RemoteWebDriver.java:575)
	at helpers.GlobalUtil.highlight(GlobalUtil.java:270)
	at helpers.GlobalUtil.clickOnElementUsingJS(GlobalUtil.java:126)
	at step_definitions.productList.i_select_Weight_filter(productList.java:106)
	at ?.When I select Weight filter(features/ProductList.feature:45)
</pre></pre></td>
                                                    </tr>
                                                    <tr>
                                                        <td>Jun 20, 2019 04:32:11 PM</td>
                                                        <td class='linked' test-id='190'>Verify multiple scenarios on Product List page.Verify removing all filters by clicking clear all link.When I select Weight filter</td>
                                                        <td><pre><pre>org.openqa.selenium.NoSuchElementException: no such element: Unable to locate element: {"method":"xpath","selector":"//p[contains(text(),'Product Weight Size')]"}
  (Session info: chrome=74.0.3729.169)
  (Driver info: chromedriver=2.40.565498 (ea082db3280dd6843ebfb08a625e3eb905c4f5ab),platform=Windows NT 6.1.7601 SP1 x86_64) (WARNING: The server did not provide any stacktrace information)
Command duration or timeout: 0 milliseconds
For documentation on this error, please visit: http://seleniumhq.org/exceptions/no_such_element.html
Build info: version: '3.5.1', revision: '9c21bb67ef', time: '2017-08-17T15:26:08.955Z'
System info: host: 'TRANTOR114', ip: '172.16.254.100', os.name: 'Windows 7', os.arch: 'amd64', os.version: '6.1', java.version: '1.8.0_171'
Driver info: org.openqa.selenium.chrome.ChromeDriver
Capabilities [{mobileEmulationEnabled=false, hasTouchScreen=false, platform=XP, acceptSslCerts=false, acceptInsecureCerts=false, webStorageEnabled=true, browserName=chrome, takesScreenshot=true, javascriptEnabled=true, setWindowRect=true, unexpectedAlertBehaviour=, applicationCacheEnabled=false, rotatable=false, networkConnectionEnabled=false, chrome={chromedriverVersion=2.40.565498 (ea082db3280dd6843ebfb08a625e3eb905c4f5ab), userDataDir=C:\Users\VIBHAV~1.GUP\AppData\Local\Temp\scoped_dir11732_32181}, takesHeapSnapshot=true, pageLoadStrategy=normal, unhandledPromptBehavior=, databaseEnabled=false, handlesAlerts=true, version=74.0.3729.169, browserConnectionEnabled=false, nativeEvents=true, locationContextEnabled=true, cssSelectorsEnabled=true}]
Session ID: 6a91ccf96667bbf423ef993f631dc1e8
*** Element info: {Using=xpath, value=//p[contains(text(),'Product Weight Size')]}
	at sun.reflect.NativeConstructorAccessorImpl.newInstance0(Native Method)
	at sun.reflect.NativeConstructorAccessorImpl.newInstance(NativeConstructorAccessorImpl.java:62)
	at sun.reflect.DelegatingConstructorAccessorImpl.newInstance(DelegatingConstructorAccessorImpl.java:45)
	at java.lang.reflect.Constructor.newInstance(Constructor.java:423)
	at org.openqa.selenium.remote.ErrorHandler.createThrowable(ErrorHandler.java:215)
	at org.openqa.selenium.remote.ErrorHandler.throwIfResponseFailed(ErrorHandler.java:167)
	at org.openqa.selenium.remote.http.JsonHttpResponseCodec.reconstructValue(JsonHttpResponseCodec.java:40)
	at org.openqa.selenium.remote.http.AbstractHttpResponseCodec.decode(AbstractHttpResponseCodec.java:82)
	at org.openqa.selenium.remote.http.AbstractHttpResponseCodec.decode(AbstractHttpResponseCodec.java:45)
	at org.openqa.selenium.remote.HttpCommandExecutor.execute(HttpCommandExecutor.java:164)
	at org.openqa.selenium.remote.service.DriverCommandExecutor.execute(DriverCommandExecutor.java:82)
	at org.openqa.selenium.remote.RemoteWebDriver.execute(RemoteWebDriver.java:641)
	at org.openqa.selenium.remote.RemoteWebDriver.findElement(RemoteWebDriver.java:414)
	at org.openqa.selenium.remote.RemoteWebDriver.findElementByXPath(RemoteWebDriver.java:513)
	at org.openqa.selenium.By$ByXPath.findElement(By.java:361)
	at org.openqa.selenium.remote.RemoteWebDriver.findElement(RemoteWebDriver.java:406)
	at org.openqa.selenium.support.pagefactory.DefaultElementLocator.findElement(DefaultElementLocator.java:69)
	at org.openqa.selenium.support.pagefactory.internal.LocatingElementHandler.invoke(LocatingElementHandler.java:38)
	at com.sun.proxy.$Proxy22.getWrappedElement(Unknown Source)
	at org.openqa.selenium.remote.internal.WebElementToJsonConverter.apply(WebElementToJsonConverter.java:51)
	at com.google.common.collect.Iterators$6.transform(Iterators.java:820)
	at com.google.common.collect.TransformedIterator.next(TransformedIterator.java:48)
	at com.google.common.collect.Iterators.addAll(Iterators.java:373)
	at com.google.common.collect.Lists.newArrayList(Lists.java:165)
	at com.google.common.collect.Lists.newArrayList(Lists.java:150)
	at org.openqa.selenium.remote.RemoteWebDriver.executeScript(RemoteWebDriver.java:575)
	at helpers.GlobalUtil.highlight(GlobalUtil.java:270)
	at helpers.GlobalUtil.clickOnElementUsingJS(GlobalUtil.java:126)
	at step_definitions.productList.i_select_Weight_filter(productList.java:106)
	at ?.When I select Weight filter(features/ProductList.feature:55)
</pre></pre></td>
                                                    </tr>
                                        </tbody>
                                    </table>
                                </div>
                            </div>
                        </li>
                        <li class='exception displayed active'>
                            <div class='exception-heading'>
                                <span class='exception-name'>org.openqa.selenium.TimeoutException</span>
                                <span class='exception-count right'><span class='label red lighten-1 white-text'>3</span></span>
                            </div>
                            <div class='exception-content hide'>
                                <div class='exception-tests'>
                                    <table class='bordered table-results'>
                                        <thead>
                                        <tr>
                                            <th>Timestamp</th>
                                            <th>TestName</th>
                                            <th>Status</th>
                                        </tr>
                                        </thead>
                                        <tbody>
                                                    <tr>
                                                        <td>Jun 20, 2019 04:15:46 PM</td>
                                                        <td class='linked' test-id='68'>Verify multiple scenarios on Home Page.Verify all footer links are working and on clicking links user is redirected to specific page.When I click on Contact us</td>
                                                        <td><pre><textarea>org.openqa.selenium.TimeoutException: Expected condition failed: waiting for visibility of [[ChromeDriver: chrome on XP (50b49ba8b79788eca74d749ca319ebc4)] -> xpath: //a[contains(text(),'Contact Us')]] (tried for 30 second(s) with 500 MILLISECONDS interval)
Build info: version: '3.5.1', revision: '9c21bb67ef', time: '2017-08-17T15:26:08.955Z'
System info: host: 'TRANTOR114', ip: '172.16.254.100', os.name: 'Windows 7', os.arch: 'amd64', os.version: '6.1', java.version: '1.8.0_171'
Driver info: org.openqa.selenium.chrome.ChromeDriver
Capabilities [{mobileEmulationEnabled=false, hasTouchScreen=false, platform=XP, acceptSslCerts=false, acceptInsecureCerts=false, webStorageEnabled=true, browserName=chrome, takesScreenshot=true, javascriptEnabled=true, setWindowRect=true, unexpectedAlertBehaviour=, applicationCacheEnabled=false, rotatable=false, networkConnectionEnabled=false, chrome={chromedriverVersion=2.40.565498 (ea082db3280dd6843ebfb08a625e3eb905c4f5ab), userDataDir=C:\Users\VIBHAV~1.GUP\AppData\Local\Temp\scoped_dir8456_9873}, takesHeapSnapshot=true, pageLoadStrategy=normal, unhandledPromptBehavior=, databaseEnabled=false, handlesAlerts=true, version=74.0.3729.169, browserConnectionEnabled=false, nativeEvents=true, locationContextEnabled=true, cssSelectorsEnabled=true}]
Session ID: 50b49ba8b79788eca74d749ca319ebc4
	at org.openqa.selenium.support.ui.WebDriverWait.timeoutException(WebDriverWait.java:80)
	at org.openqa.selenium.support.ui.FluentWait.until(FluentWait.java:232)
	at helpers.GlobalUtil.waitForElementToBeClickable(GlobalUtil.java:112)
	at helpers.GlobalUtil.clickOnElementUsingJS(GlobalUtil.java:127)
	at step_definitions.homePage.i_click_on_Contact_us(homePage.java:200)
	at ?.When I click on Contact us(features/HomePage.feature:61)
</textarea></pre></td>
                                                    </tr>
                                                    <tr>
                                                        <td>Jun 20, 2019 04:21:47 PM</td>
                                                        <td class='linked' test-id='120'>Verify multiple scenarios on MyAccount Page.Verify on clicking product name in detail section of order it redirects to product page.Verify on clicking product name in detail section of order it redirects to product page.When i click on product name in detail section</td>
                                                        <td><pre><textarea>org.openqa.selenium.TimeoutException: Expected condition failed: waiting for visibility of [[ChromeDriver: chrome on XP (18de280aefef50ae1723ac0e055a2dc5)] -> xpath: //a[@class='mz-itemlisting-title col-xs-9 col-sm-7 detail-data']] (tried for 30 second(s) with 500 MILLISECONDS interval)
Build info: version: '3.5.1', revision: '9c21bb67ef', time: '2017-08-17T15:26:08.955Z'
System info: host: 'TRANTOR114', ip: '172.16.254.100', os.name: 'Windows 7', os.arch: 'amd64', os.version: '6.1', java.version: '1.8.0_171'
Driver info: org.openqa.selenium.chrome.ChromeDriver
Capabilities [{mobileEmulationEnabled=false, hasTouchScreen=false, platform=XP, acceptSslCerts=false, acceptInsecureCerts=false, webStorageEnabled=true, browserName=chrome, takesScreenshot=true, javascriptEnabled=true, setWindowRect=true, unexpectedAlertBehaviour=, applicationCacheEnabled=false, rotatable=false, networkConnectionEnabled=false, chrome={chromedriverVersion=2.40.565498 (ea082db3280dd6843ebfb08a625e3eb905c4f5ab), userDataDir=C:\Users\VIBHAV~1.GUP\AppData\Local\Temp\scoped_dir11028_2601}, takesHeapSnapshot=true, pageLoadStrategy=normal, unhandledPromptBehavior=, databaseEnabled=false, handlesAlerts=true, version=74.0.3729.169, browserConnectionEnabled=false, nativeEvents=true, locationContextEnabled=true, cssSelectorsEnabled=true}]
Session ID: 18de280aefef50ae1723ac0e055a2dc5
	at org.openqa.selenium.support.ui.WebDriverWait.timeoutException(WebDriverWait.java:80)
	at org.openqa.selenium.support.ui.FluentWait.until(FluentWait.java:232)
	at helpers.GlobalUtil.waitForElementToBeClickable(GlobalUtil.java:112)
	at helpers.GlobalUtil.clickOnElementUsingJS(GlobalUtil.java:127)
	at step_definitions.MyAccount.i_click_on_product_name_in_detail_section(MyAccount.java:244)
	at ?.When i click on product name in detail section(features/MyAccount.feature:124)
</textarea></pre></td>
                                                    </tr>
                                                    <tr>
                                                        <td>Jun 20, 2019 04:33:49 PM</td>
                                                        <td class='linked' test-id='200'>Verify multiple scenarios on Quick Shop.Verify accordion on click to quickshop button.When I click on Quick Shop button</td>
                                                        <td><pre><textarea>org.openqa.selenium.TimeoutException: Expected condition failed: waiting for visibility of [[ChromeDriver: chrome on XP (3cf7465a4d9a6e1d2b9a08b06da20d2d)] -> xpath: (//span[contains(text(),'Quick Shop')])[1]] (tried for 30 second(s) with 500 MILLISECONDS interval)
Build info: version: '3.5.1', revision: '9c21bb67ef', time: '2017-08-17T15:26:08.955Z'
System info: host: 'TRANTOR114', ip: '172.16.254.100', os.name: 'Windows 7', os.arch: 'amd64', os.version: '6.1', java.version: '1.8.0_171'
Driver info: org.openqa.selenium.chrome.ChromeDriver
Capabilities [{mobileEmulationEnabled=false, hasTouchScreen=false, platform=XP, acceptSslCerts=false, acceptInsecureCerts=false, webStorageEnabled=true, browserName=chrome, takesScreenshot=true, javascriptEnabled=true, setWindowRect=true, unexpectedAlertBehaviour=, applicationCacheEnabled=false, rotatable=false, networkConnectionEnabled=false, chrome={chromedriverVersion=2.40.565498 (ea082db3280dd6843ebfb08a625e3eb905c4f5ab), userDataDir=C:\Users\VIBHAV~1.GUP\AppData\Local\Temp\scoped_dir11736_31392}, takesHeapSnapshot=true, pageLoadStrategy=normal, unhandledPromptBehavior=, databaseEnabled=false, handlesAlerts=true, version=74.0.3729.169, browserConnectionEnabled=false, nativeEvents=true, locationContextEnabled=true, cssSelectorsEnabled=true}]
Session ID: 3cf7465a4d9a6e1d2b9a08b06da20d2d
	at org.openqa.selenium.support.ui.WebDriverWait.timeoutException(WebDriverWait.java:80)
	at org.openqa.selenium.support.ui.FluentWait.until(FluentWait.java:232)
	at helpers.GlobalUtil.waitForElementToBeClickable(GlobalUtil.java:112)
	at helpers.GlobalUtil.clickOnElementUsingJS(GlobalUtil.java:127)
	at step_definitions.QuickShop.i_click_on_Quick_Shop_button(QuickShop.java:48)
	at ?.When I click on Quick Shop button(features/QuickShop.feature:11)
</textarea></pre></td>
                                                    </tr>
                                        </tbody>
                                    </table>
                                </div>
                            </div>
                        </li>
                        <li class='exception displayed active'>
                            <div class='exception-heading'>
                                <span class='exception-name'>java.lang.NullPointerException</span>
                                <span class='exception-count right'><span class='label red lighten-1 white-text'>1</span></span>
                            </div>
                            <div class='exception-content hide'>
                                <div class='exception-tests'>
                                    <table class='bordered table-results'>
                                        <thead>
                                        <tr>
                                            <th>Timestamp</th>
                                            <th>TestName</th>
                                            <th>Status</th>
                                        </tr>
                                        </thead>
                                        <tbody>
                                                    <tr>
                                                        <td>Jun 20, 2019 04:29:09 PM</td>
                                                        <td class='linked' test-id='171'>Verify multiple scenarios on Product Detail Page.Verify customize button does not display if inventory is zero for customize products.When I navigate to zero inventory customized product</td>
                                                        <td><pre><textarea>java.lang.NullPointerException: null value in entry: url=null
	at com.google.common.collect.CollectPreconditions.checkEntryNotNull(CollectPreconditions.java:34)
	at com.google.common.collect.SingletonImmutableBiMap.<init>(SingletonImmutableBiMap.java:42)
	at com.google.common.collect.ImmutableBiMap.of(ImmutableBiMap.java:73)
	at com.google.common.collect.ImmutableMap.of(ImmutableMap.java:123)
	at org.openqa.selenium.remote.RemoteWebDriver.get(RemoteWebDriver.java:368)
	at org.openqa.selenium.remote.RemoteWebDriver$RemoteNavigation.to(RemoteWebDriver.java:949)
	at helpers.GlobalUtil.navigateToURL(GlobalUtil.java:282)
	at step_definitions.ProductDetailPage.i_navigate_to_zero_inventory_customized_product(ProductDetailPage.java:114)
	at ?.When I navigate to zero inventory customized product(features/ProductDetailPage.feature:37)
</textarea></pre></td>
                                                    </tr>
                                        </tbody>
                                    </table>
                                </div>
                            </div>
                        </li>
                </ul>
        </div>
    </div>

    <div class='subview-right left'>
        <div class='view-summary'>
            <h5 class='exception-name'></h5>
        </div>
    </div>
</div>
<!-- exception view -->
<div id='dashboard-view' class='view hide'>
	<div class='card-panel transparent np-v'>
		<h5>Dashboard</h5>

		<div class='row'>
			<div class='col s2'>
				<div class='card-panel r'>
					Features
					<div class='panel-lead'>8</div>
				</div>
			</div>
			<div class='col s2'>
				<div class='card-panel r'>
					Scenarios
					<div class='panel-lead'>18</div>
				</div>
			</div>
			<div class='col s2'>
				<div class='card-panel r'>
					Steps
					<div class='panel-lead'>190</div>
				</div>
			</div>
			<div class='col s2'>
				<div class='card-panel r'>
					Start
					<div class='panel-lead'>Jun 20, 2019 04:05:09 PM</div>
				</div>
			</div>
			<div class='col s2'>
				<div class='card-panel r'>
			 		End
			 		<div class='panel-lead'>Jun 20, 2019 04:38:16 PM</div>
				</div>
			</div>
			<div class='col s2'>
				<div class='card-panel r'>
					Time Taken
					<div class='panel-lead'>1,987,338ms</div>
				</div>
			</div>
			<div class='col s4'>
				<div class='card-panel environment'>
					<span class='right label cyan white-text'>Environment</span><p>&nbsp;</p>
					
					<table>
						<tr>
							<th>Name</th>
							<th>Value</th>
						</tr>
							<tr>
								<td>user</td>
								<td>vibhav.gupta</td>
							</tr>
							<tr>
								<td>os</td>
								<td>Windows 7</td>
							</tr>
					</table>
				</div>
			</div>
			<div class='col s4'>
				<div class='card-panel'>
					<span class='right label cyan white-text'>Categories</span><p>&nbsp;</p>
					
					<table>
						<tr>
							<th>Name</th>
							<th>Passed</th>
							<th>Failed</th>
							<th>Others</th>
						</tr>
						<tr>
							<td>@Cart</td>
							<td>0</td>
							<td>1</td>
							<td>0</td>
						</tr>
						<tr>
							<td>@P1</td>
							<td>4</td>
							<td>14</td>
							<td>0</td>
						</tr>
						<tr>
							<td>@P1US</td>
							<td>3</td>
							<td>6</td>
							<td>0</td>
						</tr>
						<tr>
							<td>@Fluid</td>
							<td>0</td>
							<td>2</td>
							<td>0</td>
						</tr>
						<tr>
							<td>@HomePage</td>
							<td>0</td>
							<td>4</td>
							<td>0</td>
						</tr>
						<tr>
							<td>@MyAccount</td>
							<td>1</td>
							<td>2</td>
							<td>0</td>
						</tr>
						<tr>
							<td>@OrderConfirmation</td>
							<td>1</td>
							<td>1</td>
							<td>0</td>
						</tr>
						<tr>
							<td>@PDP</td>
							<td>0</td>
							<td>1</td>
							<td>0</td>
						</tr>
						<tr>
							<td>@ProductList</td>
							<td>0</td>
							<td>2</td>
							<td>0</td>
						</tr>
						<tr>
							<td>@QuickShop</td>
							<td>2</td>
							<td>1</td>
							<td>0</td>
						</tr>
					</table>
				</div>
			</div>
		</div>
	</div>
</div>
<!-- dashboard view -->
<div id='testrunner-logs-view' class='view hide'>
	<div class='card-panel transparent np-v'>
		<h5>TestRunner Logs</h5>
		
		<div class='card-panel'>
				Output
		</div>
	</div>
</div>
<!-- testrunner-logs view -->
		</div>
		<!-- container -->

		<script>
			var statusGroup = {
				passParent: 0,
				failParent: 8,
				fatalParent: 0,
				errorParent: 0,
				warningParent: 0,
				skipParent: 0,
				exceptionsParent: 8,
				
				passChild: 4,
				failChild: 14,
				fatalChild: 0,
				errorChild: 0,
				warningChild: 0,
				skipChild: 0,
				infoChild: 0,
				exceptionsChild: 14,
				
				passGrandChild: 127,
				failGrandChild: 14,
				fatalGrandChild: 0,
				errorGrandChild: 0,
				warningGrandChild: 0,
				skipGrandChild: 49,
				infoGrandChild: 0,
				exceptionsGrandChild: 63,
			};
		</script>
		
			<script src='https://cdn.rawgit.com/anshooarora/extentreports-java/5ed7b0c339b51aa347b44ccaa2e2ff29905b2f9f/dist/js/extent.js' type='text/javascript'></script>
		
		
	</body>
	
</html>
