<?xml version="1.0" encoding="UTF-8"?>
<!-- Generated by org.testng.reporters.JUnitXMLReporter -->
<testsuite hostname="TRANTOR114" name="Surefire test" tests="1" failures="1" timestamp="16 May 2019 09:54:52 GMT" time="342.896" errors="0">
  <testcase name="feature" time="311.625" classname="step_definitions.USP1RunnerTest">
    <failure type="cucumber.runtime.CucumberException" message="java.lang.AssertionError: Tax &amp;amp; Shipping Calculated at Checkout is not present">
      <![CDATA[cucumber.runtime.CucumberException: java.lang.AssertionError: Tax & Shipping Calculated at Checkout is not present
	at cucumber.api.testng.TestNGCucumberRunner.runCucumber(TestNGCucumberRunner.java:69)
	at cucumber.api.testng.AbstractTestNGCucumberTests.feature(AbstractTestNGCucumberTests.java:21)
Caused by: java.lang.AssertionError: Tax & Shipping Calculated at Checkout is not present
	at org.junit.Assert.fail(Assert.java:93)
	at org.junit.Assert.assertTrue(Assert.java:43)
	at step_definitions.Cart.tax_Shipping_Calculated_at_Checkout_is_present(Cart.java:146)
	at âœ½.Then Tax & Shipping Calculated at Checkout is present(features/Cart.feature:78)
... Removed 28 stack frames]]>
    </failure>
  </testcase> <!-- feature -->
</testsuite> <!-- Surefire test -->
