<?xml version="1.0" encoding="UTF-8"?>
<!-- Generated by org.testng.reporters.JUnitXMLReporter -->
<testsuite hostname="TRANTOR114" name="Cucumeber Test" tests="1" failures="1" timestamp="24 May 2019 09:18:03 GMT" time="641.015" errors="0">
  <testcase name="feature" time="639.605" classname="step_definitions.OrderConfimationTest">
    <failure type="cucumber.runtime.CucumberException" message="java.lang.AssertionError: Order confirmation page is not displayed.">
      <![CDATA[cucumber.runtime.CucumberException: java.lang.AssertionError: Order confirmation page is not displayed.
	at cucumber.api.testng.TestNGCucumberRunner.runCucumber(TestNGCucumberRunner.java:69)
	at cucumber.api.testng.AbstractTestNGCucumberTests.feature(AbstractTestNGCucumberTests.java:21)
	at java.util.concurrent.ThreadPoolExecutor.runWorker(ThreadPoolExecutor.java:1149)
	at java.util.concurrent.ThreadPoolExecutor$Worker.run(ThreadPoolExecutor.java:624)
	at java.lang.Thread.run(Thread.java:748)
Caused by: java.lang.AssertionError: Order confirmation page is not displayed.
	at org.junit.Assert.fail(Assert.java:93)
	at org.junit.Assert.assertTrue(Assert.java:43)
	at step_definitions.Checkout.order_gets_placed_successfully(Checkout.java:327)
	at âœ½.Then Order gets placed successfully(features/OrderConfirmation.feature:43)
... Removed 10 stack frames]]>
    </failure>
  </testcase> <!-- feature -->
</testsuite> <!-- Cucumeber Test -->
