<?xml version="1.0" encoding="UTF-8"?>
<!-- Generated by org.testng.reporters.JUnitReportReporter -->
<testsuite hostname="TRANTOR114" name="step_definitions.OrderConfimationTest" tests="1" failures="0" timestamp="24 May 2019 09:18:03 GMT" time="639.605" errors="1">
  <testcase name="feature" time="639.605" classname="step_definitions.OrderConfimationTest">
    <error type="cucumber.runtime.CucumberException" message="java.lang.AssertionError: Order confirmation page is not displayed.">
      <![CDATA[cucumber.runtime.CucumberException: java.lang.AssertionError: Order confirmation page is not displayed.
	at cucumber.api.testng.TestNGCucumberRunner.runCucumber(TestNGCucumberRunner.java:69)
	at cucumber.api.testng.AbstractTestNGCucumberTests.feature(AbstractTestNGCucumberTests.java:21)
	at sun.reflect.NativeMethodAccessorImpl.invoke0(Native Method)
	at sun.reflect.NativeMethodAccessorImpl.invoke(NativeMethodAccessorImpl.java:62)
	at sun.reflect.DelegatingMethodAccessorImpl.invoke(DelegatingMethodAccessorImpl.java:43)
	at java.lang.reflect.Method.invoke(Method.java:498)
	at org.testng.internal.MethodInvocationHelper.invokeMethod(MethodInvocationHelper.java:86)
	at org.testng.internal.Invoker.invokeMethod(Invoker.java:643)
	at org.testng.internal.Invoker.invokeTestMethod(Invoker.java:820)
	at org.testng.internal.Invoker.invokeTestMethods(Invoker.java:1128)
	at org.testng.internal.TestMethodWorker.invokeTestMethods(TestMethodWorker.java:129)
	at org.testng.internal.TestMethodWorker.run(TestMethodWorker.java:112)
	at java.util.concurrent.ThreadPoolExecutor.runWorker(ThreadPoolExecutor.java:1149)
	at java.util.concurrent.ThreadPoolExecutor$Worker.run(ThreadPoolExecutor.java:624)
	at java.lang.Thread.run(Thread.java:748)
Caused by: java.lang.AssertionError: Order confirmation page is not displayed.
	at org.junit.Assert.fail(Assert.java:93)
	at org.junit.Assert.assertTrue(Assert.java:43)
	at step_definitions.Checkout.order_gets_placed_successfully(Checkout.java:327)
	at âœ½.Then Order gets placed successfully(features/OrderConfirmation.feature:43)
]]>
    </error>
  </testcase> <!-- feature -->
</testsuite> <!-- step_definitions.OrderConfimationTest -->
